running egg_info
writing ../../build/rp2/rp2.egg-info/PKG-INFO
writing dependency_links to ../../build/rp2/rp2.egg-info/dependency_links.txt
writing entry points to ../../build/rp2/rp2.egg-info/entry_points.txt
writing requirements to ../../build/rp2/rp2.egg-info/requires.txt
writing top-level names to ../../build/rp2/rp2.egg-info/top_level.txt
reading manifest file '../../build/rp2/rp2.egg-info/SOURCES.txt'
adding license file 'LICENSE'
writing manifest file '../../build/rp2/rp2.egg-info/SOURCES.txt'
running build
running build_py
copying rp2/node2.py -> /home/kiki/ros2_rop/build/rp2/build/lib/rp2
running install
running install_lib
copying /home/kiki/ros2_rop/build/rp2/build/lib/rp2/node2.py -> /home/kiki/ros2_rop/install/rp2/lib/python3.10/site-packages/rp2
byte-compiling /home/kiki/ros2_rop/install/rp2/lib/python3.10/site-packages/rp2/node2.py to node2.cpython-310.pyc
running install_data
running install_egg_info
removing '/home/kiki/ros2_rop/install/rp2/lib/python3.10/site-packages/rp2-0.0.0-py3.10.egg-info' (and everything under it)
Copying ../../build/rp2/rp2.egg-info to /home/kiki/ros2_rop/install/rp2/lib/python3.10/site-packages/rp2-0.0.0-py3.10.egg-info
running install_scripts
Installing node1 script to /home/kiki/ros2_rop/install/rp2/lib/rp2
Installing node2 script to /home/kiki/ros2_rop/install/rp2/lib/rp2
writing list of installed files to '/home/kiki/ros2_rop/build/rp2/install.log'
