[0.526s] Invoking command in '/home/kiki/ros2_rop/src/rp2': AMENT_PREFIX_PATH=/home/kiki/ros2_rop/install/rp2_inter:${AMENT_PREFIX_PATH} CMAKE_PREFIX_PATH=/home/kiki/ros2_rop/install/rp2_inter:${CMAKE_PREFIX_PATH} LD_LIBRARY_PATH=/home/kiki/ros2_rop/install/rp2_inter/lib:${LD_LIBRARY_PATH} PYTHONPATH=/home/kiki/ros2_rop/build/rp2/prefix_override:/home/kiki/ros2_rop/install/rp2/lib/python3.10/site-packages:/home/kiki/ros2_rop/install/rp2_inter/local/lib/python3.10/dist-packages:${PYTHONPATH} /usr/bin/python3 -W ignore:setup.py install is deprecated setup.py egg_info --egg-base ../../build/rp2 build --build-base /home/kiki/ros2_rop/build/rp2/build install --record /home/kiki/ros2_rop/build/rp2/install.log --single-version-externally-managed install_data
[0.728s] running egg_info
[0.729s] writing ../../build/rp2/rp2.egg-info/PKG-INFO
[0.729s] writing dependency_links to ../../build/rp2/rp2.egg-info/dependency_links.txt
[0.729s] writing entry points to ../../build/rp2/rp2.egg-info/entry_points.txt
[0.729s] writing requirements to ../../build/rp2/rp2.egg-info/requires.txt
[0.729s] writing top-level names to ../../build/rp2/rp2.egg-info/top_level.txt
[0.731s] reading manifest file '../../build/rp2/rp2.egg-info/SOURCES.txt'
[0.731s] adding license file 'LICENSE'
[0.732s] writing manifest file '../../build/rp2/rp2.egg-info/SOURCES.txt'
[0.732s] running build
[0.732s] running build_py
[0.732s] copying rp2/node2.py -> /home/kiki/ros2_rop/build/rp2/build/lib/rp2
[0.732s] running install
[0.732s] running install_lib
[0.733s] copying /home/kiki/ros2_rop/build/rp2/build/lib/rp2/node2.py -> /home/kiki/ros2_rop/install/rp2/lib/python3.10/site-packages/rp2
[0.734s] byte-compiling /home/kiki/ros2_rop/install/rp2/lib/python3.10/site-packages/rp2/node2.py to node2.cpython-310.pyc
[0.734s] running install_data
[0.735s] running install_egg_info
[0.736s] removing '/home/kiki/ros2_rop/install/rp2/lib/python3.10/site-packages/rp2-0.0.0-py3.10.egg-info' (and everything under it)
[0.736s] Copying ../../build/rp2/rp2.egg-info to /home/kiki/ros2_rop/install/rp2/lib/python3.10/site-packages/rp2-0.0.0-py3.10.egg-info
[0.737s] running install_scripts
[0.754s] Installing node1 script to /home/kiki/ros2_rop/install/rp2/lib/rp2
[0.754s] Installing node2 script to /home/kiki/ros2_rop/install/rp2/lib/rp2
[0.754s] writing list of installed files to '/home/kiki/ros2_rop/build/rp2/install.log'
[0.774s] Invoked command in '/home/kiki/ros2_rop/src/rp2' returned '0': AMENT_PREFIX_PATH=/home/kiki/ros2_rop/install/rp2_inter:${AMENT_PREFIX_PATH} CMAKE_PREFIX_PATH=/home/kiki/ros2_rop/install/rp2_inter:${CMAKE_PREFIX_PATH} LD_LIBRARY_PATH=/home/kiki/ros2_rop/install/rp2_inter/lib:${LD_LIBRARY_PATH} PYTHONPATH=/home/kiki/ros2_rop/build/rp2/prefix_override:/home/kiki/ros2_rop/install/rp2/lib/python3.10/site-packages:/home/kiki/ros2_rop/install/rp2_inter/local/lib/python3.10/dist-packages:${PYTHONPATH} /usr/bin/python3 -W ignore:setup.py install is deprecated setup.py egg_info --egg-base ../../build/rp2 build --build-base /home/kiki/ros2_rop/build/rp2/build install --record /home/kiki/ros2_rop/build/rp2/install.log --single-version-externally-managed install_data
