[0.010s] Invoking command in '/home/kiki/ros2_rop/build/rp2_inter': CMAKE_PREFIX_PATH=${CMAKE_PREFIX_PATH}:/home/kiki/ros2_rop/install/rp2:/home/kiki/turtlebot3_ws/install/turtlebot3_teleop:/home/kiki/turtlebot3_ws/install/turtlebot3_example:/opt/ros/humble /usr/bin/cmake --build /home/kiki/ros2_rop/build/rp2_inter -- -j16 -l16
[0.056s] [  2%] Built target rp2_inter__cpp
[0.056s] [ 12%] Built target rp2_inter__rosidl_generator_c
[0.066s] [ 12%] Built target ament_cmake_python_copy_rp2_inter
[0.076s] [ 23%] Built target rp2_inter__rosidl_typesupport_introspection_c
[0.076s] [ 42%] Built target rp2_inter__rosidl_typesupport_c
[0.076s] [ 44%] Built target rp2_inter__rosidl_typesupport_cpp
[0.076s] [ 55%] Built target rp2_inter__rosidl_typesupport_introspection_cpp
[0.076s] [ 72%] Built target rp2_inter__rosidl_typesupport_fastrtps_c
[0.077s] [ 76%] Built target rp2_inter__rosidl_typesupport_fastrtps_cpp
[0.095s] [ 76%] Built target rp2_inter
[0.116s] [ 78%] Built target rp2_inter__py
[0.141s] [ 87%] Built target rp2_inter__rosidl_generator_py
[0.162s] [100%] Built target rp2_inter__rosidl_typesupport_c__pyext
[0.162s] [100%] Built target rp2_inter__rosidl_typesupport_introspection_c__pyext
[0.162s] [100%] Built target rp2_inter__rosidl_typesupport_fastrtps_c__pyext
[0.264s] running egg_info
[0.264s] writing rp2_inter.egg-info/PKG-INFO
[0.264s] writing dependency_links to rp2_inter.egg-info/dependency_links.txt
[0.264s] writing top-level names to rp2_inter.egg-info/top_level.txt
[0.266s] reading manifest file 'rp2_inter.egg-info/SOURCES.txt'
[0.266s] writing manifest file 'rp2_inter.egg-info/SOURCES.txt'
[0.287s] [100%] Built target ament_cmake_python_build_rp2_inter_egg
[0.297s] Invoked command in '/home/kiki/ros2_rop/build/rp2_inter' returned '0': CMAKE_PREFIX_PATH=${CMAKE_PREFIX_PATH}:/home/kiki/ros2_rop/install/rp2:/home/kiki/turtlebot3_ws/install/turtlebot3_teleop:/home/kiki/turtlebot3_ws/install/turtlebot3_example:/opt/ros/humble /usr/bin/cmake --build /home/kiki/ros2_rop/build/rp2_inter -- -j16 -l16
[0.411s] Invoking command in '/home/kiki/ros2_rop/build/rp2_inter': CMAKE_PREFIX_PATH=${CMAKE_PREFIX_PATH}:/home/kiki/ros2_rop/install/rp2:/home/kiki/turtlebot3_ws/install/turtlebot3_teleop:/home/kiki/turtlebot3_ws/install/turtlebot3_example:/opt/ros/humble /usr/bin/cmake --install /home/kiki/ros2_rop/build/rp2_inter
[0.418s] -- Install configuration: ""
[0.418s] -- Up-to-date: /home/kiki/ros2_rop/install/rp2_inter/share/ament_index/resource_index/rosidl_interfaces/rp2_inter
[0.418s] -- Up-to-date: /home/kiki/ros2_rop/install/rp2_inter/include/rp2_inter/rp2_inter
[0.418s] -- Up-to-date: /home/kiki/ros2_rop/install/rp2_inter/include/rp2_inter/rp2_inter/msg
[0.418s] -- Up-to-date: /home/kiki/ros2_rop/install/rp2_inter/include/rp2_inter/rp2_inter/msg/uid.h
[0.418s] -- Up-to-date: /home/kiki/ros2_rop/install/rp2_inter/include/rp2_inter/rp2_inter/msg/detail
[0.418s] -- Up-to-date: /home/kiki/ros2_rop/install/rp2_inter/include/rp2_inter/rp2_inter/msg/detail/uid__functions.h
[0.418s] -- Up-to-date: /home/kiki/ros2_rop/install/rp2_inter/include/rp2_inter/rp2_inter/msg/detail/uid__functions.c
[0.418s] -- Up-to-date: /home/kiki/ros2_rop/install/rp2_inter/include/rp2_inter/rp2_inter/msg/detail/uid__struct.h
[0.418s] -- Up-to-date: /home/kiki/ros2_rop/install/rp2_inter/include/rp2_inter/rp2_inter/msg/detail/uid__type_support.h
[0.419s] -- Up-to-date: /home/kiki/ros2_rop/install/rp2_inter/include/rp2_inter/rp2_inter/msg/rosidl_generator_c__visibility_control.h
[0.419s] -- Up-to-date: /home/kiki/ros2_rop/install/rp2_inter/include/rp2_inter/rp2_inter/action
[0.419s] -- Up-to-date: /home/kiki/ros2_rop/install/rp2_inter/include/rp2_inter/rp2_inter/action/detail
[0.419s] -- Up-to-date: /home/kiki/ros2_rop/install/rp2_inter/include/rp2_inter/rp2_inter/action/detail/add_digit__functions.c
[0.419s] -- Up-to-date: /home/kiki/ros2_rop/install/rp2_inter/include/rp2_inter/rp2_inter/action/detail/add_digit__functions.h
[0.419s] -- Up-to-date: /home/kiki/ros2_rop/install/rp2_inter/include/rp2_inter/rp2_inter/action/detail/add_digit__type_support.h
[0.419s] -- Up-to-date: /home/kiki/ros2_rop/install/rp2_inter/include/rp2_inter/rp2_inter/action/detail/add_digit__struct.h
[0.419s] -- Up-to-date: /home/kiki/ros2_rop/install/rp2_inter/include/rp2_inter/rp2_inter/action/add_digit.h
[0.419s] -- Up-to-date: /home/kiki/ros2_rop/install/rp2_inter/include/rp2_inter/rp2_inter/srv
[0.419s] -- Up-to-date: /home/kiki/ros2_rop/install/rp2_inter/include/rp2_inter/rp2_inter/srv/detail
[0.419s] -- Up-to-date: /home/kiki/ros2_rop/install/rp2_inter/include/rp2_inter/rp2_inter/srv/detail/multy__functions.c
[0.419s] -- Up-to-date: /home/kiki/ros2_rop/install/rp2_inter/include/rp2_inter/rp2_inter/srv/detail/multy__struct.h
[0.419s] -- Up-to-date: /home/kiki/ros2_rop/install/rp2_inter/include/rp2_inter/rp2_inter/srv/detail/multy__functions.h
[0.419s] -- Up-to-date: /home/kiki/ros2_rop/install/rp2_inter/include/rp2_inter/rp2_inter/srv/detail/multy__type_support.h
[0.419s] -- Up-to-date: /home/kiki/ros2_rop/install/rp2_inter/include/rp2_inter/rp2_inter/srv/multy.h
[0.420s] -- Up-to-date: /home/kiki/ros2_rop/install/rp2_inter/share/rp2_inter/environment/library_path.sh
[0.420s] -- Up-to-date: /home/kiki/ros2_rop/install/rp2_inter/share/rp2_inter/environment/library_path.dsv
[0.420s] -- Up-to-date: /home/kiki/ros2_rop/install/rp2_inter/lib/librp2_inter__rosidl_generator_c.so
[0.420s] -- Up-to-date: /home/kiki/ros2_rop/install/rp2_inter/include/rp2_inter/rp2_inter
[0.420s] -- Up-to-date: /home/kiki/ros2_rop/install/rp2_inter/include/rp2_inter/rp2_inter/msg
[0.420s] -- Up-to-date: /home/kiki/ros2_rop/install/rp2_inter/include/rp2_inter/rp2_inter/msg/rosidl_typesupport_fastrtps_c__visibility_control.h
[0.420s] -- Up-to-date: /home/kiki/ros2_rop/install/rp2_inter/include/rp2_inter/rp2_inter/msg/detail
[0.420s] -- Up-to-date: /home/kiki/ros2_rop/install/rp2_inter/include/rp2_inter/rp2_inter/msg/detail/uid__rosidl_typesupport_fastrtps_c.h
[0.420s] -- Up-to-date: /home/kiki/ros2_rop/install/rp2_inter/include/rp2_inter/rp2_inter/action
[0.420s] -- Up-to-date: /home/kiki/ros2_rop/install/rp2_inter/include/rp2_inter/rp2_inter/action/detail
[0.420s] -- Up-to-date: /home/kiki/ros2_rop/install/rp2_inter/include/rp2_inter/rp2_inter/action/detail/add_digit__rosidl_typesupport_fastrtps_c.h
[0.420s] -- Up-to-date: /home/kiki/ros2_rop/install/rp2_inter/include/rp2_inter/rp2_inter/srv
[0.420s] -- Up-to-date: /home/kiki/ros2_rop/install/rp2_inter/include/rp2_inter/rp2_inter/srv/detail
[0.420s] -- Up-to-date: /home/kiki/ros2_rop/install/rp2_inter/include/rp2_inter/rp2_inter/srv/detail/multy__rosidl_typesupport_fastrtps_c.h
[0.420s] -- Up-to-date: /home/kiki/ros2_rop/install/rp2_inter/lib/librp2_inter__rosidl_typesupport_fastrtps_c.so
[0.421s] -- Up-to-date: /home/kiki/ros2_rop/install/rp2_inter/include/rp2_inter/rp2_inter
[0.421s] -- Up-to-date: /home/kiki/ros2_rop/install/rp2_inter/include/rp2_inter/rp2_inter/msg
[0.421s] -- Up-to-date: /home/kiki/ros2_rop/install/rp2_inter/include/rp2_inter/rp2_inter/msg/detail
[0.421s] -- Up-to-date: /home/kiki/ros2_rop/install/rp2_inter/include/rp2_inter/rp2_inter/msg/detail/uid__rosidl_typesupport_introspection_c.h
[0.421s] -- Up-to-date: /home/kiki/ros2_rop/install/rp2_inter/include/rp2_inter/rp2_inter/msg/detail/uid__type_support.c
[0.421s] -- Up-to-date: /home/kiki/ros2_rop/install/rp2_inter/include/rp2_inter/rp2_inter/msg/rosidl_typesupport_introspection_c__visibility_control.h
[0.421s] -- Up-to-date: /home/kiki/ros2_rop/install/rp2_inter/include/rp2_inter/rp2_inter/action
[0.421s] -- Up-to-date: /home/kiki/ros2_rop/install/rp2_inter/include/rp2_inter/rp2_inter/action/detail
[0.421s] -- Up-to-date: /home/kiki/ros2_rop/install/rp2_inter/include/rp2_inter/rp2_inter/action/detail/add_digit__type_support.c
[0.421s] -- Up-to-date: /home/kiki/ros2_rop/install/rp2_inter/include/rp2_inter/rp2_inter/action/detail/add_digit__rosidl_typesupport_introspection_c.h
[0.421s] -- Up-to-date: /home/kiki/ros2_rop/install/rp2_inter/include/rp2_inter/rp2_inter/srv
[0.421s] -- Up-to-date: /home/kiki/ros2_rop/install/rp2_inter/include/rp2_inter/rp2_inter/srv/detail
[0.422s] -- Up-to-date: /home/kiki/ros2_rop/install/rp2_inter/include/rp2_inter/rp2_inter/srv/detail/multy__rosidl_typesupport_introspection_c.h
[0.422s] -- Up-to-date: /home/kiki/ros2_rop/install/rp2_inter/include/rp2_inter/rp2_inter/srv/detail/multy__type_support.c
[0.422s] -- Up-to-date: /home/kiki/ros2_rop/install/rp2_inter/lib/librp2_inter__rosidl_typesupport_introspection_c.so
[0.422s] -- Up-to-date: /home/kiki/ros2_rop/install/rp2_inter/lib/librp2_inter__rosidl_typesupport_c.so
[0.422s] -- Up-to-date: /home/kiki/ros2_rop/install/rp2_inter/include/rp2_inter/rp2_inter
[0.422s] -- Up-to-date: /home/kiki/ros2_rop/install/rp2_inter/include/rp2_inter/rp2_inter/msg
[0.422s] -- Up-to-date: /home/kiki/ros2_rop/install/rp2_inter/include/rp2_inter/rp2_inter/msg/detail
[0.422s] -- Up-to-date: /home/kiki/ros2_rop/install/rp2_inter/include/rp2_inter/rp2_inter/msg/detail/uid__builder.hpp
[0.422s] -- Up-to-date: /home/kiki/ros2_rop/install/rp2_inter/include/rp2_inter/rp2_inter/msg/detail/uid__traits.hpp
[0.422s] -- Up-to-date: /home/kiki/ros2_rop/install/rp2_inter/include/rp2_inter/rp2_inter/msg/detail/uid__struct.hpp
[0.422s] -- Up-to-date: /home/kiki/ros2_rop/install/rp2_inter/include/rp2_inter/rp2_inter/msg/uid.hpp
[0.422s] -- Up-to-date: /home/kiki/ros2_rop/install/rp2_inter/include/rp2_inter/rp2_inter/action
[0.422s] -- Up-to-date: /home/kiki/ros2_rop/install/rp2_inter/include/rp2_inter/rp2_inter/action/add_digit.hpp
[0.422s] -- Up-to-date: /home/kiki/ros2_rop/install/rp2_inter/include/rp2_inter/rp2_inter/action/detail
[0.422s] -- Up-to-date: /home/kiki/ros2_rop/install/rp2_inter/include/rp2_inter/rp2_inter/action/detail/add_digit__builder.hpp
[0.422s] -- Up-to-date: /home/kiki/ros2_rop/install/rp2_inter/include/rp2_inter/rp2_inter/action/detail/add_digit__traits.hpp
[0.422s] -- Up-to-date: /home/kiki/ros2_rop/install/rp2_inter/include/rp2_inter/rp2_inter/action/detail/add_digit__struct.hpp
[0.423s] -- Up-to-date: /home/kiki/ros2_rop/install/rp2_inter/include/rp2_inter/rp2_inter/srv
[0.423s] -- Up-to-date: /home/kiki/ros2_rop/install/rp2_inter/include/rp2_inter/rp2_inter/srv/detail
[0.423s] -- Up-to-date: /home/kiki/ros2_rop/install/rp2_inter/include/rp2_inter/rp2_inter/srv/detail/multy__traits.hpp
[0.423s] -- Up-to-date: /home/kiki/ros2_rop/install/rp2_inter/include/rp2_inter/rp2_inter/srv/detail/multy__struct.hpp
[0.423s] -- Up-to-date: /home/kiki/ros2_rop/install/rp2_inter/include/rp2_inter/rp2_inter/srv/detail/multy__builder.hpp
[0.423s] -- Up-to-date: /home/kiki/ros2_rop/install/rp2_inter/include/rp2_inter/rp2_inter/srv/multy.hpp
[0.423s] -- Up-to-date: /home/kiki/ros2_rop/install/rp2_inter/include/rp2_inter/rp2_inter
[0.423s] -- Up-to-date: /home/kiki/ros2_rop/install/rp2_inter/include/rp2_inter/rp2_inter/msg
[0.423s] -- Up-to-date: /home/kiki/ros2_rop/install/rp2_inter/include/rp2_inter/rp2_inter/msg/detail
[0.423s] -- Up-to-date: /home/kiki/ros2_rop/install/rp2_inter/include/rp2_inter/rp2_inter/msg/detail/dds_fastrtps
[0.423s] -- Up-to-date: /home/kiki/ros2_rop/install/rp2_inter/include/rp2_inter/rp2_inter/msg/detail/uid__rosidl_typesupport_fastrtps_cpp.hpp
[0.423s] -- Up-to-date: /home/kiki/ros2_rop/install/rp2_inter/include/rp2_inter/rp2_inter/msg/rosidl_typesupport_fastrtps_cpp__visibility_control.h
[0.423s] -- Up-to-date: /home/kiki/ros2_rop/install/rp2_inter/include/rp2_inter/rp2_inter/action
[0.423s] -- Up-to-date: /home/kiki/ros2_rop/install/rp2_inter/include/rp2_inter/rp2_inter/action/detail
[0.424s] -- Up-to-date: /home/kiki/ros2_rop/install/rp2_inter/include/rp2_inter/rp2_inter/action/detail/dds_fastrtps
[0.424s] -- Up-to-date: /home/kiki/ros2_rop/install/rp2_inter/include/rp2_inter/rp2_inter/action/detail/add_digit__rosidl_typesupport_fastrtps_cpp.hpp
[0.424s] -- Up-to-date: /home/kiki/ros2_rop/install/rp2_inter/include/rp2_inter/rp2_inter/srv
[0.424s] -- Up-to-date: /home/kiki/ros2_rop/install/rp2_inter/include/rp2_inter/rp2_inter/srv/detail
[0.424s] -- Up-to-date: /home/kiki/ros2_rop/install/rp2_inter/include/rp2_inter/rp2_inter/srv/detail/dds_fastrtps
[0.424s] -- Up-to-date: /home/kiki/ros2_rop/install/rp2_inter/include/rp2_inter/rp2_inter/srv/detail/multy__rosidl_typesupport_fastrtps_cpp.hpp
[0.424s] -- Up-to-date: /home/kiki/ros2_rop/install/rp2_inter/lib/librp2_inter__rosidl_typesupport_fastrtps_cpp.so
[0.424s] -- Up-to-date: /home/kiki/ros2_rop/install/rp2_inter/include/rp2_inter/rp2_inter
[0.424s] -- Up-to-date: /home/kiki/ros2_rop/install/rp2_inter/include/rp2_inter/rp2_inter/msg
[0.424s] -- Up-to-date: /home/kiki/ros2_rop/install/rp2_inter/include/rp2_inter/rp2_inter/msg/detail
[0.424s] -- Up-to-date: /home/kiki/ros2_rop/install/rp2_inter/include/rp2_inter/rp2_inter/msg/detail/uid__type_support.cpp
[0.424s] -- Up-to-date: /home/kiki/ros2_rop/install/rp2_inter/include/rp2_inter/rp2_inter/msg/detail/uid__rosidl_typesupport_introspection_cpp.hpp
[0.424s] -- Up-to-date: /home/kiki/ros2_rop/install/rp2_inter/include/rp2_inter/rp2_inter/action
[0.424s] -- Up-to-date: /home/kiki/ros2_rop/install/rp2_inter/include/rp2_inter/rp2_inter/action/detail
[0.425s] -- Up-to-date: /home/kiki/ros2_rop/install/rp2_inter/include/rp2_inter/rp2_inter/action/detail/add_digit__rosidl_typesupport_introspection_cpp.hpp
[0.425s] -- Up-to-date: /home/kiki/ros2_rop/install/rp2_inter/include/rp2_inter/rp2_inter/action/detail/add_digit__type_support.cpp
[0.425s] -- Up-to-date: /home/kiki/ros2_rop/install/rp2_inter/include/rp2_inter/rp2_inter/srv
[0.425s] -- Up-to-date: /home/kiki/ros2_rop/install/rp2_inter/include/rp2_inter/rp2_inter/srv/detail
[0.425s] -- Up-to-date: /home/kiki/ros2_rop/install/rp2_inter/include/rp2_inter/rp2_inter/srv/detail/multy__rosidl_typesupport_introspection_cpp.hpp
[0.425s] -- Up-to-date: /home/kiki/ros2_rop/install/rp2_inter/include/rp2_inter/rp2_inter/srv/detail/multy__type_support.cpp
[0.425s] -- Up-to-date: /home/kiki/ros2_rop/install/rp2_inter/lib/librp2_inter__rosidl_typesupport_introspection_cpp.so
[0.425s] -- Up-to-date: /home/kiki/ros2_rop/install/rp2_inter/lib/librp2_inter__rosidl_typesupport_cpp.so
[0.425s] -- Up-to-date: /home/kiki/ros2_rop/install/rp2_inter/share/rp2_inter/environment/pythonpath.sh
[0.425s] -- Up-to-date: /home/kiki/ros2_rop/install/rp2_inter/share/rp2_inter/environment/pythonpath.dsv
[0.425s] -- Up-to-date: /home/kiki/ros2_rop/install/rp2_inter/local/lib/python3.10/dist-packages/rp2_inter-0.0.0-py3.10.egg-info
[0.425s] -- Installing: /home/kiki/ros2_rop/install/rp2_inter/local/lib/python3.10/dist-packages/rp2_inter-0.0.0-py3.10.egg-info/SOURCES.txt
[0.425s] -- Installing: /home/kiki/ros2_rop/install/rp2_inter/local/lib/python3.10/dist-packages/rp2_inter-0.0.0-py3.10.egg-info/dependency_links.txt
[0.425s] -- Installing: /home/kiki/ros2_rop/install/rp2_inter/local/lib/python3.10/dist-packages/rp2_inter-0.0.0-py3.10.egg-info/top_level.txt
[0.425s] -- Installing: /home/kiki/ros2_rop/install/rp2_inter/local/lib/python3.10/dist-packages/rp2_inter-0.0.0-py3.10.egg-info/PKG-INFO
[0.425s] -- Up-to-date: /home/kiki/ros2_rop/install/rp2_inter/local/lib/python3.10/dist-packages/rp2_inter
[0.425s] -- Up-to-date: /home/kiki/ros2_rop/install/rp2_inter/local/lib/python3.10/dist-packages/rp2_inter/_rp2_inter_s.ep.rosidl_typesupport_introspection_c.c
[0.425s] -- Up-to-date: /home/kiki/ros2_rop/install/rp2_inter/local/lib/python3.10/dist-packages/rp2_inter/rp2_inter_s__rosidl_typesupport_introspection_c.cpython-310-x86_64-linux-gnu.so
[0.425s] -- Up-to-date: /home/kiki/ros2_rop/install/rp2_inter/local/lib/python3.10/dist-packages/rp2_inter/msg
[0.425s] -- Up-to-date: /home/kiki/ros2_rop/install/rp2_inter/local/lib/python3.10/dist-packages/rp2_inter/msg/_uid_s.c
[0.426s] -- Up-to-date: /home/kiki/ros2_rop/install/rp2_inter/local/lib/python3.10/dist-packages/rp2_inter/msg/_uid.py
[0.426s] -- Up-to-date: /home/kiki/ros2_rop/install/rp2_inter/local/lib/python3.10/dist-packages/rp2_inter/msg/__init__.py
[0.426s] -- Up-to-date: /home/kiki/ros2_rop/install/rp2_inter/local/lib/python3.10/dist-packages/rp2_inter/rp2_inter_s__rosidl_typesupport_fastrtps_c.cpython-310-x86_64-linux-gnu.so
[0.426s] -- Up-to-date: /home/kiki/ros2_rop/install/rp2_inter/local/lib/python3.10/dist-packages/rp2_inter/rp2_inter_s__rosidl_typesupport_c.cpython-310-x86_64-linux-gnu.so
[0.426s] -- Up-to-date: /home/kiki/ros2_rop/install/rp2_inter/local/lib/python3.10/dist-packages/rp2_inter/librp2_inter__rosidl_generator_py.so
[0.426s] -- Up-to-date: /home/kiki/ros2_rop/install/rp2_inter/local/lib/python3.10/dist-packages/rp2_inter/_rp2_inter_s.ep.rosidl_typesupport_fastrtps_c.c
[0.426s] -- Up-to-date: /home/kiki/ros2_rop/install/rp2_inter/local/lib/python3.10/dist-packages/rp2_inter/_rp2_inter_s.ep.rosidl_typesupport_c.c
[0.426s] -- Up-to-date: /home/kiki/ros2_rop/install/rp2_inter/local/lib/python3.10/dist-packages/rp2_inter/__init__.py
[0.426s] -- Up-to-date: /home/kiki/ros2_rop/install/rp2_inter/local/lib/python3.10/dist-packages/rp2_inter/action
[0.426s] -- Up-to-date: /home/kiki/ros2_rop/install/rp2_inter/local/lib/python3.10/dist-packages/rp2_inter/action/_add_digit_s.c
[0.426s] -- Up-to-date: /home/kiki/ros2_rop/install/rp2_inter/local/lib/python3.10/dist-packages/rp2_inter/action/_add_digit.py
[0.426s] -- Up-to-date: /home/kiki/ros2_rop/install/rp2_inter/local/lib/python3.10/dist-packages/rp2_inter/action/__init__.py
[0.426s] -- Up-to-date: /home/kiki/ros2_rop/install/rp2_inter/local/lib/python3.10/dist-packages/rp2_inter/srv
[0.426s] -- Up-to-date: /home/kiki/ros2_rop/install/rp2_inter/local/lib/python3.10/dist-packages/rp2_inter/srv/_multy_s.c
[0.426s] -- Up-to-date: /home/kiki/ros2_rop/install/rp2_inter/local/lib/python3.10/dist-packages/rp2_inter/srv/__init__.py
[0.426s] -- Up-to-date: /home/kiki/ros2_rop/install/rp2_inter/local/lib/python3.10/dist-packages/rp2_inter/srv/_multy.py
[0.451s] Listing '/home/kiki/ros2_rop/install/rp2_inter/local/lib/python3.10/dist-packages/rp2_inter'...
[0.451s] Listing '/home/kiki/ros2_rop/install/rp2_inter/local/lib/python3.10/dist-packages/rp2_inter/action'...
[0.451s] Listing '/home/kiki/ros2_rop/install/rp2_inter/local/lib/python3.10/dist-packages/rp2_inter/msg'...
[0.451s] Listing '/home/kiki/ros2_rop/install/rp2_inter/local/lib/python3.10/dist-packages/rp2_inter/srv'...
[0.454s] -- Up-to-date: /home/kiki/ros2_rop/install/rp2_inter/local/lib/python3.10/dist-packages/rp2_inter/rp2_inter_s__rosidl_typesupport_fastrtps_c.cpython-310-x86_64-linux-gnu.so
[0.455s] -- Up-to-date: /home/kiki/ros2_rop/install/rp2_inter/local/lib/python3.10/dist-packages/rp2_inter/rp2_inter_s__rosidl_typesupport_introspection_c.cpython-310-x86_64-linux-gnu.so
[0.455s] -- Up-to-date: /home/kiki/ros2_rop/install/rp2_inter/local/lib/python3.10/dist-packages/rp2_inter/rp2_inter_s__rosidl_typesupport_c.cpython-310-x86_64-linux-gnu.so
[0.455s] -- Up-to-date: /home/kiki/ros2_rop/install/rp2_inter/lib/librp2_inter__rosidl_generator_py.so
[0.455s] -- Up-to-date: /home/kiki/ros2_rop/install/rp2_inter/share/rp2_inter/msg/Uid.idl
[0.455s] -- Up-to-date: /home/kiki/ros2_rop/install/rp2_inter/share/rp2_inter/srv/Multy.idl
[0.455s] -- Up-to-date: /home/kiki/ros2_rop/install/rp2_inter/share/rp2_inter/action/AddDigit.idl
[0.455s] -- Up-to-date: /home/kiki/ros2_rop/install/rp2_inter/share/rp2_inter/msg/Uid.msg
[0.456s] -- Up-to-date: /home/kiki/ros2_rop/install/rp2_inter/share/rp2_inter/srv/Multy.srv
[0.456s] -- Up-to-date: /home/kiki/ros2_rop/install/rp2_inter/share/rp2_inter/srv/Multy_Request.msg
[0.456s] -- Up-to-date: /home/kiki/ros2_rop/install/rp2_inter/share/rp2_inter/srv/Multy_Response.msg
[0.456s] -- Up-to-date: /home/kiki/ros2_rop/install/rp2_inter/share/rp2_inter/action/AddDigit.action
[0.456s] -- Up-to-date: /home/kiki/ros2_rop/install/rp2_inter/share/ament_index/resource_index/package_run_dependencies/rp2_inter
[0.456s] -- Up-to-date: /home/kiki/ros2_rop/install/rp2_inter/share/ament_index/resource_index/parent_prefix_path/rp2_inter
[0.456s] -- Up-to-date: /home/kiki/ros2_rop/install/rp2_inter/share/rp2_inter/environment/ament_prefix_path.sh
[0.456s] -- Up-to-date: /home/kiki/ros2_rop/install/rp2_inter/share/rp2_inter/environment/ament_prefix_path.dsv
[0.456s] -- Up-to-date: /home/kiki/ros2_rop/install/rp2_inter/share/rp2_inter/environment/path.sh
[0.456s] -- Up-to-date: /home/kiki/ros2_rop/install/rp2_inter/share/rp2_inter/environment/path.dsv
[0.456s] -- Up-to-date: /home/kiki/ros2_rop/install/rp2_inter/share/rp2_inter/local_setup.bash
[0.457s] -- Up-to-date: /home/kiki/ros2_rop/install/rp2_inter/share/rp2_inter/local_setup.sh
[0.457s] -- Up-to-date: /home/kiki/ros2_rop/install/rp2_inter/share/rp2_inter/local_setup.zsh
[0.457s] -- Up-to-date: /home/kiki/ros2_rop/install/rp2_inter/share/rp2_inter/local_setup.dsv
[0.457s] -- Installing: /home/kiki/ros2_rop/install/rp2_inter/share/rp2_inter/package.dsv
[0.457s] -- Up-to-date: /home/kiki/ros2_rop/install/rp2_inter/share/ament_index/resource_index/packages/rp2_inter
[0.457s] -- Up-to-date: /home/kiki/ros2_rop/install/rp2_inter/share/rp2_inter/cmake/export_rp2_inter__rosidl_generator_cExport.cmake
[0.457s] -- Up-to-date: /home/kiki/ros2_rop/install/rp2_inter/share/rp2_inter/cmake/export_rp2_inter__rosidl_generator_cExport-noconfig.cmake
[0.457s] -- Up-to-date: /home/kiki/ros2_rop/install/rp2_inter/share/rp2_inter/cmake/export_rp2_inter__rosidl_typesupport_fastrtps_cExport.cmake
[0.457s] -- Up-to-date: /home/kiki/ros2_rop/install/rp2_inter/share/rp2_inter/cmake/export_rp2_inter__rosidl_typesupport_fastrtps_cExport-noconfig.cmake
[0.457s] -- Up-to-date: /home/kiki/ros2_rop/install/rp2_inter/share/rp2_inter/cmake/rp2_inter__rosidl_typesupport_introspection_cExport.cmake
[0.457s] -- Up-to-date: /home/kiki/ros2_rop/install/rp2_inter/share/rp2_inter/cmake/rp2_inter__rosidl_typesupport_introspection_cExport-noconfig.cmake
[0.457s] -- Up-to-date: /home/kiki/ros2_rop/install/rp2_inter/share/rp2_inter/cmake/rp2_inter__rosidl_typesupport_cExport.cmake
[0.458s] -- Up-to-date: /home/kiki/ros2_rop/install/rp2_inter/share/rp2_inter/cmake/rp2_inter__rosidl_typesupport_cExport-noconfig.cmake
[0.458s] -- Up-to-date: /home/kiki/ros2_rop/install/rp2_inter/share/rp2_inter/cmake/export_rp2_inter__rosidl_generator_cppExport.cmake
[0.458s] -- Up-to-date: /home/kiki/ros2_rop/install/rp2_inter/share/rp2_inter/cmake/export_rp2_inter__rosidl_typesupport_fastrtps_cppExport.cmake
[0.458s] -- Up-to-date: /home/kiki/ros2_rop/install/rp2_inter/share/rp2_inter/cmake/export_rp2_inter__rosidl_typesupport_fastrtps_cppExport-noconfig.cmake
[0.458s] -- Up-to-date: /home/kiki/ros2_rop/install/rp2_inter/share/rp2_inter/cmake/rp2_inter__rosidl_typesupport_introspection_cppExport.cmake
[0.458s] -- Up-to-date: /home/kiki/ros2_rop/install/rp2_inter/share/rp2_inter/cmake/rp2_inter__rosidl_typesupport_introspection_cppExport-noconfig.cmake
[0.458s] -- Up-to-date: /home/kiki/ros2_rop/install/rp2_inter/share/rp2_inter/cmake/rp2_inter__rosidl_typesupport_cppExport.cmake
[0.458s] -- Up-to-date: /home/kiki/ros2_rop/install/rp2_inter/share/rp2_inter/cmake/rp2_inter__rosidl_typesupport_cppExport-noconfig.cmake
[0.458s] -- Up-to-date: /home/kiki/ros2_rop/install/rp2_inter/share/rp2_inter/cmake/export_rp2_inter__rosidl_generator_pyExport.cmake
[0.458s] -- Up-to-date: /home/kiki/ros2_rop/install/rp2_inter/share/rp2_inter/cmake/export_rp2_inter__rosidl_generator_pyExport-noconfig.cmake
[0.458s] -- Up-to-date: /home/kiki/ros2_rop/install/rp2_inter/share/rp2_inter/cmake/rosidl_cmake-extras.cmake
[0.458s] -- Up-to-date: /home/kiki/ros2_rop/install/rp2_inter/share/rp2_inter/cmake/ament_cmake_export_dependencies-extras.cmake
[0.458s] -- Up-to-date: /home/kiki/ros2_rop/install/rp2_inter/share/rp2_inter/cmake/ament_cmake_export_include_directories-extras.cmake
[0.458s] -- Up-to-date: /home/kiki/ros2_rop/install/rp2_inter/share/rp2_inter/cmake/ament_cmake_export_libraries-extras.cmake
[0.458s] -- Up-to-date: /home/kiki/ros2_rop/install/rp2_inter/share/rp2_inter/cmake/ament_cmake_export_targets-extras.cmake
[0.458s] -- Up-to-date: /home/kiki/ros2_rop/install/rp2_inter/share/rp2_inter/cmake/rosidl_cmake_export_typesupport_targets-extras.cmake
[0.458s] -- Up-to-date: /home/kiki/ros2_rop/install/rp2_inter/share/rp2_inter/cmake/rosidl_cmake_export_typesupport_libraries-extras.cmake
[0.459s] -- Up-to-date: /home/kiki/ros2_rop/install/rp2_inter/share/rp2_inter/cmake/rp2_interConfig.cmake
[0.459s] -- Up-to-date: /home/kiki/ros2_rop/install/rp2_inter/share/rp2_inter/cmake/rp2_interConfig-version.cmake
[0.459s] -- Up-to-date: /home/kiki/ros2_rop/install/rp2_inter/share/rp2_inter/package.xml
[0.461s] Invoked command in '/home/kiki/ros2_rop/build/rp2_inter' returned '0': CMAKE_PREFIX_PATH=${CMAKE_PREFIX_PATH}:/home/kiki/ros2_rop/install/rp2:/home/kiki/turtlebot3_ws/install/turtlebot3_teleop:/home/kiki/turtlebot3_ws/install/turtlebot3_example:/opt/ros/humble /usr/bin/cmake --install /home/kiki/ros2_rop/build/rp2_inter
