-- The C compiler identification is GNU 11.4.0
-- The CXX compiler identification is GNU 11.4.0
-- Detecting C compiler ABI info
-- Detecting C compiler ABI info - done
-- Check for working C compiler: /usr/bin/cc - skipped
-- Detecting C compile features
-- Detecting C compile features - done
-- Detecting CXX compiler ABI info
-- Detecting CXX compiler ABI info - done
-- Check for working CXX compiler: /usr/bin/c++ - skipped
-- Detecting CXX compile features
-- Detecting CXX compile features - done
-- Found ament_cmake: 1.3.8 (/opt/ros/humble/share/ament_cmake/cmake)
-- Found Python3: /usr/bin/python3 (found version "3.10.12") found components: Interpreter 
-- Found ament_lint_auto: 0.12.10 (/opt/ros/humble/share/ament_lint_auto/cmake)
-- Found rosidl_default_generators: 1.2.0 (/opt/ros/humble/share/rosidl_default_generators/cmake)
-- Using all available rosidl_typesupport_c: rosidl_typesupport_fastrtps_c;rosidl_typesupport_introspection_c
-- Found rosidl_adapter: 3.1.5 (/opt/ros/humble/share/rosidl_adapter/cmake)
-- Using all available rosidl_typesupport_cpp: rosidl_typesupport_fastrtps_cpp;rosidl_typesupport_introspection_cpp
-- Found ament_cmake_ros: 0.10.0 (/opt/ros/humble/share/ament_cmake_ros/cmake)
-- Using all available rosidl_typesupport_c: rosidl_typesupport_fastrtps_c;rosidl_typesupport_introspection_c
-- Using all available rosidl_typesupport_cpp: rosidl_typesupport_fastrtps_cpp;rosidl_typesupport_introspection_cpp
-- Found PythonInterp: /usr/bin/python3 (found suitable version "3.10.12", minimum required is "3.6") 
-- Found python_cmake_module: 0.10.0 (/opt/ros/humble/share/python_cmake_module/cmake)
-- Found PythonLibs: /usr/lib/x86_64-linux-gnu/libpython3.10.so (found suitable version "3.10.12", minimum required is "3.5") 
-- Using PYTHON_EXECUTABLE: /usr/bin/python3
-- Using PYTHON_INCLUDE_DIRS: /usr/include/python3.10
-- Using PYTHON_LIBRARIES: /usr/lib/x86_64-linux-gnu/libpython3.10.so
-- Found PythonExtra: .so  
-- Configuring done
-- Generating done
-- Build files have been written to: /home/kiki/ros2_rop/build/rp2_inter
[  2%] [34m[1mGenerating C code for ROS interfaces[0m
[  4%] [34m[1mGenerating C++ code for ROS interfaces[0m
[  4%] Built target ament_cmake_python_copy_rp2_inter
running egg_info
creating rp2_inter.egg-info
writing rp2_inter.egg-info/PKG-INFO
writing dependency_links to rp2_inter.egg-info/dependency_links.txt
writing top-level names to rp2_inter.egg-info/top_level.txt
writing manifest file 'rp2_inter.egg-info/SOURCES.txt'
reading manifest file 'rp2_inter.egg-info/SOURCES.txt'
writing manifest file 'rp2_inter.egg-info/SOURCES.txt'
[  4%] Built target ament_cmake_python_build_rp2_inter_egg
[  4%] Built target rp2_inter__cpp
[ 14%] [34m[1mGenerating C++ introspection for ROS interfaces[0m
[ 17%] [34m[1mGenerating C++ type support dispatch for ROS interfaces[0m
[ 14%] [32mBuilding C object CMakeFiles/rp2_inter__rosidl_generator_c.dir/rosidl_generator_c/rp2_inter/msg/detail/uid__functions.c.o[0m
[ 17%] [32mBuilding C object CMakeFiles/rp2_inter__rosidl_generator_c.dir/rosidl_generator_c/rp2_inter/srv/detail/multy__functions.c.o[0m
[ 17%] [32mBuilding C object CMakeFiles/rp2_inter__rosidl_generator_c.dir/rosidl_generator_c/rp2_inter/action/detail/add_digit__functions.c.o[0m
[ 17%] [34m[1mGenerating C++ type support for eProsima Fast-RTPS[0m
[ 19%] [32m[1mLinking C shared library librp2_inter__rosidl_generator_c.so[0m
[ 19%] Built target rp2_inter__rosidl_generator_c
[ 25%] [34m[1mGenerating C type support for eProsima Fast-RTPS[0m
[ 25%] [34m[1mGenerating C introspection for ROS interfaces[0m
[ 25%] [34m[1mGenerating C type support dispatch for ROS interfaces[0m
[ 31%] [32mBuilding CXX object CMakeFiles/rp2_inter__rosidl_typesupport_cpp.dir/rosidl_typesupport_cpp/rp2_inter/msg/uid__type_support.cpp.o[0m
[ 31%] [32mBuilding CXX object CMakeFiles/rp2_inter__rosidl_typesupport_cpp.dir/rosidl_typesupport_cpp/rp2_inter/srv/multy__type_support.cpp.o[0m
[ 31%] [32mBuilding CXX object CMakeFiles/rp2_inter__rosidl_typesupport_cpp.dir/rosidl_typesupport_cpp/rp2_inter/action/add_digit__type_support.cpp.o[0m
[ 34%] [32mBuilding CXX object CMakeFiles/rp2_inter__rosidl_typesupport_introspection_cpp.dir/rosidl_typesupport_introspection_cpp/rp2_inter/msg/detail/uid__type_support.cpp.o[0m
[ 38%] [32mBuilding CXX object CMakeFiles/rp2_inter__rosidl_typesupport_introspection_cpp.dir/rosidl_typesupport_introspection_cpp/rp2_inter/action/detail/add_digit__type_support.cpp.o[0m
[ 38%] [32mBuilding CXX object CMakeFiles/rp2_inter__rosidl_typesupport_introspection_cpp.dir/rosidl_typesupport_introspection_cpp/rp2_inter/srv/detail/multy__type_support.cpp.o[0m
[ 40%] [32mBuilding CXX object CMakeFiles/rp2_inter__rosidl_typesupport_fastrtps_cpp.dir/rosidl_typesupport_fastrtps_cpp/rp2_inter/msg/detail/dds_fastrtps/uid__type_support.cpp.o[0m
[ 44%] [32mBuilding CXX object CMakeFiles/rp2_inter__rosidl_typesupport_fastrtps_cpp.dir/rosidl_typesupport_fastrtps_cpp/rp2_inter/action/detail/dds_fastrtps/add_digit__type_support.cpp.o[0m
[ 44%] [32mBuilding CXX object CMakeFiles/rp2_inter__rosidl_typesupport_fastrtps_cpp.dir/rosidl_typesupport_fastrtps_cpp/rp2_inter/srv/detail/dds_fastrtps/multy__type_support.cpp.o[0m
[ 51%] [32mBuilding CXX object CMakeFiles/rp2_inter__rosidl_typesupport_c.dir/rosidl_typesupport_c/rp2_inter/action/add_digit__type_support.cpp.o[0m
[ 51%] [32mBuilding CXX object CMakeFiles/rp2_inter__rosidl_typesupport_c.dir/rosidl_typesupport_c/rp2_inter/srv/multy__type_support.cpp.o[0m
[ 51%] [32mBuilding CXX object CMakeFiles/rp2_inter__rosidl_typesupport_c.dir/rosidl_typesupport_c/rp2_inter/msg/uid__type_support.cpp.o[0m
[ 53%] [32m[1mLinking CXX shared library librp2_inter__rosidl_typesupport_c.so[0m
[ 55%] [32mBuilding C object CMakeFiles/rp2_inter__rosidl_typesupport_introspection_c.dir/rosidl_typesupport_introspection_c/rp2_inter/msg/detail/uid__type_support.c.o[0m
[ 57%] [32mBuilding C object CMakeFiles/rp2_inter__rosidl_typesupport_introspection_c.dir/rosidl_typesupport_introspection_c/rp2_inter/srv/detail/multy__type_support.c.o[0m
[ 59%] [32mBuilding C object CMakeFiles/rp2_inter__rosidl_typesupport_introspection_c.dir/rosidl_typesupport_introspection_c/rp2_inter/action/detail/add_digit__type_support.c.o[0m
[ 59%] Built target rp2_inter__rosidl_typesupport_c
[ 61%] [32m[1mLinking C shared library librp2_inter__rosidl_typesupport_introspection_c.so[0m
[ 68%] [32mBuilding CXX object CMakeFiles/rp2_inter__rosidl_typesupport_fastrtps_c.dir/rosidl_typesupport_fastrtps_c/rp2_inter/msg/detail/uid__type_support_c.cpp.o[0m
[ 68%] [32mBuilding CXX object CMakeFiles/rp2_inter__rosidl_typesupport_fastrtps_c.dir/rosidl_typesupport_fastrtps_c/rp2_inter/action/detail/add_digit__type_support_c.cpp.o[0m
[ 68%] [32mBuilding CXX object CMakeFiles/rp2_inter__rosidl_typesupport_fastrtps_c.dir/rosidl_typesupport_fastrtps_c/rp2_inter/srv/detail/multy__type_support_c.cpp.o[0m
[ 68%] Built target rp2_inter__rosidl_typesupport_introspection_c
[ 70%] [32m[1mLinking CXX shared library librp2_inter__rosidl_typesupport_cpp.so[0m
[ 70%] Built target rp2_inter__rosidl_typesupport_cpp
[ 72%] [32m[1mLinking CXX shared library librp2_inter__rosidl_typesupport_introspection_cpp.so[0m
[ 74%] [32m[1mLinking CXX shared library librp2_inter__rosidl_typesupport_fastrtps_cpp.so[0m
[ 76%] [32m[1mLinking CXX shared library librp2_inter__rosidl_typesupport_fastrtps_c.so[0m
[ 76%] Built target rp2_inter__rosidl_typesupport_introspection_cpp
[ 76%] Built target rp2_inter__rosidl_typesupport_fastrtps_cpp
[ 76%] Built target rp2_inter__rosidl_typesupport_fastrtps_c
[ 76%] Built target rp2_inter
[ 78%] [34m[1mGenerating Python code for ROS interfaces[0m
[ 78%] Built target rp2_inter__py
[ 85%] [32mBuilding C object CMakeFiles/rp2_inter__rosidl_generator_py.dir/rosidl_generator_py/rp2_inter/msg/_uid_s.c.o[0m
[ 85%] [32mBuilding C object CMakeFiles/rp2_inter__rosidl_generator_py.dir/rosidl_generator_py/rp2_inter/srv/_multy_s.c.o[0m
[ 85%] [32mBuilding C object CMakeFiles/rp2_inter__rosidl_generator_py.dir/rosidl_generator_py/rp2_inter/action/_add_digit_s.c.o[0m
[ 87%] [32m[1mLinking C shared library rosidl_generator_py/rp2_inter/librp2_inter__rosidl_generator_py.so[0m
[ 87%] Built target rp2_inter__rosidl_generator_py
[ 93%] [32mBuilding C object CMakeFiles/rp2_inter__rosidl_typesupport_fastrtps_c__pyext.dir/rosidl_generator_py/rp2_inter/_rp2_inter_s.ep.rosidl_typesupport_fastrtps_c.c.o[0m
[ 93%] [32mBuilding C object CMakeFiles/rp2_inter__rosidl_typesupport_c__pyext.dir/rosidl_generator_py/rp2_inter/_rp2_inter_s.ep.rosidl_typesupport_c.c.o[0m
[ 93%] [32mBuilding C object CMakeFiles/rp2_inter__rosidl_typesupport_introspection_c__pyext.dir/rosidl_generator_py/rp2_inter/_rp2_inter_s.ep.rosidl_typesupport_introspection_c.c.o[0m
[100%] [32m[1mLinking C shared library rosidl_generator_py/rp2_inter/rp2_inter_s__rosidl_typesupport_introspection_c.cpython-310-x86_64-linux-gnu.so[0m
[100%] [32m[1mLinking C shared library rosidl_generator_py/rp2_inter/rp2_inter_s__rosidl_typesupport_c.cpython-310-x86_64-linux-gnu.so[0m
[100%] [32m[1mLinking C shared library rosidl_generator_py/rp2_inter/rp2_inter_s__rosidl_typesupport_fastrtps_c.cpython-310-x86_64-linux-gnu.so[0m
[100%] Built target rp2_inter__rosidl_typesupport_c__pyext
[100%] Built target rp2_inter__rosidl_typesupport_fastrtps_c__pyext
[100%] Built target rp2_inter__rosidl_typesupport_introspection_c__pyext
-- Install configuration: ""
-- Installing: /home/kiki/ros2_rop/install/rp2_inter/share/ament_index/resource_index/rosidl_interfaces/rp2_inter
-- Installing: /home/kiki/ros2_rop/install/rp2_inter/include/rp2_inter/rp2_inter
-- Installing: /home/kiki/ros2_rop/install/rp2_inter/include/rp2_inter/rp2_inter/msg
-- Installing: /home/kiki/ros2_rop/install/rp2_inter/include/rp2_inter/rp2_inter/msg/uid.h
-- Installing: /home/kiki/ros2_rop/install/rp2_inter/include/rp2_inter/rp2_inter/msg/detail
-- Installing: /home/kiki/ros2_rop/install/rp2_inter/include/rp2_inter/rp2_inter/msg/detail/uid__functions.h
-- Installing: /home/kiki/ros2_rop/install/rp2_inter/include/rp2_inter/rp2_inter/msg/detail/uid__functions.c
-- Installing: /home/kiki/ros2_rop/install/rp2_inter/include/rp2_inter/rp2_inter/msg/detail/uid__struct.h
-- Installing: /home/kiki/ros2_rop/install/rp2_inter/include/rp2_inter/rp2_inter/msg/detail/uid__type_support.h
-- Installing: /home/kiki/ros2_rop/install/rp2_inter/include/rp2_inter/rp2_inter/msg/rosidl_generator_c__visibility_control.h
-- Installing: /home/kiki/ros2_rop/install/rp2_inter/include/rp2_inter/rp2_inter/action
-- Installing: /home/kiki/ros2_rop/install/rp2_inter/include/rp2_inter/rp2_inter/action/detail
-- Installing: /home/kiki/ros2_rop/install/rp2_inter/include/rp2_inter/rp2_inter/action/detail/add_digit__functions.c
-- Installing: /home/kiki/ros2_rop/install/rp2_inter/include/rp2_inter/rp2_inter/action/detail/add_digit__functions.h
-- Installing: /home/kiki/ros2_rop/install/rp2_inter/include/rp2_inter/rp2_inter/action/detail/add_digit__type_support.h
-- Installing: /home/kiki/ros2_rop/install/rp2_inter/include/rp2_inter/rp2_inter/action/detail/add_digit__struct.h
-- Installing: /home/kiki/ros2_rop/install/rp2_inter/include/rp2_inter/rp2_inter/action/add_digit.h
-- Installing: /home/kiki/ros2_rop/install/rp2_inter/include/rp2_inter/rp2_inter/srv
-- Installing: /home/kiki/ros2_rop/install/rp2_inter/include/rp2_inter/rp2_inter/srv/detail
-- Installing: /home/kiki/ros2_rop/install/rp2_inter/include/rp2_inter/rp2_inter/srv/detail/multy__functions.c
-- Installing: /home/kiki/ros2_rop/install/rp2_inter/include/rp2_inter/rp2_inter/srv/detail/multy__struct.h
-- Installing: /home/kiki/ros2_rop/install/rp2_inter/include/rp2_inter/rp2_inter/srv/detail/multy__functions.h
-- Installing: /home/kiki/ros2_rop/install/rp2_inter/include/rp2_inter/rp2_inter/srv/detail/multy__type_support.h
-- Installing: /home/kiki/ros2_rop/install/rp2_inter/include/rp2_inter/rp2_inter/srv/multy.h
-- Installing: /home/kiki/ros2_rop/install/rp2_inter/share/rp2_inter/environment/library_path.sh
-- Installing: /home/kiki/ros2_rop/install/rp2_inter/share/rp2_inter/environment/library_path.dsv
-- Installing: /home/kiki/ros2_rop/install/rp2_inter/lib/librp2_inter__rosidl_generator_c.so
-- Set runtime path of "/home/kiki/ros2_rop/install/rp2_inter/lib/librp2_inter__rosidl_generator_c.so" to ""
-- Up-to-date: /home/kiki/ros2_rop/install/rp2_inter/include/rp2_inter/rp2_inter
-- Up-to-date: /home/kiki/ros2_rop/install/rp2_inter/include/rp2_inter/rp2_inter/msg
-- Installing: /home/kiki/ros2_rop/install/rp2_inter/include/rp2_inter/rp2_inter/msg/rosidl_typesupport_fastrtps_c__visibility_control.h
-- Up-to-date: /home/kiki/ros2_rop/install/rp2_inter/include/rp2_inter/rp2_inter/msg/detail
-- Installing: /home/kiki/ros2_rop/install/rp2_inter/include/rp2_inter/rp2_inter/msg/detail/uid__rosidl_typesupport_fastrtps_c.h
-- Up-to-date: /home/kiki/ros2_rop/install/rp2_inter/include/rp2_inter/rp2_inter/action
-- Up-to-date: /home/kiki/ros2_rop/install/rp2_inter/include/rp2_inter/rp2_inter/action/detail
-- Installing: /home/kiki/ros2_rop/install/rp2_inter/include/rp2_inter/rp2_inter/action/detail/add_digit__rosidl_typesupport_fastrtps_c.h
-- Up-to-date: /home/kiki/ros2_rop/install/rp2_inter/include/rp2_inter/rp2_inter/srv
-- Up-to-date: /home/kiki/ros2_rop/install/rp2_inter/include/rp2_inter/rp2_inter/srv/detail
-- Installing: /home/kiki/ros2_rop/install/rp2_inter/include/rp2_inter/rp2_inter/srv/detail/multy__rosidl_typesupport_fastrtps_c.h
-- Installing: /home/kiki/ros2_rop/install/rp2_inter/lib/librp2_inter__rosidl_typesupport_fastrtps_c.so
-- Set runtime path of "/home/kiki/ros2_rop/install/rp2_inter/lib/librp2_inter__rosidl_typesupport_fastrtps_c.so" to ""
-- Up-to-date: /home/kiki/ros2_rop/install/rp2_inter/include/rp2_inter/rp2_inter
-- Up-to-date: /home/kiki/ros2_rop/install/rp2_inter/include/rp2_inter/rp2_inter/msg
-- Up-to-date: /home/kiki/ros2_rop/install/rp2_inter/include/rp2_inter/rp2_inter/msg/detail
-- Installing: /home/kiki/ros2_rop/install/rp2_inter/include/rp2_inter/rp2_inter/msg/detail/uid__rosidl_typesupport_introspection_c.h
-- Installing: /home/kiki/ros2_rop/install/rp2_inter/include/rp2_inter/rp2_inter/msg/detail/uid__type_support.c
-- Installing: /home/kiki/ros2_rop/install/rp2_inter/include/rp2_inter/rp2_inter/msg/rosidl_typesupport_introspection_c__visibility_control.h
-- Up-to-date: /home/kiki/ros2_rop/install/rp2_inter/include/rp2_inter/rp2_inter/action
-- Up-to-date: /home/kiki/ros2_rop/install/rp2_inter/include/rp2_inter/rp2_inter/action/detail
-- Installing: /home/kiki/ros2_rop/install/rp2_inter/include/rp2_inter/rp2_inter/action/detail/add_digit__type_support.c
-- Installing: /home/kiki/ros2_rop/install/rp2_inter/include/rp2_inter/rp2_inter/action/detail/add_digit__rosidl_typesupport_introspection_c.h
-- Up-to-date: /home/kiki/ros2_rop/install/rp2_inter/include/rp2_inter/rp2_inter/srv
-- Up-to-date: /home/kiki/ros2_rop/install/rp2_inter/include/rp2_inter/rp2_inter/srv/detail
-- Installing: /home/kiki/ros2_rop/install/rp2_inter/include/rp2_inter/rp2_inter/srv/detail/multy__rosidl_typesupport_introspection_c.h
-- Installing: /home/kiki/ros2_rop/install/rp2_inter/include/rp2_inter/rp2_inter/srv/detail/multy__type_support.c
-- Installing: /home/kiki/ros2_rop/install/rp2_inter/lib/librp2_inter__rosidl_typesupport_introspection_c.so
-- Set runtime path of "/home/kiki/ros2_rop/install/rp2_inter/lib/librp2_inter__rosidl_typesupport_introspection_c.so" to ""
-- Installing: /home/kiki/ros2_rop/install/rp2_inter/lib/librp2_inter__rosidl_typesupport_c.so
-- Set runtime path of "/home/kiki/ros2_rop/install/rp2_inter/lib/librp2_inter__rosidl_typesupport_c.so" to ""
-- Up-to-date: /home/kiki/ros2_rop/install/rp2_inter/include/rp2_inter/rp2_inter
-- Up-to-date: /home/kiki/ros2_rop/install/rp2_inter/include/rp2_inter/rp2_inter/msg
-- Up-to-date: /home/kiki/ros2_rop/install/rp2_inter/include/rp2_inter/rp2_inter/msg/detail
-- Installing: /home/kiki/ros2_rop/install/rp2_inter/include/rp2_inter/rp2_inter/msg/detail/uid__builder.hpp
-- Installing: /home/kiki/ros2_rop/install/rp2_inter/include/rp2_inter/rp2_inter/msg/detail/uid__traits.hpp
-- Installing: /home/kiki/ros2_rop/install/rp2_inter/include/rp2_inter/rp2_inter/msg/detail/uid__struct.hpp
-- Installing: /home/kiki/ros2_rop/install/rp2_inter/include/rp2_inter/rp2_inter/msg/uid.hpp
-- Up-to-date: /home/kiki/ros2_rop/install/rp2_inter/include/rp2_inter/rp2_inter/action
-- Installing: /home/kiki/ros2_rop/install/rp2_inter/include/rp2_inter/rp2_inter/action/add_digit.hpp
-- Up-to-date: /home/kiki/ros2_rop/install/rp2_inter/include/rp2_inter/rp2_inter/action/detail
-- Installing: /home/kiki/ros2_rop/install/rp2_inter/include/rp2_inter/rp2_inter/action/detail/add_digit__builder.hpp
-- Installing: /home/kiki/ros2_rop/install/rp2_inter/include/rp2_inter/rp2_inter/action/detail/add_digit__traits.hpp
-- Installing: /home/kiki/ros2_rop/install/rp2_inter/include/rp2_inter/rp2_inter/action/detail/add_digit__struct.hpp
-- Up-to-date: /home/kiki/ros2_rop/install/rp2_inter/include/rp2_inter/rp2_inter/srv
-- Up-to-date: /home/kiki/ros2_rop/install/rp2_inter/include/rp2_inter/rp2_inter/srv/detail
-- Installing: /home/kiki/ros2_rop/install/rp2_inter/include/rp2_inter/rp2_inter/srv/detail/multy__traits.hpp
-- Installing: /home/kiki/ros2_rop/install/rp2_inter/include/rp2_inter/rp2_inter/srv/detail/multy__struct.hpp
-- Installing: /home/kiki/ros2_rop/install/rp2_inter/include/rp2_inter/rp2_inter/srv/detail/multy__builder.hpp
-- Installing: /home/kiki/ros2_rop/install/rp2_inter/include/rp2_inter/rp2_inter/srv/multy.hpp
-- Up-to-date: /home/kiki/ros2_rop/install/rp2_inter/include/rp2_inter/rp2_inter
-- Up-to-date: /home/kiki/ros2_rop/install/rp2_inter/include/rp2_inter/rp2_inter/msg
-- Up-to-date: /home/kiki/ros2_rop/install/rp2_inter/include/rp2_inter/rp2_inter/msg/detail
-- Installing: /home/kiki/ros2_rop/install/rp2_inter/include/rp2_inter/rp2_inter/msg/detail/dds_fastrtps
-- Installing: /home/kiki/ros2_rop/install/rp2_inter/include/rp2_inter/rp2_inter/msg/detail/uid__rosidl_typesupport_fastrtps_cpp.hpp
-- Installing: /home/kiki/ros2_rop/install/rp2_inter/include/rp2_inter/rp2_inter/msg/rosidl_typesupport_fastrtps_cpp__visibility_control.h
-- Up-to-date: /home/kiki/ros2_rop/install/rp2_inter/include/rp2_inter/rp2_inter/action
-- Up-to-date: /home/kiki/ros2_rop/install/rp2_inter/include/rp2_inter/rp2_inter/action/detail
-- Installing: /home/kiki/ros2_rop/install/rp2_inter/include/rp2_inter/rp2_inter/action/detail/dds_fastrtps
-- Installing: /home/kiki/ros2_rop/install/rp2_inter/include/rp2_inter/rp2_inter/action/detail/add_digit__rosidl_typesupport_fastrtps_cpp.hpp
-- Up-to-date: /home/kiki/ros2_rop/install/rp2_inter/include/rp2_inter/rp2_inter/srv
-- Up-to-date: /home/kiki/ros2_rop/install/rp2_inter/include/rp2_inter/rp2_inter/srv/detail
-- Installing: /home/kiki/ros2_rop/install/rp2_inter/include/rp2_inter/rp2_inter/srv/detail/dds_fastrtps
-- Installing: /home/kiki/ros2_rop/install/rp2_inter/include/rp2_inter/rp2_inter/srv/detail/multy__rosidl_typesupport_fastrtps_cpp.hpp
-- Installing: /home/kiki/ros2_rop/install/rp2_inter/lib/librp2_inter__rosidl_typesupport_fastrtps_cpp.so
-- Set runtime path of "/home/kiki/ros2_rop/install/rp2_inter/lib/librp2_inter__rosidl_typesupport_fastrtps_cpp.so" to ""
-- Up-to-date: /home/kiki/ros2_rop/install/rp2_inter/include/rp2_inter/rp2_inter
-- Up-to-date: /home/kiki/ros2_rop/install/rp2_inter/include/rp2_inter/rp2_inter/msg
-- Up-to-date: /home/kiki/ros2_rop/install/rp2_inter/include/rp2_inter/rp2_inter/msg/detail
-- Installing: /home/kiki/ros2_rop/install/rp2_inter/include/rp2_inter/rp2_inter/msg/detail/uid__type_support.cpp
-- Installing: /home/kiki/ros2_rop/install/rp2_inter/include/rp2_inter/rp2_inter/msg/detail/uid__rosidl_typesupport_introspection_cpp.hpp
-- Up-to-date: /home/kiki/ros2_rop/install/rp2_inter/include/rp2_inter/rp2_inter/action
-- Up-to-date: /home/kiki/ros2_rop/install/rp2_inter/include/rp2_inter/rp2_inter/action/detail
-- Installing: /home/kiki/ros2_rop/install/rp2_inter/include/rp2_inter/rp2_inter/action/detail/add_digit__rosidl_typesupport_introspection_cpp.hpp
-- Installing: /home/kiki/ros2_rop/install/rp2_inter/include/rp2_inter/rp2_inter/action/detail/add_digit__type_support.cpp
-- Up-to-date: /home/kiki/ros2_rop/install/rp2_inter/include/rp2_inter/rp2_inter/srv
-- Up-to-date: /home/kiki/ros2_rop/install/rp2_inter/include/rp2_inter/rp2_inter/srv/detail
-- Installing: /home/kiki/ros2_rop/install/rp2_inter/include/rp2_inter/rp2_inter/srv/detail/multy__rosidl_typesupport_introspection_cpp.hpp
-- Installing: /home/kiki/ros2_rop/install/rp2_inter/include/rp2_inter/rp2_inter/srv/detail/multy__type_support.cpp
-- Installing: /home/kiki/ros2_rop/install/rp2_inter/lib/librp2_inter__rosidl_typesupport_introspection_cpp.so
-- Set runtime path of "/home/kiki/ros2_rop/install/rp2_inter/lib/librp2_inter__rosidl_typesupport_introspection_cpp.so" to ""
-- Installing: /home/kiki/ros2_rop/install/rp2_inter/lib/librp2_inter__rosidl_typesupport_cpp.so
-- Set runtime path of "/home/kiki/ros2_rop/install/rp2_inter/lib/librp2_inter__rosidl_typesupport_cpp.so" to ""
-- Installing: /home/kiki/ros2_rop/install/rp2_inter/share/rp2_inter/environment/pythonpath.sh
-- Installing: /home/kiki/ros2_rop/install/rp2_inter/share/rp2_inter/environment/pythonpath.dsv
-- Installing: /home/kiki/ros2_rop/install/rp2_inter/local/lib/python3.10/dist-packages/rp2_inter-0.0.0-py3.10.egg-info
-- Installing: /home/kiki/ros2_rop/install/rp2_inter/local/lib/python3.10/dist-packages/rp2_inter-0.0.0-py3.10.egg-info/SOURCES.txt
-- Installing: /home/kiki/ros2_rop/install/rp2_inter/local/lib/python3.10/dist-packages/rp2_inter-0.0.0-py3.10.egg-info/dependency_links.txt
-- Installing: /home/kiki/ros2_rop/install/rp2_inter/local/lib/python3.10/dist-packages/rp2_inter-0.0.0-py3.10.egg-info/top_level.txt
-- Installing: /home/kiki/ros2_rop/install/rp2_inter/local/lib/python3.10/dist-packages/rp2_inter-0.0.0-py3.10.egg-info/PKG-INFO
-- Installing: /home/kiki/ros2_rop/install/rp2_inter/local/lib/python3.10/dist-packages/rp2_inter
-- Installing: /home/kiki/ros2_rop/install/rp2_inter/local/lib/python3.10/dist-packages/rp2_inter/_rp2_inter_s.ep.rosidl_typesupport_introspection_c.c
-- Installing: /home/kiki/ros2_rop/install/rp2_inter/local/lib/python3.10/dist-packages/rp2_inter/rp2_inter_s__rosidl_typesupport_introspection_c.cpython-310-x86_64-linux-gnu.so
-- Installing: /home/kiki/ros2_rop/install/rp2_inter/local/lib/python3.10/dist-packages/rp2_inter/msg
-- Installing: /home/kiki/ros2_rop/install/rp2_inter/local/lib/python3.10/dist-packages/rp2_inter/msg/_uid_s.c
-- Installing: /home/kiki/ros2_rop/install/rp2_inter/local/lib/python3.10/dist-packages/rp2_inter/msg/_uid.py
-- Installing: /home/kiki/ros2_rop/install/rp2_inter/local/lib/python3.10/dist-packages/rp2_inter/msg/__init__.py
-- Installing: /home/kiki/ros2_rop/install/rp2_inter/local/lib/python3.10/dist-packages/rp2_inter/rp2_inter_s__rosidl_typesupport_fastrtps_c.cpython-310-x86_64-linux-gnu.so
-- Installing: /home/kiki/ros2_rop/install/rp2_inter/local/lib/python3.10/dist-packages/rp2_inter/rp2_inter_s__rosidl_typesupport_c.cpython-310-x86_64-linux-gnu.so
-- Installing: /home/kiki/ros2_rop/install/rp2_inter/local/lib/python3.10/dist-packages/rp2_inter/librp2_inter__rosidl_generator_py.so
-- Installing: /home/kiki/ros2_rop/install/rp2_inter/local/lib/python3.10/dist-packages/rp2_inter/_rp2_inter_s.ep.rosidl_typesupport_fastrtps_c.c
-- Installing: /home/kiki/ros2_rop/install/rp2_inter/local/lib/python3.10/dist-packages/rp2_inter/_rp2_inter_s.ep.rosidl_typesupport_c.c
-- Installing: /home/kiki/ros2_rop/install/rp2_inter/local/lib/python3.10/dist-packages/rp2_inter/__init__.py
-- Installing: /home/kiki/ros2_rop/install/rp2_inter/local/lib/python3.10/dist-packages/rp2_inter/action
-- Installing: /home/kiki/ros2_rop/install/rp2_inter/local/lib/python3.10/dist-packages/rp2_inter/action/_add_digit_s.c
-- Installing: /home/kiki/ros2_rop/install/rp2_inter/local/lib/python3.10/dist-packages/rp2_inter/action/_add_digit.py
-- Installing: /home/kiki/ros2_rop/install/rp2_inter/local/lib/python3.10/dist-packages/rp2_inter/action/__init__.py
-- Installing: /home/kiki/ros2_rop/install/rp2_inter/local/lib/python3.10/dist-packages/rp2_inter/srv
-- Installing: /home/kiki/ros2_rop/install/rp2_inter/local/lib/python3.10/dist-packages/rp2_inter/srv/_multy_s.c
-- Installing: /home/kiki/ros2_rop/install/rp2_inter/local/lib/python3.10/dist-packages/rp2_inter/srv/__init__.py
-- Installing: /home/kiki/ros2_rop/install/rp2_inter/local/lib/python3.10/dist-packages/rp2_inter/srv/_multy.py
Listing '/home/kiki/ros2_rop/install/rp2_inter/local/lib/python3.10/dist-packages/rp2_inter'...
Compiling '/home/kiki/ros2_rop/install/rp2_inter/local/lib/python3.10/dist-packages/rp2_inter/__init__.py'...
Listing '/home/kiki/ros2_rop/install/rp2_inter/local/lib/python3.10/dist-packages/rp2_inter/action'...
Compiling '/home/kiki/ros2_rop/install/rp2_inter/local/lib/python3.10/dist-packages/rp2_inter/action/__init__.py'...
Compiling '/home/kiki/ros2_rop/install/rp2_inter/local/lib/python3.10/dist-packages/rp2_inter/action/_add_digit.py'...
Listing '/home/kiki/ros2_rop/install/rp2_inter/local/lib/python3.10/dist-packages/rp2_inter/msg'...
Compiling '/home/kiki/ros2_rop/install/rp2_inter/local/lib/python3.10/dist-packages/rp2_inter/msg/__init__.py'...
Compiling '/home/kiki/ros2_rop/install/rp2_inter/local/lib/python3.10/dist-packages/rp2_inter/msg/_uid.py'...
Listing '/home/kiki/ros2_rop/install/rp2_inter/local/lib/python3.10/dist-packages/rp2_inter/srv'...
Compiling '/home/kiki/ros2_rop/install/rp2_inter/local/lib/python3.10/dist-packages/rp2_inter/srv/__init__.py'...
Compiling '/home/kiki/ros2_rop/install/rp2_inter/local/lib/python3.10/dist-packages/rp2_inter/srv/_multy.py'...
-- Installing: /home/kiki/ros2_rop/install/rp2_inter/local/lib/python3.10/dist-packages/rp2_inter/rp2_inter_s__rosidl_typesupport_fastrtps_c.cpython-310-x86_64-linux-gnu.so
-- Set runtime path of "/home/kiki/ros2_rop/install/rp2_inter/local/lib/python3.10/dist-packages/rp2_inter/rp2_inter_s__rosidl_typesupport_fastrtps_c.cpython-310-x86_64-linux-gnu.so" to ""
-- Installing: /home/kiki/ros2_rop/install/rp2_inter/local/lib/python3.10/dist-packages/rp2_inter/rp2_inter_s__rosidl_typesupport_introspection_c.cpython-310-x86_64-linux-gnu.so
-- Set runtime path of "/home/kiki/ros2_rop/install/rp2_inter/local/lib/python3.10/dist-packages/rp2_inter/rp2_inter_s__rosidl_typesupport_introspection_c.cpython-310-x86_64-linux-gnu.so" to ""
-- Installing: /home/kiki/ros2_rop/install/rp2_inter/local/lib/python3.10/dist-packages/rp2_inter/rp2_inter_s__rosidl_typesupport_c.cpython-310-x86_64-linux-gnu.so
-- Set runtime path of "/home/kiki/ros2_rop/install/rp2_inter/local/lib/python3.10/dist-packages/rp2_inter/rp2_inter_s__rosidl_typesupport_c.cpython-310-x86_64-linux-gnu.so" to ""
-- Installing: /home/kiki/ros2_rop/install/rp2_inter/lib/librp2_inter__rosidl_generator_py.so
-- Set runtime path of "/home/kiki/ros2_rop/install/rp2_inter/lib/librp2_inter__rosidl_generator_py.so" to ""
-- Installing: /home/kiki/ros2_rop/install/rp2_inter/share/rp2_inter/msg/Uid.idl
-- Installing: /home/kiki/ros2_rop/install/rp2_inter/share/rp2_inter/srv/Multy.idl
-- Installing: /home/kiki/ros2_rop/install/rp2_inter/share/rp2_inter/action/AddDigit.idl
-- Installing: /home/kiki/ros2_rop/install/rp2_inter/share/rp2_inter/msg/Uid.msg
-- Installing: /home/kiki/ros2_rop/install/rp2_inter/share/rp2_inter/srv/Multy.srv
-- Installing: /home/kiki/ros2_rop/install/rp2_inter/share/rp2_inter/srv/Multy_Request.msg
-- Installing: /home/kiki/ros2_rop/install/rp2_inter/share/rp2_inter/srv/Multy_Response.msg
-- Installing: /home/kiki/ros2_rop/install/rp2_inter/share/rp2_inter/action/AddDigit.action
-- Installing: /home/kiki/ros2_rop/install/rp2_inter/share/ament_index/resource_index/package_run_dependencies/rp2_inter
-- Installing: /home/kiki/ros2_rop/install/rp2_inter/share/ament_index/resource_index/parent_prefix_path/rp2_inter
-- Installing: /home/kiki/ros2_rop/install/rp2_inter/share/rp2_inter/environment/ament_prefix_path.sh
-- Installing: /home/kiki/ros2_rop/install/rp2_inter/share/rp2_inter/environment/ament_prefix_path.dsv
-- Installing: /home/kiki/ros2_rop/install/rp2_inter/share/rp2_inter/environment/path.sh
-- Installing: /home/kiki/ros2_rop/install/rp2_inter/share/rp2_inter/environment/path.dsv
-- Installing: /home/kiki/ros2_rop/install/rp2_inter/share/rp2_inter/local_setup.bash
-- Installing: /home/kiki/ros2_rop/install/rp2_inter/share/rp2_inter/local_setup.sh
-- Installing: /home/kiki/ros2_rop/install/rp2_inter/share/rp2_inter/local_setup.zsh
-- Installing: /home/kiki/ros2_rop/install/rp2_inter/share/rp2_inter/local_setup.dsv
-- Installing: /home/kiki/ros2_rop/install/rp2_inter/share/rp2_inter/package.dsv
-- Installing: /home/kiki/ros2_rop/install/rp2_inter/share/ament_index/resource_index/packages/rp2_inter
-- Installing: /home/kiki/ros2_rop/install/rp2_inter/share/rp2_inter/cmake/export_rp2_inter__rosidl_generator_cExport.cmake
-- Installing: /home/kiki/ros2_rop/install/rp2_inter/share/rp2_inter/cmake/export_rp2_inter__rosidl_generator_cExport-noconfig.cmake
-- Installing: /home/kiki/ros2_rop/install/rp2_inter/share/rp2_inter/cmake/export_rp2_inter__rosidl_typesupport_fastrtps_cExport.cmake
-- Installing: /home/kiki/ros2_rop/install/rp2_inter/share/rp2_inter/cmake/export_rp2_inter__rosidl_typesupport_fastrtps_cExport-noconfig.cmake
-- Installing: /home/kiki/ros2_rop/install/rp2_inter/share/rp2_inter/cmake/rp2_inter__rosidl_typesupport_introspection_cExport.cmake
-- Installing: /home/kiki/ros2_rop/install/rp2_inter/share/rp2_inter/cmake/rp2_inter__rosidl_typesupport_introspection_cExport-noconfig.cmake
-- Installing: /home/kiki/ros2_rop/install/rp2_inter/share/rp2_inter/cmake/rp2_inter__rosidl_typesupport_cExport.cmake
-- Installing: /home/kiki/ros2_rop/install/rp2_inter/share/rp2_inter/cmake/rp2_inter__rosidl_typesupport_cExport-noconfig.cmake
-- Installing: /home/kiki/ros2_rop/install/rp2_inter/share/rp2_inter/cmake/export_rp2_inter__rosidl_generator_cppExport.cmake
-- Installing: /home/kiki/ros2_rop/install/rp2_inter/share/rp2_inter/cmake/export_rp2_inter__rosidl_typesupport_fastrtps_cppExport.cmake
-- Installing: /home/kiki/ros2_rop/install/rp2_inter/share/rp2_inter/cmake/export_rp2_inter__rosidl_typesupport_fastrtps_cppExport-noconfig.cmake
-- Installing: /home/kiki/ros2_rop/install/rp2_inter/share/rp2_inter/cmake/rp2_inter__rosidl_typesupport_introspection_cppExport.cmake
-- Installing: /home/kiki/ros2_rop/install/rp2_inter/share/rp2_inter/cmake/rp2_inter__rosidl_typesupport_introspection_cppExport-noconfig.cmake
-- Installing: /home/kiki/ros2_rop/install/rp2_inter/share/rp2_inter/cmake/rp2_inter__rosidl_typesupport_cppExport.cmake
-- Installing: /home/kiki/ros2_rop/install/rp2_inter/share/rp2_inter/cmake/rp2_inter__rosidl_typesupport_cppExport-noconfig.cmake
-- Installing: /home/kiki/ros2_rop/install/rp2_inter/share/rp2_inter/cmake/export_rp2_inter__rosidl_generator_pyExport.cmake
-- Installing: /home/kiki/ros2_rop/install/rp2_inter/share/rp2_inter/cmake/export_rp2_inter__rosidl_generator_pyExport-noconfig.cmake
-- Installing: /home/kiki/ros2_rop/install/rp2_inter/share/rp2_inter/cmake/rosidl_cmake-extras.cmake
-- Installing: /home/kiki/ros2_rop/install/rp2_inter/share/rp2_inter/cmake/ament_cmake_export_dependencies-extras.cmake
-- Installing: /home/kiki/ros2_rop/install/rp2_inter/share/rp2_inter/cmake/ament_cmake_export_include_directories-extras.cmake
-- Installing: /home/kiki/ros2_rop/install/rp2_inter/share/rp2_inter/cmake/ament_cmake_export_libraries-extras.cmake
-- Installing: /home/kiki/ros2_rop/install/rp2_inter/share/rp2_inter/cmake/ament_cmake_export_targets-extras.cmake
-- Installing: /home/kiki/ros2_rop/install/rp2_inter/share/rp2_inter/cmake/rosidl_cmake_export_typesupport_targets-extras.cmake
-- Installing: /home/kiki/ros2_rop/install/rp2_inter/share/rp2_inter/cmake/rosidl_cmake_export_typesupport_libraries-extras.cmake
-- Installing: /home/kiki/ros2_rop/install/rp2_inter/share/rp2_inter/cmake/rp2_interConfig.cmake
-- Installing: /home/kiki/ros2_rop/install/rp2_inter/share/rp2_inter/cmake/rp2_interConfig-version.cmake
-- Installing: /home/kiki/ros2_rop/install/rp2_inter/share/rp2_inter/package.xml
