[0.009s] Invoking command in '/home/kiki/ros2_rop/build/rp2_inter': CMAKE_PREFIX_PATH=${CMAKE_PREFIX_PATH}:/home/kiki/ros2_rop/install/rp2:/home/kiki/turtlebot3_ws/install/turtlebot3_teleop:/home/kiki/turtlebot3_ws/install/turtlebot3_example:/opt/ros/humble /usr/bin/cmake /home/kiki/ros2_rop/src/rp2_inter -DCMAKE_INSTALL_PREFIX=/home/kiki/ros2_rop/install/rp2_inter
[0.054s] -- The C compiler identification is GNU 11.4.0
[0.096s] -- The CXX compiler identification is GNU 11.4.0
[0.102s] -- Detecting C compiler ABI info
[0.163s] -- Detecting C compiler ABI info - done
[0.168s] -- Check for working C compiler: /usr/bin/cc - skipped
[0.168s] -- Detecting C compile features
[0.169s] -- Detecting C compile features - done
[0.171s] -- Detecting CXX compiler ABI info
[0.238s] -- Detecting CXX compiler ABI info - done
[0.243s] -- Check for working CXX compiler: /usr/bin/c++ - skipped
[0.243s] -- Detecting CXX compile features
[0.244s] -- Detecting CXX compile features - done
[0.247s] -- Found ament_cmake: 1.3.8 (/opt/ros/humble/share/ament_cmake/cmake)
[0.372s] -- Found Python3: /usr/bin/python3 (found version "3.10.12") found components: Interpreter 
[0.463s] -- Found ament_lint_auto: 0.12.10 (/opt/ros/humble/share/ament_lint_auto/cmake)
[0.514s] -- Found rosidl_default_generators: 1.2.0 (/opt/ros/humble/share/rosidl_default_generators/cmake)
[0.519s] -- Using all available rosidl_typesupport_c: rosidl_typesupport_fastrtps_c;rosidl_typesupport_introspection_c
[0.528s] -- Found rosidl_adapter: 3.1.5 (/opt/ros/humble/share/rosidl_adapter/cmake)
[0.572s] -- Using all available rosidl_typesupport_cpp: rosidl_typesupport_fastrtps_cpp;rosidl_typesupport_introspection_cpp
[0.826s] -- Found ament_cmake_ros: 0.10.0 (/opt/ros/humble/share/ament_cmake_ros/cmake)
[0.985s] -- Using all available rosidl_typesupport_c: rosidl_typesupport_fastrtps_c;rosidl_typesupport_introspection_c
[1.179s] -- Using all available rosidl_typesupport_cpp: rosidl_typesupport_fastrtps_cpp;rosidl_typesupport_introspection_cpp
[1.197s] -- Found PythonInterp: /usr/bin/python3 (found suitable version "3.10.12", minimum required is "3.6") 
[1.199s] -- Found python_cmake_module: 0.10.0 (/opt/ros/humble/share/python_cmake_module/cmake)
[1.220s] -- Found PythonLibs: /usr/lib/x86_64-linux-gnu/libpython3.10.so (found suitable version "3.10.12", minimum required is "3.5") 
[1.220s] -- Using PYTHON_EXECUTABLE: /usr/bin/python3
[1.221s] -- Using PYTHON_INCLUDE_DIRS: /usr/include/python3.10
[1.221s] -- Using PYTHON_LIBRARIES: /usr/lib/x86_64-linux-gnu/libpython3.10.so
[1.238s] -- Found PythonExtra: .so  
[1.278s] -- Configuring done
[1.307s] -- Generating done
[1.309s] -- Build files have been written to: /home/kiki/ros2_rop/build/rp2_inter
[1.315s] Invoked command in '/home/kiki/ros2_rop/build/rp2_inter' returned '0': CMAKE_PREFIX_PATH=${CMAKE_PREFIX_PATH}:/home/kiki/ros2_rop/install/rp2:/home/kiki/turtlebot3_ws/install/turtlebot3_teleop:/home/kiki/turtlebot3_ws/install/turtlebot3_example:/opt/ros/humble /usr/bin/cmake /home/kiki/ros2_rop/src/rp2_inter -DCMAKE_INSTALL_PREFIX=/home/kiki/ros2_rop/install/rp2_inter
[1.317s] Invoking command in '/home/kiki/ros2_rop/build/rp2_inter': CMAKE_PREFIX_PATH=${CMAKE_PREFIX_PATH}:/home/kiki/ros2_rop/install/rp2:/home/kiki/turtlebot3_ws/install/turtlebot3_teleop:/home/kiki/turtlebot3_ws/install/turtlebot3_example:/opt/ros/humble /usr/bin/cmake --build /home/kiki/ros2_rop/build/rp2_inter -- -j16 -l16
[1.354s] [  2%] [34m[1mGenerating C code for ROS interfaces[0m
[1.363s] [  4%] [34m[1mGenerating C++ code for ROS interfaces[0m
[1.371s] [  4%] Built target ament_cmake_python_copy_rp2_inter
[1.584s] running egg_info
[1.585s] creating rp2_inter.egg-info
[1.585s] writing rp2_inter.egg-info/PKG-INFO
[1.585s] writing dependency_links to rp2_inter.egg-info/dependency_links.txt
[1.585s] writing top-level names to rp2_inter.egg-info/top_level.txt
[1.585s] writing manifest file 'rp2_inter.egg-info/SOURCES.txt'
[1.587s] reading manifest file 'rp2_inter.egg-info/SOURCES.txt'
[1.587s] writing manifest file 'rp2_inter.egg-info/SOURCES.txt'
[1.609s] [  4%] Built target ament_cmake_python_build_rp2_inter_egg
[1.760s] [  4%] Built target rp2_inter__cpp
[1.770s] [ 14%] [34m[1mGenerating C++ introspection for ROS interfaces[0m
[1.770s] [ 17%] [34m[1mGenerating C++ type support dispatch for ROS interfaces[0m
[1.770s] [ 14%] [32mBuilding C object CMakeFiles/rp2_inter__rosidl_generator_c.dir/rosidl_generator_c/rp2_inter/msg/detail/uid__functions.c.o[0m
[1.771s] [ 17%] [32mBuilding C object CMakeFiles/rp2_inter__rosidl_generator_c.dir/rosidl_generator_c/rp2_inter/srv/detail/multy__functions.c.o[0m
[1.771s] [ 17%] [32mBuilding C object CMakeFiles/rp2_inter__rosidl_generator_c.dir/rosidl_generator_c/rp2_inter/action/detail/add_digit__functions.c.o[0m
[1.771s] [ 17%] [34m[1mGenerating C++ type support for eProsima Fast-RTPS[0m
[1.868s] [ 19%] [32m[1mLinking C shared library librp2_inter__rosidl_generator_c.so[0m
[1.904s] [ 19%] Built target rp2_inter__rosidl_generator_c
[1.914s] [ 25%] [34m[1mGenerating C type support for eProsima Fast-RTPS[0m
[1.914s] [ 25%] [34m[1mGenerating C introspection for ROS interfaces[0m
[1.914s] [ 25%] [34m[1mGenerating C type support dispatch for ROS interfaces[0m
[2.028s] [ 31%] [32mBuilding CXX object CMakeFiles/rp2_inter__rosidl_typesupport_cpp.dir/rosidl_typesupport_cpp/rp2_inter/msg/uid__type_support.cpp.o[0m
[2.028s] [ 31%] [32mBuilding CXX object CMakeFiles/rp2_inter__rosidl_typesupport_cpp.dir/rosidl_typesupport_cpp/rp2_inter/srv/multy__type_support.cpp.o[0m
[2.028s] [ 31%] [32mBuilding CXX object CMakeFiles/rp2_inter__rosidl_typesupport_cpp.dir/rosidl_typesupport_cpp/rp2_inter/action/add_digit__type_support.cpp.o[0m
[2.088s] [ 34%] [32mBuilding CXX object CMakeFiles/rp2_inter__rosidl_typesupport_introspection_cpp.dir/rosidl_typesupport_introspection_cpp/rp2_inter/msg/detail/uid__type_support.cpp.o[0m
[2.091s] [ 38%] [32mBuilding CXX object CMakeFiles/rp2_inter__rosidl_typesupport_introspection_cpp.dir/rosidl_typesupport_introspection_cpp/rp2_inter/action/detail/add_digit__type_support.cpp.o[0m
[2.091s] [ 38%] [32mBuilding CXX object CMakeFiles/rp2_inter__rosidl_typesupport_introspection_cpp.dir/rosidl_typesupport_introspection_cpp/rp2_inter/srv/detail/multy__type_support.cpp.o[0m
[2.150s] [ 40%] [32mBuilding CXX object CMakeFiles/rp2_inter__rosidl_typesupport_fastrtps_cpp.dir/rosidl_typesupport_fastrtps_cpp/rp2_inter/msg/detail/dds_fastrtps/uid__type_support.cpp.o[0m
[2.153s] [ 44%] [32mBuilding CXX object CMakeFiles/rp2_inter__rosidl_typesupport_fastrtps_cpp.dir/rosidl_typesupport_fastrtps_cpp/rp2_inter/action/detail/dds_fastrtps/add_digit__type_support.cpp.o[0m
[2.153s] [ 44%] [32mBuilding CXX object CMakeFiles/rp2_inter__rosidl_typesupport_fastrtps_cpp.dir/rosidl_typesupport_fastrtps_cpp/rp2_inter/srv/detail/dds_fastrtps/multy__type_support.cpp.o[0m
[2.239s] [ 51%] [32mBuilding CXX object CMakeFiles/rp2_inter__rosidl_typesupport_c.dir/rosidl_typesupport_c/rp2_inter/action/add_digit__type_support.cpp.o[0m
[2.239s] [ 51%] [32mBuilding CXX object CMakeFiles/rp2_inter__rosidl_typesupport_c.dir/rosidl_typesupport_c/rp2_inter/srv/multy__type_support.cpp.o[0m
[2.239s] [ 51%] [32mBuilding CXX object CMakeFiles/rp2_inter__rosidl_typesupport_c.dir/rosidl_typesupport_c/rp2_inter/msg/uid__type_support.cpp.o[0m
[2.299s] [ 53%] [32m[1mLinking CXX shared library librp2_inter__rosidl_typesupport_c.so[0m
[2.311s] [ 55%] [32mBuilding C object CMakeFiles/rp2_inter__rosidl_typesupport_introspection_c.dir/rosidl_typesupport_introspection_c/rp2_inter/msg/detail/uid__type_support.c.o[0m
[2.314s] [ 57%] [32mBuilding C object CMakeFiles/rp2_inter__rosidl_typesupport_introspection_c.dir/rosidl_typesupport_introspection_c/rp2_inter/srv/detail/multy__type_support.c.o[0m
[2.314s] [ 59%] [32mBuilding C object CMakeFiles/rp2_inter__rosidl_typesupport_introspection_c.dir/rosidl_typesupport_introspection_c/rp2_inter/action/detail/add_digit__type_support.c.o[0m
[2.360s] [ 59%] Built target rp2_inter__rosidl_typesupport_c
[2.390s] [ 61%] [32m[1mLinking C shared library librp2_inter__rosidl_typesupport_introspection_c.so[0m
[2.392s] [ 68%] [32mBuilding CXX object CMakeFiles/rp2_inter__rosidl_typesupport_fastrtps_c.dir/rosidl_typesupport_fastrtps_c/rp2_inter/msg/detail/uid__type_support_c.cpp.o[0m
[2.392s] [ 68%] [32mBuilding CXX object CMakeFiles/rp2_inter__rosidl_typesupport_fastrtps_c.dir/rosidl_typesupport_fastrtps_c/rp2_inter/action/detail/add_digit__type_support_c.cpp.o[0m
[2.392s] [ 68%] [32mBuilding CXX object CMakeFiles/rp2_inter__rosidl_typesupport_fastrtps_c.dir/rosidl_typesupport_fastrtps_c/rp2_inter/srv/detail/multy__type_support_c.cpp.o[0m
[2.441s] [ 68%] Built target rp2_inter__rosidl_typesupport_introspection_c
[2.489s] [ 70%] [32m[1mLinking CXX shared library librp2_inter__rosidl_typesupport_cpp.so[0m
[2.541s] [ 70%] Built target rp2_inter__rosidl_typesupport_cpp
[2.701s] [ 72%] [32m[1mLinking CXX shared library librp2_inter__rosidl_typesupport_introspection_cpp.so[0m
[2.739s] [ 74%] [32m[1mLinking CXX shared library librp2_inter__rosidl_typesupport_fastrtps_cpp.so[0m
[2.764s] [ 76%] [32m[1mLinking CXX shared library librp2_inter__rosidl_typesupport_fastrtps_c.so[0m
[2.769s] [ 76%] Built target rp2_inter__rosidl_typesupport_introspection_cpp
[2.805s] [ 76%] Built target rp2_inter__rosidl_typesupport_fastrtps_cpp
[2.826s] [ 76%] Built target rp2_inter__rosidl_typesupport_fastrtps_c
[2.846s] [ 76%] Built target rp2_inter
[2.864s] [ 78%] [34m[1mGenerating Python code for ROS interfaces[0m
[3.483s] [ 78%] Built target rp2_inter__py
[3.501s] [ 85%] [32mBuilding C object CMakeFiles/rp2_inter__rosidl_generator_py.dir/rosidl_generator_py/rp2_inter/msg/_uid_s.c.o[0m
[3.501s] [ 85%] [32mBuilding C object CMakeFiles/rp2_inter__rosidl_generator_py.dir/rosidl_generator_py/rp2_inter/srv/_multy_s.c.o[0m
[3.501s] [ 85%] [32mBuilding C object CMakeFiles/rp2_inter__rosidl_generator_py.dir/rosidl_generator_py/rp2_inter/action/_add_digit_s.c.o[0m
[3.611s] [ 87%] [32m[1mLinking C shared library rosidl_generator_py/rp2_inter/librp2_inter__rosidl_generator_py.so[0m
[3.649s] [ 87%] Built target rp2_inter__rosidl_generator_py
[3.668s] [ 93%] [32mBuilding C object CMakeFiles/rp2_inter__rosidl_typesupport_fastrtps_c__pyext.dir/rosidl_generator_py/rp2_inter/_rp2_inter_s.ep.rosidl_typesupport_fastrtps_c.c.o[0m
[3.668s] [ 93%] [32mBuilding C object CMakeFiles/rp2_inter__rosidl_typesupport_c__pyext.dir/rosidl_generator_py/rp2_inter/_rp2_inter_s.ep.rosidl_typesupport_c.c.o[0m
[3.668s] [ 93%] [32mBuilding C object CMakeFiles/rp2_inter__rosidl_typesupport_introspection_c__pyext.dir/rosidl_generator_py/rp2_inter/_rp2_inter_s.ep.rosidl_typesupport_introspection_c.c.o[0m
[3.770s] [100%] [32m[1mLinking C shared library rosidl_generator_py/rp2_inter/rp2_inter_s__rosidl_typesupport_introspection_c.cpython-310-x86_64-linux-gnu.so[0m
[3.770s] [100%] [32m[1mLinking C shared library rosidl_generator_py/rp2_inter/rp2_inter_s__rosidl_typesupport_c.cpython-310-x86_64-linux-gnu.so[0m
[3.770s] [100%] [32m[1mLinking C shared library rosidl_generator_py/rp2_inter/rp2_inter_s__rosidl_typesupport_fastrtps_c.cpython-310-x86_64-linux-gnu.so[0m
[3.806s] [100%] Built target rp2_inter__rosidl_typesupport_c__pyext
[3.806s] [100%] Built target rp2_inter__rosidl_typesupport_fastrtps_c__pyext
[3.806s] [100%] Built target rp2_inter__rosidl_typesupport_introspection_c__pyext
[3.817s] Invoked command in '/home/kiki/ros2_rop/build/rp2_inter' returned '0': CMAKE_PREFIX_PATH=${CMAKE_PREFIX_PATH}:/home/kiki/ros2_rop/install/rp2:/home/kiki/turtlebot3_ws/install/turtlebot3_teleop:/home/kiki/turtlebot3_ws/install/turtlebot3_example:/opt/ros/humble /usr/bin/cmake --build /home/kiki/ros2_rop/build/rp2_inter -- -j16 -l16
[3.934s] Invoking command in '/home/kiki/ros2_rop/build/rp2_inter': CMAKE_PREFIX_PATH=${CMAKE_PREFIX_PATH}:/home/kiki/ros2_rop/install/rp2:/home/kiki/turtlebot3_ws/install/turtlebot3_teleop:/home/kiki/turtlebot3_ws/install/turtlebot3_example:/opt/ros/humble /usr/bin/cmake --install /home/kiki/ros2_rop/build/rp2_inter
[3.941s] -- Install configuration: ""
[3.941s] -- Installing: /home/kiki/ros2_rop/install/rp2_inter/share/ament_index/resource_index/rosidl_interfaces/rp2_inter
[3.941s] -- Installing: /home/kiki/ros2_rop/install/rp2_inter/include/rp2_inter/rp2_inter
[3.942s] -- Installing: /home/kiki/ros2_rop/install/rp2_inter/include/rp2_inter/rp2_inter/msg
[3.942s] -- Installing: /home/kiki/ros2_rop/install/rp2_inter/include/rp2_inter/rp2_inter/msg/uid.h
[3.942s] -- Installing: /home/kiki/ros2_rop/install/rp2_inter/include/rp2_inter/rp2_inter/msg/detail
[3.942s] -- Installing: /home/kiki/ros2_rop/install/rp2_inter/include/rp2_inter/rp2_inter/msg/detail/uid__functions.h
[3.942s] -- Installing: /home/kiki/ros2_rop/install/rp2_inter/include/rp2_inter/rp2_inter/msg/detail/uid__functions.c
[3.942s] -- Installing: /home/kiki/ros2_rop/install/rp2_inter/include/rp2_inter/rp2_inter/msg/detail/uid__struct.h
[3.942s] -- Installing: /home/kiki/ros2_rop/install/rp2_inter/include/rp2_inter/rp2_inter/msg/detail/uid__type_support.h
[3.943s] -- Installing: /home/kiki/ros2_rop/install/rp2_inter/include/rp2_inter/rp2_inter/msg/rosidl_generator_c__visibility_control.h
[3.943s] -- Installing: /home/kiki/ros2_rop/install/rp2_inter/include/rp2_inter/rp2_inter/action
[3.943s] -- Installing: /home/kiki/ros2_rop/install/rp2_inter/include/rp2_inter/rp2_inter/action/detail
[3.943s] -- Installing: /home/kiki/ros2_rop/install/rp2_inter/include/rp2_inter/rp2_inter/action/detail/add_digit__functions.c
[3.943s] -- Installing: /home/kiki/ros2_rop/install/rp2_inter/include/rp2_inter/rp2_inter/action/detail/add_digit__functions.h
[3.943s] -- Installing: /home/kiki/ros2_rop/install/rp2_inter/include/rp2_inter/rp2_inter/action/detail/add_digit__type_support.h
[3.944s] -- Installing: /home/kiki/ros2_rop/install/rp2_inter/include/rp2_inter/rp2_inter/action/detail/add_digit__struct.h
[3.944s] -- Installing: /home/kiki/ros2_rop/install/rp2_inter/include/rp2_inter/rp2_inter/action/add_digit.h
[3.944s] -- Installing: /home/kiki/ros2_rop/install/rp2_inter/include/rp2_inter/rp2_inter/srv
[3.944s] -- Installing: /home/kiki/ros2_rop/install/rp2_inter/include/rp2_inter/rp2_inter/srv/detail
[3.944s] -- Installing: /home/kiki/ros2_rop/install/rp2_inter/include/rp2_inter/rp2_inter/srv/detail/multy__functions.c
[3.944s] -- Installing: /home/kiki/ros2_rop/install/rp2_inter/include/rp2_inter/rp2_inter/srv/detail/multy__struct.h
[3.944s] -- Installing: /home/kiki/ros2_rop/install/rp2_inter/include/rp2_inter/rp2_inter/srv/detail/multy__functions.h
[3.945s] -- Installing: /home/kiki/ros2_rop/install/rp2_inter/include/rp2_inter/rp2_inter/srv/detail/multy__type_support.h
[3.945s] -- Installing: /home/kiki/ros2_rop/install/rp2_inter/include/rp2_inter/rp2_inter/srv/multy.h
[3.945s] -- Installing: /home/kiki/ros2_rop/install/rp2_inter/share/rp2_inter/environment/library_path.sh
[3.945s] -- Installing: /home/kiki/ros2_rop/install/rp2_inter/share/rp2_inter/environment/library_path.dsv
[3.945s] -- Installing: /home/kiki/ros2_rop/install/rp2_inter/lib/librp2_inter__rosidl_generator_c.so
[3.946s] -- Set runtime path of "/home/kiki/ros2_rop/install/rp2_inter/lib/librp2_inter__rosidl_generator_c.so" to ""
[3.946s] -- Up-to-date: /home/kiki/ros2_rop/install/rp2_inter/include/rp2_inter/rp2_inter
[3.946s] -- Up-to-date: /home/kiki/ros2_rop/install/rp2_inter/include/rp2_inter/rp2_inter/msg
[3.946s] -- Installing: /home/kiki/ros2_rop/install/rp2_inter/include/rp2_inter/rp2_inter/msg/rosidl_typesupport_fastrtps_c__visibility_control.h
[3.946s] -- Up-to-date: /home/kiki/ros2_rop/install/rp2_inter/include/rp2_inter/rp2_inter/msg/detail
[3.946s] -- Installing: /home/kiki/ros2_rop/install/rp2_inter/include/rp2_inter/rp2_inter/msg/detail/uid__rosidl_typesupport_fastrtps_c.h
[3.946s] -- Up-to-date: /home/kiki/ros2_rop/install/rp2_inter/include/rp2_inter/rp2_inter/action
[3.946s] -- Up-to-date: /home/kiki/ros2_rop/install/rp2_inter/include/rp2_inter/rp2_inter/action/detail
[3.946s] -- Installing: /home/kiki/ros2_rop/install/rp2_inter/include/rp2_inter/rp2_inter/action/detail/add_digit__rosidl_typesupport_fastrtps_c.h
[3.947s] -- Up-to-date: /home/kiki/ros2_rop/install/rp2_inter/include/rp2_inter/rp2_inter/srv
[3.947s] -- Up-to-date: /home/kiki/ros2_rop/install/rp2_inter/include/rp2_inter/rp2_inter/srv/detail
[3.947s] -- Installing: /home/kiki/ros2_rop/install/rp2_inter/include/rp2_inter/rp2_inter/srv/detail/multy__rosidl_typesupport_fastrtps_c.h
[3.947s] -- Installing: /home/kiki/ros2_rop/install/rp2_inter/lib/librp2_inter__rosidl_typesupport_fastrtps_c.so
[3.947s] -- Set runtime path of "/home/kiki/ros2_rop/install/rp2_inter/lib/librp2_inter__rosidl_typesupport_fastrtps_c.so" to ""
[3.948s] -- Up-to-date: /home/kiki/ros2_rop/install/rp2_inter/include/rp2_inter/rp2_inter
[3.948s] -- Up-to-date: /home/kiki/ros2_rop/install/rp2_inter/include/rp2_inter/rp2_inter/msg
[3.948s] -- Up-to-date: /home/kiki/ros2_rop/install/rp2_inter/include/rp2_inter/rp2_inter/msg/detail
[3.948s] -- Installing: /home/kiki/ros2_rop/install/rp2_inter/include/rp2_inter/rp2_inter/msg/detail/uid__rosidl_typesupport_introspection_c.h
[3.948s] -- Installing: /home/kiki/ros2_rop/install/rp2_inter/include/rp2_inter/rp2_inter/msg/detail/uid__type_support.c
[3.948s] -- Installing: /home/kiki/ros2_rop/install/rp2_inter/include/rp2_inter/rp2_inter/msg/rosidl_typesupport_introspection_c__visibility_control.h
[3.948s] -- Up-to-date: /home/kiki/ros2_rop/install/rp2_inter/include/rp2_inter/rp2_inter/action
[3.948s] -- Up-to-date: /home/kiki/ros2_rop/install/rp2_inter/include/rp2_inter/rp2_inter/action/detail
[3.948s] -- Installing: /home/kiki/ros2_rop/install/rp2_inter/include/rp2_inter/rp2_inter/action/detail/add_digit__type_support.c
[3.948s] -- Installing: /home/kiki/ros2_rop/install/rp2_inter/include/rp2_inter/rp2_inter/action/detail/add_digit__rosidl_typesupport_introspection_c.h
[3.948s] -- Up-to-date: /home/kiki/ros2_rop/install/rp2_inter/include/rp2_inter/rp2_inter/srv
[3.948s] -- Up-to-date: /home/kiki/ros2_rop/install/rp2_inter/include/rp2_inter/rp2_inter/srv/detail
[3.948s] -- Installing: /home/kiki/ros2_rop/install/rp2_inter/include/rp2_inter/rp2_inter/srv/detail/multy__rosidl_typesupport_introspection_c.h
[3.948s] -- Installing: /home/kiki/ros2_rop/install/rp2_inter/include/rp2_inter/rp2_inter/srv/detail/multy__type_support.c
[3.949s] -- Installing: /home/kiki/ros2_rop/install/rp2_inter/lib/librp2_inter__rosidl_typesupport_introspection_c.so
[3.949s] -- Set runtime path of "/home/kiki/ros2_rop/install/rp2_inter/lib/librp2_inter__rosidl_typesupport_introspection_c.so" to ""
[3.949s] -- Installing: /home/kiki/ros2_rop/install/rp2_inter/lib/librp2_inter__rosidl_typesupport_c.so
[3.949s] -- Set runtime path of "/home/kiki/ros2_rop/install/rp2_inter/lib/librp2_inter__rosidl_typesupport_c.so" to ""
[3.949s] -- Up-to-date: /home/kiki/ros2_rop/install/rp2_inter/include/rp2_inter/rp2_inter
[3.949s] -- Up-to-date: /home/kiki/ros2_rop/install/rp2_inter/include/rp2_inter/rp2_inter/msg
[3.950s] -- Up-to-date: /home/kiki/ros2_rop/install/rp2_inter/include/rp2_inter/rp2_inter/msg/detail
[3.950s] -- Installing: /home/kiki/ros2_rop/install/rp2_inter/include/rp2_inter/rp2_inter/msg/detail/uid__builder.hpp
[3.950s] -- Installing: /home/kiki/ros2_rop/install/rp2_inter/include/rp2_inter/rp2_inter/msg/detail/uid__traits.hpp
[3.950s] -- Installing: /home/kiki/ros2_rop/install/rp2_inter/include/rp2_inter/rp2_inter/msg/detail/uid__struct.hpp
[3.950s] -- Installing: /home/kiki/ros2_rop/install/rp2_inter/include/rp2_inter/rp2_inter/msg/uid.hpp
[3.950s] -- Up-to-date: /home/kiki/ros2_rop/install/rp2_inter/include/rp2_inter/rp2_inter/action
[3.950s] -- Installing: /home/kiki/ros2_rop/install/rp2_inter/include/rp2_inter/rp2_inter/action/add_digit.hpp
[3.950s] -- Up-to-date: /home/kiki/ros2_rop/install/rp2_inter/include/rp2_inter/rp2_inter/action/detail
[3.950s] -- Installing: /home/kiki/ros2_rop/install/rp2_inter/include/rp2_inter/rp2_inter/action/detail/add_digit__builder.hpp
[3.950s] -- Installing: /home/kiki/ros2_rop/install/rp2_inter/include/rp2_inter/rp2_inter/action/detail/add_digit__traits.hpp
[3.950s] -- Installing: /home/kiki/ros2_rop/install/rp2_inter/include/rp2_inter/rp2_inter/action/detail/add_digit__struct.hpp
[3.950s] -- Up-to-date: /home/kiki/ros2_rop/install/rp2_inter/include/rp2_inter/rp2_inter/srv
[3.951s] -- Up-to-date: /home/kiki/ros2_rop/install/rp2_inter/include/rp2_inter/rp2_inter/srv/detail
[3.951s] -- Installing: /home/kiki/ros2_rop/install/rp2_inter/include/rp2_inter/rp2_inter/srv/detail/multy__traits.hpp
[3.951s] -- Installing: /home/kiki/ros2_rop/install/rp2_inter/include/rp2_inter/rp2_inter/srv/detail/multy__struct.hpp
[3.951s] -- Installing: /home/kiki/ros2_rop/install/rp2_inter/include/rp2_inter/rp2_inter/srv/detail/multy__builder.hpp
[3.951s] -- Installing: /home/kiki/ros2_rop/install/rp2_inter/include/rp2_inter/rp2_inter/srv/multy.hpp
[3.951s] -- Up-to-date: /home/kiki/ros2_rop/install/rp2_inter/include/rp2_inter/rp2_inter
[3.951s] -- Up-to-date: /home/kiki/ros2_rop/install/rp2_inter/include/rp2_inter/rp2_inter/msg
[3.951s] -- Up-to-date: /home/kiki/ros2_rop/install/rp2_inter/include/rp2_inter/rp2_inter/msg/detail
[3.951s] -- Installing: /home/kiki/ros2_rop/install/rp2_inter/include/rp2_inter/rp2_inter/msg/detail/dds_fastrtps
[3.951s] -- Installing: /home/kiki/ros2_rop/install/rp2_inter/include/rp2_inter/rp2_inter/msg/detail/uid__rosidl_typesupport_fastrtps_cpp.hpp
[3.951s] -- Installing: /home/kiki/ros2_rop/install/rp2_inter/include/rp2_inter/rp2_inter/msg/rosidl_typesupport_fastrtps_cpp__visibility_control.h
[3.951s] -- Up-to-date: /home/kiki/ros2_rop/install/rp2_inter/include/rp2_inter/rp2_inter/action
[3.951s] -- Up-to-date: /home/kiki/ros2_rop/install/rp2_inter/include/rp2_inter/rp2_inter/action/detail
[3.951s] -- Installing: /home/kiki/ros2_rop/install/rp2_inter/include/rp2_inter/rp2_inter/action/detail/dds_fastrtps
[3.952s] -- Installing: /home/kiki/ros2_rop/install/rp2_inter/include/rp2_inter/rp2_inter/action/detail/add_digit__rosidl_typesupport_fastrtps_cpp.hpp
[3.952s] -- Up-to-date: /home/kiki/ros2_rop/install/rp2_inter/include/rp2_inter/rp2_inter/srv
[3.952s] -- Up-to-date: /home/kiki/ros2_rop/install/rp2_inter/include/rp2_inter/rp2_inter/srv/detail
[3.952s] -- Installing: /home/kiki/ros2_rop/install/rp2_inter/include/rp2_inter/rp2_inter/srv/detail/dds_fastrtps
[3.952s] -- Installing: /home/kiki/ros2_rop/install/rp2_inter/include/rp2_inter/rp2_inter/srv/detail/multy__rosidl_typesupport_fastrtps_cpp.hpp
[3.952s] -- Installing: /home/kiki/ros2_rop/install/rp2_inter/lib/librp2_inter__rosidl_typesupport_fastrtps_cpp.so
[3.952s] -- Set runtime path of "/home/kiki/ros2_rop/install/rp2_inter/lib/librp2_inter__rosidl_typesupport_fastrtps_cpp.so" to ""
[3.952s] -- Up-to-date: /home/kiki/ros2_rop/install/rp2_inter/include/rp2_inter/rp2_inter
[3.952s] -- Up-to-date: /home/kiki/ros2_rop/install/rp2_inter/include/rp2_inter/rp2_inter/msg
[3.953s] -- Up-to-date: /home/kiki/ros2_rop/install/rp2_inter/include/rp2_inter/rp2_inter/msg/detail
[3.953s] -- Installing: /home/kiki/ros2_rop/install/rp2_inter/include/rp2_inter/rp2_inter/msg/detail/uid__type_support.cpp
[3.953s] -- Installing: /home/kiki/ros2_rop/install/rp2_inter/include/rp2_inter/rp2_inter/msg/detail/uid__rosidl_typesupport_introspection_cpp.hpp
[3.953s] -- Up-to-date: /home/kiki/ros2_rop/install/rp2_inter/include/rp2_inter/rp2_inter/action
[3.953s] -- Up-to-date: /home/kiki/ros2_rop/install/rp2_inter/include/rp2_inter/rp2_inter/action/detail
[3.953s] -- Installing: /home/kiki/ros2_rop/install/rp2_inter/include/rp2_inter/rp2_inter/action/detail/add_digit__rosidl_typesupport_introspection_cpp.hpp
[3.953s] -- Installing: /home/kiki/ros2_rop/install/rp2_inter/include/rp2_inter/rp2_inter/action/detail/add_digit__type_support.cpp
[3.953s] -- Up-to-date: /home/kiki/ros2_rop/install/rp2_inter/include/rp2_inter/rp2_inter/srv
[3.953s] -- Up-to-date: /home/kiki/ros2_rop/install/rp2_inter/include/rp2_inter/rp2_inter/srv/detail
[3.953s] -- Installing: /home/kiki/ros2_rop/install/rp2_inter/include/rp2_inter/rp2_inter/srv/detail/multy__rosidl_typesupport_introspection_cpp.hpp
[3.953s] -- Installing: /home/kiki/ros2_rop/install/rp2_inter/include/rp2_inter/rp2_inter/srv/detail/multy__type_support.cpp
[3.953s] -- Installing: /home/kiki/ros2_rop/install/rp2_inter/lib/librp2_inter__rosidl_typesupport_introspection_cpp.so
[3.954s] -- Set runtime path of "/home/kiki/ros2_rop/install/rp2_inter/lib/librp2_inter__rosidl_typesupport_introspection_cpp.so" to ""
[3.954s] -- Installing: /home/kiki/ros2_rop/install/rp2_inter/lib/librp2_inter__rosidl_typesupport_cpp.so
[3.954s] -- Set runtime path of "/home/kiki/ros2_rop/install/rp2_inter/lib/librp2_inter__rosidl_typesupport_cpp.so" to ""
[3.954s] -- Installing: /home/kiki/ros2_rop/install/rp2_inter/share/rp2_inter/environment/pythonpath.sh
[3.954s] -- Installing: /home/kiki/ros2_rop/install/rp2_inter/share/rp2_inter/environment/pythonpath.dsv
[3.954s] -- Installing: /home/kiki/ros2_rop/install/rp2_inter/local/lib/python3.10/dist-packages/rp2_inter-0.0.0-py3.10.egg-info
[3.955s] -- Installing: /home/kiki/ros2_rop/install/rp2_inter/local/lib/python3.10/dist-packages/rp2_inter-0.0.0-py3.10.egg-info/SOURCES.txt
[3.955s] -- Installing: /home/kiki/ros2_rop/install/rp2_inter/local/lib/python3.10/dist-packages/rp2_inter-0.0.0-py3.10.egg-info/dependency_links.txt
[3.955s] -- Installing: /home/kiki/ros2_rop/install/rp2_inter/local/lib/python3.10/dist-packages/rp2_inter-0.0.0-py3.10.egg-info/top_level.txt
[3.955s] -- Installing: /home/kiki/ros2_rop/install/rp2_inter/local/lib/python3.10/dist-packages/rp2_inter-0.0.0-py3.10.egg-info/PKG-INFO
[3.955s] -- Installing: /home/kiki/ros2_rop/install/rp2_inter/local/lib/python3.10/dist-packages/rp2_inter
[3.955s] -- Installing: /home/kiki/ros2_rop/install/rp2_inter/local/lib/python3.10/dist-packages/rp2_inter/_rp2_inter_s.ep.rosidl_typesupport_introspection_c.c
[3.955s] -- Installing: /home/kiki/ros2_rop/install/rp2_inter/local/lib/python3.10/dist-packages/rp2_inter/rp2_inter_s__rosidl_typesupport_introspection_c.cpython-310-x86_64-linux-gnu.so
[3.955s] -- Installing: /home/kiki/ros2_rop/install/rp2_inter/local/lib/python3.10/dist-packages/rp2_inter/msg
[3.956s] -- Installing: /home/kiki/ros2_rop/install/rp2_inter/local/lib/python3.10/dist-packages/rp2_inter/msg/_uid_s.c
[3.956s] -- Installing: /home/kiki/ros2_rop/install/rp2_inter/local/lib/python3.10/dist-packages/rp2_inter/msg/_uid.py
[3.956s] -- Installing: /home/kiki/ros2_rop/install/rp2_inter/local/lib/python3.10/dist-packages/rp2_inter/msg/__init__.py
[3.956s] -- Installing: /home/kiki/ros2_rop/install/rp2_inter/local/lib/python3.10/dist-packages/rp2_inter/rp2_inter_s__rosidl_typesupport_fastrtps_c.cpython-310-x86_64-linux-gnu.so
[3.956s] -- Installing: /home/kiki/ros2_rop/install/rp2_inter/local/lib/python3.10/dist-packages/rp2_inter/rp2_inter_s__rosidl_typesupport_c.cpython-310-x86_64-linux-gnu.so
[3.956s] -- Installing: /home/kiki/ros2_rop/install/rp2_inter/local/lib/python3.10/dist-packages/rp2_inter/librp2_inter__rosidl_generator_py.so
[3.956s] -- Installing: /home/kiki/ros2_rop/install/rp2_inter/local/lib/python3.10/dist-packages/rp2_inter/_rp2_inter_s.ep.rosidl_typesupport_fastrtps_c.c
[3.957s] -- Installing: /home/kiki/ros2_rop/install/rp2_inter/local/lib/python3.10/dist-packages/rp2_inter/_rp2_inter_s.ep.rosidl_typesupport_c.c
[3.957s] -- Installing: /home/kiki/ros2_rop/install/rp2_inter/local/lib/python3.10/dist-packages/rp2_inter/__init__.py
[3.957s] -- Installing: /home/kiki/ros2_rop/install/rp2_inter/local/lib/python3.10/dist-packages/rp2_inter/action
[3.957s] -- Installing: /home/kiki/ros2_rop/install/rp2_inter/local/lib/python3.10/dist-packages/rp2_inter/action/_add_digit_s.c
[3.957s] -- Installing: /home/kiki/ros2_rop/install/rp2_inter/local/lib/python3.10/dist-packages/rp2_inter/action/_add_digit.py
[3.957s] -- Installing: /home/kiki/ros2_rop/install/rp2_inter/local/lib/python3.10/dist-packages/rp2_inter/action/__init__.py
[3.957s] -- Installing: /home/kiki/ros2_rop/install/rp2_inter/local/lib/python3.10/dist-packages/rp2_inter/srv
[3.957s] -- Installing: /home/kiki/ros2_rop/install/rp2_inter/local/lib/python3.10/dist-packages/rp2_inter/srv/_multy_s.c
[3.957s] -- Installing: /home/kiki/ros2_rop/install/rp2_inter/local/lib/python3.10/dist-packages/rp2_inter/srv/__init__.py
[3.958s] -- Installing: /home/kiki/ros2_rop/install/rp2_inter/local/lib/python3.10/dist-packages/rp2_inter/srv/_multy.py
[3.990s] Listing '/home/kiki/ros2_rop/install/rp2_inter/local/lib/python3.10/dist-packages/rp2_inter'...
[3.990s] Compiling '/home/kiki/ros2_rop/install/rp2_inter/local/lib/python3.10/dist-packages/rp2_inter/__init__.py'...
[3.990s] Listing '/home/kiki/ros2_rop/install/rp2_inter/local/lib/python3.10/dist-packages/rp2_inter/action'...
[3.990s] Compiling '/home/kiki/ros2_rop/install/rp2_inter/local/lib/python3.10/dist-packages/rp2_inter/action/__init__.py'...
[3.990s] Compiling '/home/kiki/ros2_rop/install/rp2_inter/local/lib/python3.10/dist-packages/rp2_inter/action/_add_digit.py'...
[3.990s] Listing '/home/kiki/ros2_rop/install/rp2_inter/local/lib/python3.10/dist-packages/rp2_inter/msg'...
[3.990s] Compiling '/home/kiki/ros2_rop/install/rp2_inter/local/lib/python3.10/dist-packages/rp2_inter/msg/__init__.py'...
[3.990s] Compiling '/home/kiki/ros2_rop/install/rp2_inter/local/lib/python3.10/dist-packages/rp2_inter/msg/_uid.py'...
[3.990s] Listing '/home/kiki/ros2_rop/install/rp2_inter/local/lib/python3.10/dist-packages/rp2_inter/srv'...
[3.990s] Compiling '/home/kiki/ros2_rop/install/rp2_inter/local/lib/python3.10/dist-packages/rp2_inter/srv/__init__.py'...
[3.991s] Compiling '/home/kiki/ros2_rop/install/rp2_inter/local/lib/python3.10/dist-packages/rp2_inter/srv/_multy.py'...
[3.993s] -- Installing: /home/kiki/ros2_rop/install/rp2_inter/local/lib/python3.10/dist-packages/rp2_inter/rp2_inter_s__rosidl_typesupport_fastrtps_c.cpython-310-x86_64-linux-gnu.so
[3.994s] -- Set runtime path of "/home/kiki/ros2_rop/install/rp2_inter/local/lib/python3.10/dist-packages/rp2_inter/rp2_inter_s__rosidl_typesupport_fastrtps_c.cpython-310-x86_64-linux-gnu.so" to ""
[3.994s] -- Installing: /home/kiki/ros2_rop/install/rp2_inter/local/lib/python3.10/dist-packages/rp2_inter/rp2_inter_s__rosidl_typesupport_introspection_c.cpython-310-x86_64-linux-gnu.so
[3.994s] -- Set runtime path of "/home/kiki/ros2_rop/install/rp2_inter/local/lib/python3.10/dist-packages/rp2_inter/rp2_inter_s__rosidl_typesupport_introspection_c.cpython-310-x86_64-linux-gnu.so" to ""
[3.995s] -- Installing: /home/kiki/ros2_rop/install/rp2_inter/local/lib/python3.10/dist-packages/rp2_inter/rp2_inter_s__rosidl_typesupport_c.cpython-310-x86_64-linux-gnu.so
[3.995s] -- Set runtime path of "/home/kiki/ros2_rop/install/rp2_inter/local/lib/python3.10/dist-packages/rp2_inter/rp2_inter_s__rosidl_typesupport_c.cpython-310-x86_64-linux-gnu.so" to ""
[3.995s] -- Installing: /home/kiki/ros2_rop/install/rp2_inter/lib/librp2_inter__rosidl_generator_py.so
[3.995s] -- Set runtime path of "/home/kiki/ros2_rop/install/rp2_inter/lib/librp2_inter__rosidl_generator_py.so" to ""
[3.996s] -- Installing: /home/kiki/ros2_rop/install/rp2_inter/share/rp2_inter/msg/Uid.idl
[3.996s] -- Installing: /home/kiki/ros2_rop/install/rp2_inter/share/rp2_inter/srv/Multy.idl
[3.996s] -- Installing: /home/kiki/ros2_rop/install/rp2_inter/share/rp2_inter/action/AddDigit.idl
[3.996s] -- Installing: /home/kiki/ros2_rop/install/rp2_inter/share/rp2_inter/msg/Uid.msg
[3.996s] -- Installing: /home/kiki/ros2_rop/install/rp2_inter/share/rp2_inter/srv/Multy.srv
[3.996s] -- Installing: /home/kiki/ros2_rop/install/rp2_inter/share/rp2_inter/srv/Multy_Request.msg
[3.996s] -- Installing: /home/kiki/ros2_rop/install/rp2_inter/share/rp2_inter/srv/Multy_Response.msg
[3.996s] -- Installing: /home/kiki/ros2_rop/install/rp2_inter/share/rp2_inter/action/AddDigit.action
[3.997s] -- Installing: /home/kiki/ros2_rop/install/rp2_inter/share/ament_index/resource_index/package_run_dependencies/rp2_inter
[3.997s] -- Installing: /home/kiki/ros2_rop/install/rp2_inter/share/ament_index/resource_index/parent_prefix_path/rp2_inter
[3.997s] -- Installing: /home/kiki/ros2_rop/install/rp2_inter/share/rp2_inter/environment/ament_prefix_path.sh
[3.997s] -- Installing: /home/kiki/ros2_rop/install/rp2_inter/share/rp2_inter/environment/ament_prefix_path.dsv
[3.997s] -- Installing: /home/kiki/ros2_rop/install/rp2_inter/share/rp2_inter/environment/path.sh
[3.997s] -- Installing: /home/kiki/ros2_rop/install/rp2_inter/share/rp2_inter/environment/path.dsv
[3.997s] -- Installing: /home/kiki/ros2_rop/install/rp2_inter/share/rp2_inter/local_setup.bash
[3.998s] -- Installing: /home/kiki/ros2_rop/install/rp2_inter/share/rp2_inter/local_setup.sh
[3.998s] -- Installing: /home/kiki/ros2_rop/install/rp2_inter/share/rp2_inter/local_setup.zsh
[3.998s] -- Installing: /home/kiki/ros2_rop/install/rp2_inter/share/rp2_inter/local_setup.dsv
[3.998s] -- Installing: /home/kiki/ros2_rop/install/rp2_inter/share/rp2_inter/package.dsv
[3.998s] -- Installing: /home/kiki/ros2_rop/install/rp2_inter/share/ament_index/resource_index/packages/rp2_inter
[3.998s] -- Installing: /home/kiki/ros2_rop/install/rp2_inter/share/rp2_inter/cmake/export_rp2_inter__rosidl_generator_cExport.cmake
[3.998s] -- Installing: /home/kiki/ros2_rop/install/rp2_inter/share/rp2_inter/cmake/export_rp2_inter__rosidl_generator_cExport-noconfig.cmake
[3.999s] -- Installing: /home/kiki/ros2_rop/install/rp2_inter/share/rp2_inter/cmake/export_rp2_inter__rosidl_typesupport_fastrtps_cExport.cmake
[3.999s] -- Installing: /home/kiki/ros2_rop/install/rp2_inter/share/rp2_inter/cmake/export_rp2_inter__rosidl_typesupport_fastrtps_cExport-noconfig.cmake
[3.999s] -- Installing: /home/kiki/ros2_rop/install/rp2_inter/share/rp2_inter/cmake/rp2_inter__rosidl_typesupport_introspection_cExport.cmake
[3.999s] -- Installing: /home/kiki/ros2_rop/install/rp2_inter/share/rp2_inter/cmake/rp2_inter__rosidl_typesupport_introspection_cExport-noconfig.cmake
[3.999s] -- Installing: /home/kiki/ros2_rop/install/rp2_inter/share/rp2_inter/cmake/rp2_inter__rosidl_typesupport_cExport.cmake
[3.999s] -- Installing: /home/kiki/ros2_rop/install/rp2_inter/share/rp2_inter/cmake/rp2_inter__rosidl_typesupport_cExport-noconfig.cmake
[3.999s] -- Installing: /home/kiki/ros2_rop/install/rp2_inter/share/rp2_inter/cmake/export_rp2_inter__rosidl_generator_cppExport.cmake
[3.999s] -- Installing: /home/kiki/ros2_rop/install/rp2_inter/share/rp2_inter/cmake/export_rp2_inter__rosidl_typesupport_fastrtps_cppExport.cmake
[4.000s] -- Installing: /home/kiki/ros2_rop/install/rp2_inter/share/rp2_inter/cmake/export_rp2_inter__rosidl_typesupport_fastrtps_cppExport-noconfig.cmake
[4.000s] -- Installing: /home/kiki/ros2_rop/install/rp2_inter/share/rp2_inter/cmake/rp2_inter__rosidl_typesupport_introspection_cppExport.cmake
[4.000s] -- Installing: /home/kiki/ros2_rop/install/rp2_inter/share/rp2_inter/cmake/rp2_inter__rosidl_typesupport_introspection_cppExport-noconfig.cmake
[4.000s] -- Installing: /home/kiki/ros2_rop/install/rp2_inter/share/rp2_inter/cmake/rp2_inter__rosidl_typesupport_cppExport.cmake
[4.000s] -- Installing: /home/kiki/ros2_rop/install/rp2_inter/share/rp2_inter/cmake/rp2_inter__rosidl_typesupport_cppExport-noconfig.cmake
[4.000s] -- Installing: /home/kiki/ros2_rop/install/rp2_inter/share/rp2_inter/cmake/export_rp2_inter__rosidl_generator_pyExport.cmake
[4.000s] -- Installing: /home/kiki/ros2_rop/install/rp2_inter/share/rp2_inter/cmake/export_rp2_inter__rosidl_generator_pyExport-noconfig.cmake
[4.001s] -- Installing: /home/kiki/ros2_rop/install/rp2_inter/share/rp2_inter/cmake/rosidl_cmake-extras.cmake
[4.001s] -- Installing: /home/kiki/ros2_rop/install/rp2_inter/share/rp2_inter/cmake/ament_cmake_export_dependencies-extras.cmake
[4.001s] -- Installing: /home/kiki/ros2_rop/install/rp2_inter/share/rp2_inter/cmake/ament_cmake_export_include_directories-extras.cmake
[4.001s] -- Installing: /home/kiki/ros2_rop/install/rp2_inter/share/rp2_inter/cmake/ament_cmake_export_libraries-extras.cmake
[4.001s] -- Installing: /home/kiki/ros2_rop/install/rp2_inter/share/rp2_inter/cmake/ament_cmake_export_targets-extras.cmake
[4.001s] -- Installing: /home/kiki/ros2_rop/install/rp2_inter/share/rp2_inter/cmake/rosidl_cmake_export_typesupport_targets-extras.cmake
[4.001s] -- Installing: /home/kiki/ros2_rop/install/rp2_inter/share/rp2_inter/cmake/rosidl_cmake_export_typesupport_libraries-extras.cmake
[4.001s] -- Installing: /home/kiki/ros2_rop/install/rp2_inter/share/rp2_inter/cmake/rp2_interConfig.cmake
[4.001s] -- Installing: /home/kiki/ros2_rop/install/rp2_inter/share/rp2_inter/cmake/rp2_interConfig-version.cmake
[4.002s] -- Installing: /home/kiki/ros2_rop/install/rp2_inter/share/rp2_inter/package.xml
[4.004s] Invoked command in '/home/kiki/ros2_rop/build/rp2_inter' returned '0': CMAKE_PREFIX_PATH=${CMAKE_PREFIX_PATH}:/home/kiki/ros2_rop/install/rp2:/home/kiki/turtlebot3_ws/install/turtlebot3_teleop:/home/kiki/turtlebot3_ws/install/turtlebot3_example:/opt/ros/humble /usr/bin/cmake --install /home/kiki/ros2_rop/build/rp2_inter
