[35m[1mConsolidate compiler generated dependencies of target rp2_inter__rosidl_generator_c[0m
[  2%] Built target rp2_inter__cpp
[ 12%] Built target rp2_inter__rosidl_generator_c
[ 12%] Built target ament_cmake_python_copy_rp2_inter
[35m[1mConsolidate compiler generated dependencies of target rp2_inter__rosidl_typesupport_cpp[0m
[35m[1mConsolidate compiler generated dependencies of target rp2_inter__rosidl_typesupport_introspection_cpp[0m
[35m[1mConsolidate compiler generated dependencies of target rp2_inter__rosidl_typesupport_fastrtps_cpp[0m
[35m[1mConsolidate compiler generated dependencies of target rp2_inter__rosidl_typesupport_c[0m
[35m[1mConsolidate compiler generated dependencies of target rp2_inter__rosidl_typesupport_introspection_c[0m
[35m[1mConsolidate compiler generated dependencies of target rp2_inter__rosidl_typesupport_fastrtps_c[0m
[ 34%] Built target rp2_inter__rosidl_typesupport_introspection_c
[ 34%] Built target rp2_inter__rosidl_typesupport_c
[ 55%] Built target rp2_inter__rosidl_typesupport_cpp
[ 55%] Built target rp2_inter__rosidl_typesupport_introspection_cpp
[ 72%] Built target rp2_inter__rosidl_typesupport_fastrtps_cpp
[ 76%] Built target rp2_inter__rosidl_typesupport_fastrtps_c
[ 76%] Built target rp2_inter
[ 78%] Built target rp2_inter__py
[35m[1mConsolidate compiler generated dependencies of target rp2_inter__rosidl_generator_py[0m
[ 87%] Built target rp2_inter__rosidl_generator_py
[35m[1mConsolidate compiler generated dependencies of target rp2_inter__rosidl_typesupport_introspection_c__pyext[0m
[35m[1mConsolidate compiler generated dependencies of target rp2_inter__rosidl_typesupport_fastrtps_c__pyext[0m
[35m[1mConsolidate compiler generated dependencies of target rp2_inter__rosidl_typesupport_c__pyext[0m
[ 97%] Built target rp2_inter__rosidl_typesupport_fastrtps_c__pyext
[ 97%] Built target rp2_inter__rosidl_typesupport_c__pyext
[100%] Built target rp2_inter__rosidl_typesupport_introspection_c__pyext
running egg_info
writing rp2_inter.egg-info/PKG-INFO
writing dependency_links to rp2_inter.egg-info/dependency_links.txt
writing top-level names to rp2_inter.egg-info/top_level.txt
reading manifest file 'rp2_inter.egg-info/SOURCES.txt'
writing manifest file 'rp2_inter.egg-info/SOURCES.txt'
[100%] Built target ament_cmake_python_build_rp2_inter_egg
-- Install configuration: ""
-- Up-to-date: /home/kiki/ros2_rop/install/rp2_inter/share/ament_index/resource_index/rosidl_interfaces/rp2_inter
-- Up-to-date: /home/kiki/ros2_rop/install/rp2_inter/include/rp2_inter/rp2_inter
-- Up-to-date: /home/kiki/ros2_rop/install/rp2_inter/include/rp2_inter/rp2_inter/msg
-- Up-to-date: /home/kiki/ros2_rop/install/rp2_inter/include/rp2_inter/rp2_inter/msg/uid.h
-- Up-to-date: /home/kiki/ros2_rop/install/rp2_inter/include/rp2_inter/rp2_inter/msg/detail
-- Up-to-date: /home/kiki/ros2_rop/install/rp2_inter/include/rp2_inter/rp2_inter/msg/detail/uid__functions.h
-- Up-to-date: /home/kiki/ros2_rop/install/rp2_inter/include/rp2_inter/rp2_inter/msg/detail/uid__functions.c
-- Up-to-date: /home/kiki/ros2_rop/install/rp2_inter/include/rp2_inter/rp2_inter/msg/detail/uid__struct.h
-- Up-to-date: /home/kiki/ros2_rop/install/rp2_inter/include/rp2_inter/rp2_inter/msg/detail/uid__type_support.h
-- Up-to-date: /home/kiki/ros2_rop/install/rp2_inter/include/rp2_inter/rp2_inter/msg/rosidl_generator_c__visibility_control.h
-- Up-to-date: /home/kiki/ros2_rop/install/rp2_inter/include/rp2_inter/rp2_inter/action
-- Up-to-date: /home/kiki/ros2_rop/install/rp2_inter/include/rp2_inter/rp2_inter/action/detail
-- Up-to-date: /home/kiki/ros2_rop/install/rp2_inter/include/rp2_inter/rp2_inter/action/detail/add_digit__functions.c
-- Up-to-date: /home/kiki/ros2_rop/install/rp2_inter/include/rp2_inter/rp2_inter/action/detail/add_digit__functions.h
-- Up-to-date: /home/kiki/ros2_rop/install/rp2_inter/include/rp2_inter/rp2_inter/action/detail/add_digit__type_support.h
-- Up-to-date: /home/kiki/ros2_rop/install/rp2_inter/include/rp2_inter/rp2_inter/action/detail/add_digit__struct.h
-- Up-to-date: /home/kiki/ros2_rop/install/rp2_inter/include/rp2_inter/rp2_inter/action/add_digit.h
-- Up-to-date: /home/kiki/ros2_rop/install/rp2_inter/include/rp2_inter/rp2_inter/srv
-- Up-to-date: /home/kiki/ros2_rop/install/rp2_inter/include/rp2_inter/rp2_inter/srv/detail
-- Up-to-date: /home/kiki/ros2_rop/install/rp2_inter/include/rp2_inter/rp2_inter/srv/detail/multy__functions.c
-- Up-to-date: /home/kiki/ros2_rop/install/rp2_inter/include/rp2_inter/rp2_inter/srv/detail/multy__struct.h
-- Up-to-date: /home/kiki/ros2_rop/install/rp2_inter/include/rp2_inter/rp2_inter/srv/detail/multy__functions.h
-- Up-to-date: /home/kiki/ros2_rop/install/rp2_inter/include/rp2_inter/rp2_inter/srv/detail/multy__type_support.h
-- Up-to-date: /home/kiki/ros2_rop/install/rp2_inter/include/rp2_inter/rp2_inter/srv/multy.h
-- Up-to-date: /home/kiki/ros2_rop/install/rp2_inter/share/rp2_inter/environment/library_path.sh
-- Up-to-date: /home/kiki/ros2_rop/install/rp2_inter/share/rp2_inter/environment/library_path.dsv
-- Up-to-date: /home/kiki/ros2_rop/install/rp2_inter/lib/librp2_inter__rosidl_generator_c.so
-- Up-to-date: /home/kiki/ros2_rop/install/rp2_inter/include/rp2_inter/rp2_inter
-- Up-to-date: /home/kiki/ros2_rop/install/rp2_inter/include/rp2_inter/rp2_inter/msg
-- Up-to-date: /home/kiki/ros2_rop/install/rp2_inter/include/rp2_inter/rp2_inter/msg/rosidl_typesupport_fastrtps_c__visibility_control.h
-- Up-to-date: /home/kiki/ros2_rop/install/rp2_inter/include/rp2_inter/rp2_inter/msg/detail
-- Up-to-date: /home/kiki/ros2_rop/install/rp2_inter/include/rp2_inter/rp2_inter/msg/detail/uid__rosidl_typesupport_fastrtps_c.h
-- Up-to-date: /home/kiki/ros2_rop/install/rp2_inter/include/rp2_inter/rp2_inter/action
-- Up-to-date: /home/kiki/ros2_rop/install/rp2_inter/include/rp2_inter/rp2_inter/action/detail
-- Up-to-date: /home/kiki/ros2_rop/install/rp2_inter/include/rp2_inter/rp2_inter/action/detail/add_digit__rosidl_typesupport_fastrtps_c.h
-- Up-to-date: /home/kiki/ros2_rop/install/rp2_inter/include/rp2_inter/rp2_inter/srv
-- Up-to-date: /home/kiki/ros2_rop/install/rp2_inter/include/rp2_inter/rp2_inter/srv/detail
-- Up-to-date: /home/kiki/ros2_rop/install/rp2_inter/include/rp2_inter/rp2_inter/srv/detail/multy__rosidl_typesupport_fastrtps_c.h
-- Up-to-date: /home/kiki/ros2_rop/install/rp2_inter/lib/librp2_inter__rosidl_typesupport_fastrtps_c.so
-- Up-to-date: /home/kiki/ros2_rop/install/rp2_inter/include/rp2_inter/rp2_inter
-- Up-to-date: /home/kiki/ros2_rop/install/rp2_inter/include/rp2_inter/rp2_inter/msg
-- Up-to-date: /home/kiki/ros2_rop/install/rp2_inter/include/rp2_inter/rp2_inter/msg/detail
-- Up-to-date: /home/kiki/ros2_rop/install/rp2_inter/include/rp2_inter/rp2_inter/msg/detail/uid__rosidl_typesupport_introspection_c.h
-- Up-to-date: /home/kiki/ros2_rop/install/rp2_inter/include/rp2_inter/rp2_inter/msg/detail/uid__type_support.c
-- Up-to-date: /home/kiki/ros2_rop/install/rp2_inter/include/rp2_inter/rp2_inter/msg/rosidl_typesupport_introspection_c__visibility_control.h
-- Up-to-date: /home/kiki/ros2_rop/install/rp2_inter/include/rp2_inter/rp2_inter/action
-- Up-to-date: /home/kiki/ros2_rop/install/rp2_inter/include/rp2_inter/rp2_inter/action/detail
-- Up-to-date: /home/kiki/ros2_rop/install/rp2_inter/include/rp2_inter/rp2_inter/action/detail/add_digit__type_support.c
-- Up-to-date: /home/kiki/ros2_rop/install/rp2_inter/include/rp2_inter/rp2_inter/action/detail/add_digit__rosidl_typesupport_introspection_c.h
-- Up-to-date: /home/kiki/ros2_rop/install/rp2_inter/include/rp2_inter/rp2_inter/srv
-- Up-to-date: /home/kiki/ros2_rop/install/rp2_inter/include/rp2_inter/rp2_inter/srv/detail
-- Up-to-date: /home/kiki/ros2_rop/install/rp2_inter/include/rp2_inter/rp2_inter/srv/detail/multy__rosidl_typesupport_introspection_c.h
-- Up-to-date: /home/kiki/ros2_rop/install/rp2_inter/include/rp2_inter/rp2_inter/srv/detail/multy__type_support.c
-- Up-to-date: /home/kiki/ros2_rop/install/rp2_inter/lib/librp2_inter__rosidl_typesupport_introspection_c.so
-- Up-to-date: /home/kiki/ros2_rop/install/rp2_inter/lib/librp2_inter__rosidl_typesupport_c.so
-- Up-to-date: /home/kiki/ros2_rop/install/rp2_inter/include/rp2_inter/rp2_inter
-- Up-to-date: /home/kiki/ros2_rop/install/rp2_inter/include/rp2_inter/rp2_inter/msg
-- Up-to-date: /home/kiki/ros2_rop/install/rp2_inter/include/rp2_inter/rp2_inter/msg/detail
-- Up-to-date: /home/kiki/ros2_rop/install/rp2_inter/include/rp2_inter/rp2_inter/msg/detail/uid__builder.hpp
-- Up-to-date: /home/kiki/ros2_rop/install/rp2_inter/include/rp2_inter/rp2_inter/msg/detail/uid__traits.hpp
-- Up-to-date: /home/kiki/ros2_rop/install/rp2_inter/include/rp2_inter/rp2_inter/msg/detail/uid__struct.hpp
-- Up-to-date: /home/kiki/ros2_rop/install/rp2_inter/include/rp2_inter/rp2_inter/msg/uid.hpp
-- Up-to-date: /home/kiki/ros2_rop/install/rp2_inter/include/rp2_inter/rp2_inter/action
-- Up-to-date: /home/kiki/ros2_rop/install/rp2_inter/include/rp2_inter/rp2_inter/action/add_digit.hpp
-- Up-to-date: /home/kiki/ros2_rop/install/rp2_inter/include/rp2_inter/rp2_inter/action/detail
-- Up-to-date: /home/kiki/ros2_rop/install/rp2_inter/include/rp2_inter/rp2_inter/action/detail/add_digit__builder.hpp
-- Up-to-date: /home/kiki/ros2_rop/install/rp2_inter/include/rp2_inter/rp2_inter/action/detail/add_digit__traits.hpp
-- Up-to-date: /home/kiki/ros2_rop/install/rp2_inter/include/rp2_inter/rp2_inter/action/detail/add_digit__struct.hpp
-- Up-to-date: /home/kiki/ros2_rop/install/rp2_inter/include/rp2_inter/rp2_inter/srv
-- Up-to-date: /home/kiki/ros2_rop/install/rp2_inter/include/rp2_inter/rp2_inter/srv/detail
-- Up-to-date: /home/kiki/ros2_rop/install/rp2_inter/include/rp2_inter/rp2_inter/srv/detail/multy__traits.hpp
-- Up-to-date: /home/kiki/ros2_rop/install/rp2_inter/include/rp2_inter/rp2_inter/srv/detail/multy__struct.hpp
-- Up-to-date: /home/kiki/ros2_rop/install/rp2_inter/include/rp2_inter/rp2_inter/srv/detail/multy__builder.hpp
-- Up-to-date: /home/kiki/ros2_rop/install/rp2_inter/include/rp2_inter/rp2_inter/srv/multy.hpp
-- Up-to-date: /home/kiki/ros2_rop/install/rp2_inter/include/rp2_inter/rp2_inter
-- Up-to-date: /home/kiki/ros2_rop/install/rp2_inter/include/rp2_inter/rp2_inter/msg
-- Up-to-date: /home/kiki/ros2_rop/install/rp2_inter/include/rp2_inter/rp2_inter/msg/detail
-- Up-to-date: /home/kiki/ros2_rop/install/rp2_inter/include/rp2_inter/rp2_inter/msg/detail/dds_fastrtps
-- Up-to-date: /home/kiki/ros2_rop/install/rp2_inter/include/rp2_inter/rp2_inter/msg/detail/uid__rosidl_typesupport_fastrtps_cpp.hpp
-- Up-to-date: /home/kiki/ros2_rop/install/rp2_inter/include/rp2_inter/rp2_inter/msg/rosidl_typesupport_fastrtps_cpp__visibility_control.h
-- Up-to-date: /home/kiki/ros2_rop/install/rp2_inter/include/rp2_inter/rp2_inter/action
-- Up-to-date: /home/kiki/ros2_rop/install/rp2_inter/include/rp2_inter/rp2_inter/action/detail
-- Up-to-date: /home/kiki/ros2_rop/install/rp2_inter/include/rp2_inter/rp2_inter/action/detail/dds_fastrtps
-- Up-to-date: /home/kiki/ros2_rop/install/rp2_inter/include/rp2_inter/rp2_inter/action/detail/add_digit__rosidl_typesupport_fastrtps_cpp.hpp
-- Up-to-date: /home/kiki/ros2_rop/install/rp2_inter/include/rp2_inter/rp2_inter/srv
-- Up-to-date: /home/kiki/ros2_rop/install/rp2_inter/include/rp2_inter/rp2_inter/srv/detail
-- Up-to-date: /home/kiki/ros2_rop/install/rp2_inter/include/rp2_inter/rp2_inter/srv/detail/dds_fastrtps
-- Up-to-date: /home/kiki/ros2_rop/install/rp2_inter/include/rp2_inter/rp2_inter/srv/detail/multy__rosidl_typesupport_fastrtps_cpp.hpp
-- Up-to-date: /home/kiki/ros2_rop/install/rp2_inter/lib/librp2_inter__rosidl_typesupport_fastrtps_cpp.so
-- Up-to-date: /home/kiki/ros2_rop/install/rp2_inter/include/rp2_inter/rp2_inter
-- Up-to-date: /home/kiki/ros2_rop/install/rp2_inter/include/rp2_inter/rp2_inter/msg
-- Up-to-date: /home/kiki/ros2_rop/install/rp2_inter/include/rp2_inter/rp2_inter/msg/detail
-- Up-to-date: /home/kiki/ros2_rop/install/rp2_inter/include/rp2_inter/rp2_inter/msg/detail/uid__type_support.cpp
-- Up-to-date: /home/kiki/ros2_rop/install/rp2_inter/include/rp2_inter/rp2_inter/msg/detail/uid__rosidl_typesupport_introspection_cpp.hpp
-- Up-to-date: /home/kiki/ros2_rop/install/rp2_inter/include/rp2_inter/rp2_inter/action
-- Up-to-date: /home/kiki/ros2_rop/install/rp2_inter/include/rp2_inter/rp2_inter/action/detail
-- Up-to-date: /home/kiki/ros2_rop/install/rp2_inter/include/rp2_inter/rp2_inter/action/detail/add_digit__rosidl_typesupport_introspection_cpp.hpp
-- Up-to-date: /home/kiki/ros2_rop/install/rp2_inter/include/rp2_inter/rp2_inter/action/detail/add_digit__type_support.cpp
-- Up-to-date: /home/kiki/ros2_rop/install/rp2_inter/include/rp2_inter/rp2_inter/srv
-- Up-to-date: /home/kiki/ros2_rop/install/rp2_inter/include/rp2_inter/rp2_inter/srv/detail
-- Up-to-date: /home/kiki/ros2_rop/install/rp2_inter/include/rp2_inter/rp2_inter/srv/detail/multy__rosidl_typesupport_introspection_cpp.hpp
-- Up-to-date: /home/kiki/ros2_rop/install/rp2_inter/include/rp2_inter/rp2_inter/srv/detail/multy__type_support.cpp
-- Up-to-date: /home/kiki/ros2_rop/install/rp2_inter/lib/librp2_inter__rosidl_typesupport_introspection_cpp.so
-- Up-to-date: /home/kiki/ros2_rop/install/rp2_inter/lib/librp2_inter__rosidl_typesupport_cpp.so
-- Up-to-date: /home/kiki/ros2_rop/install/rp2_inter/share/rp2_inter/environment/pythonpath.sh
-- Up-to-date: /home/kiki/ros2_rop/install/rp2_inter/share/rp2_inter/environment/pythonpath.dsv
-- Up-to-date: /home/kiki/ros2_rop/install/rp2_inter/local/lib/python3.10/dist-packages/rp2_inter-0.0.0-py3.10.egg-info
-- Installing: /home/kiki/ros2_rop/install/rp2_inter/local/lib/python3.10/dist-packages/rp2_inter-0.0.0-py3.10.egg-info/SOURCES.txt
-- Installing: /home/kiki/ros2_rop/install/rp2_inter/local/lib/python3.10/dist-packages/rp2_inter-0.0.0-py3.10.egg-info/dependency_links.txt
-- Installing: /home/kiki/ros2_rop/install/rp2_inter/local/lib/python3.10/dist-packages/rp2_inter-0.0.0-py3.10.egg-info/top_level.txt
-- Installing: /home/kiki/ros2_rop/install/rp2_inter/local/lib/python3.10/dist-packages/rp2_inter-0.0.0-py3.10.egg-info/PKG-INFO
-- Up-to-date: /home/kiki/ros2_rop/install/rp2_inter/local/lib/python3.10/dist-packages/rp2_inter
-- Up-to-date: /home/kiki/ros2_rop/install/rp2_inter/local/lib/python3.10/dist-packages/rp2_inter/_rp2_inter_s.ep.rosidl_typesupport_introspection_c.c
-- Up-to-date: /home/kiki/ros2_rop/install/rp2_inter/local/lib/python3.10/dist-packages/rp2_inter/rp2_inter_s__rosidl_typesupport_introspection_c.cpython-310-x86_64-linux-gnu.so
-- Up-to-date: /home/kiki/ros2_rop/install/rp2_inter/local/lib/python3.10/dist-packages/rp2_inter/msg
-- Up-to-date: /home/kiki/ros2_rop/install/rp2_inter/local/lib/python3.10/dist-packages/rp2_inter/msg/_uid_s.c
-- Up-to-date: /home/kiki/ros2_rop/install/rp2_inter/local/lib/python3.10/dist-packages/rp2_inter/msg/_uid.py
-- Up-to-date: /home/kiki/ros2_rop/install/rp2_inter/local/lib/python3.10/dist-packages/rp2_inter/msg/__init__.py
-- Up-to-date: /home/kiki/ros2_rop/install/rp2_inter/local/lib/python3.10/dist-packages/rp2_inter/rp2_inter_s__rosidl_typesupport_fastrtps_c.cpython-310-x86_64-linux-gnu.so
-- Up-to-date: /home/kiki/ros2_rop/install/rp2_inter/local/lib/python3.10/dist-packages/rp2_inter/rp2_inter_s__rosidl_typesupport_c.cpython-310-x86_64-linux-gnu.so
-- Up-to-date: /home/kiki/ros2_rop/install/rp2_inter/local/lib/python3.10/dist-packages/rp2_inter/librp2_inter__rosidl_generator_py.so
-- Up-to-date: /home/kiki/ros2_rop/install/rp2_inter/local/lib/python3.10/dist-packages/rp2_inter/_rp2_inter_s.ep.rosidl_typesupport_fastrtps_c.c
-- Up-to-date: /home/kiki/ros2_rop/install/rp2_inter/local/lib/python3.10/dist-packages/rp2_inter/_rp2_inter_s.ep.rosidl_typesupport_c.c
-- Up-to-date: /home/kiki/ros2_rop/install/rp2_inter/local/lib/python3.10/dist-packages/rp2_inter/__init__.py
-- Up-to-date: /home/kiki/ros2_rop/install/rp2_inter/local/lib/python3.10/dist-packages/rp2_inter/action
-- Up-to-date: /home/kiki/ros2_rop/install/rp2_inter/local/lib/python3.10/dist-packages/rp2_inter/action/_add_digit_s.c
-- Up-to-date: /home/kiki/ros2_rop/install/rp2_inter/local/lib/python3.10/dist-packages/rp2_inter/action/_add_digit.py
-- Up-to-date: /home/kiki/ros2_rop/install/rp2_inter/local/lib/python3.10/dist-packages/rp2_inter/action/__init__.py
-- Up-to-date: /home/kiki/ros2_rop/install/rp2_inter/local/lib/python3.10/dist-packages/rp2_inter/srv
-- Up-to-date: /home/kiki/ros2_rop/install/rp2_inter/local/lib/python3.10/dist-packages/rp2_inter/srv/_multy_s.c
-- Up-to-date: /home/kiki/ros2_rop/install/rp2_inter/local/lib/python3.10/dist-packages/rp2_inter/srv/__init__.py
-- Up-to-date: /home/kiki/ros2_rop/install/rp2_inter/local/lib/python3.10/dist-packages/rp2_inter/srv/_multy.py
Listing '/home/kiki/ros2_rop/install/rp2_inter/local/lib/python3.10/dist-packages/rp2_inter'...
Listing '/home/kiki/ros2_rop/install/rp2_inter/local/lib/python3.10/dist-packages/rp2_inter/action'...
Listing '/home/kiki/ros2_rop/install/rp2_inter/local/lib/python3.10/dist-packages/rp2_inter/msg'...
Listing '/home/kiki/ros2_rop/install/rp2_inter/local/lib/python3.10/dist-packages/rp2_inter/srv'...
-- Up-to-date: /home/kiki/ros2_rop/install/rp2_inter/local/lib/python3.10/dist-packages/rp2_inter/rp2_inter_s__rosidl_typesupport_fastrtps_c.cpython-310-x86_64-linux-gnu.so
-- Up-to-date: /home/kiki/ros2_rop/install/rp2_inter/local/lib/python3.10/dist-packages/rp2_inter/rp2_inter_s__rosidl_typesupport_introspection_c.cpython-310-x86_64-linux-gnu.so
-- Up-to-date: /home/kiki/ros2_rop/install/rp2_inter/local/lib/python3.10/dist-packages/rp2_inter/rp2_inter_s__rosidl_typesupport_c.cpython-310-x86_64-linux-gnu.so
-- Up-to-date: /home/kiki/ros2_rop/install/rp2_inter/lib/librp2_inter__rosidl_generator_py.so
-- Up-to-date: /home/kiki/ros2_rop/install/rp2_inter/share/rp2_inter/msg/Uid.idl
-- Up-to-date: /home/kiki/ros2_rop/install/rp2_inter/share/rp2_inter/srv/Multy.idl
-- Up-to-date: /home/kiki/ros2_rop/install/rp2_inter/share/rp2_inter/action/AddDigit.idl
-- Up-to-date: /home/kiki/ros2_rop/install/rp2_inter/share/rp2_inter/msg/Uid.msg
-- Up-to-date: /home/kiki/ros2_rop/install/rp2_inter/share/rp2_inter/srv/Multy.srv
-- Up-to-date: /home/kiki/ros2_rop/install/rp2_inter/share/rp2_inter/srv/Multy_Request.msg
-- Up-to-date: /home/kiki/ros2_rop/install/rp2_inter/share/rp2_inter/srv/Multy_Response.msg
-- Up-to-date: /home/kiki/ros2_rop/install/rp2_inter/share/rp2_inter/action/AddDigit.action
-- Up-to-date: /home/kiki/ros2_rop/install/rp2_inter/share/ament_index/resource_index/package_run_dependencies/rp2_inter
-- Up-to-date: /home/kiki/ros2_rop/install/rp2_inter/share/ament_index/resource_index/parent_prefix_path/rp2_inter
-- Up-to-date: /home/kiki/ros2_rop/install/rp2_inter/share/rp2_inter/environment/ament_prefix_path.sh
-- Up-to-date: /home/kiki/ros2_rop/install/rp2_inter/share/rp2_inter/environment/ament_prefix_path.dsv
-- Up-to-date: /home/kiki/ros2_rop/install/rp2_inter/share/rp2_inter/environment/path.sh
-- Up-to-date: /home/kiki/ros2_rop/install/rp2_inter/share/rp2_inter/environment/path.dsv
-- Up-to-date: /home/kiki/ros2_rop/install/rp2_inter/share/rp2_inter/local_setup.bash
-- Up-to-date: /home/kiki/ros2_rop/install/rp2_inter/share/rp2_inter/local_setup.sh
-- Up-to-date: /home/kiki/ros2_rop/install/rp2_inter/share/rp2_inter/local_setup.zsh
-- Up-to-date: /home/kiki/ros2_rop/install/rp2_inter/share/rp2_inter/local_setup.dsv
-- Installing: /home/kiki/ros2_rop/install/rp2_inter/share/rp2_inter/package.dsv
-- Up-to-date: /home/kiki/ros2_rop/install/rp2_inter/share/ament_index/resource_index/packages/rp2_inter
-- Up-to-date: /home/kiki/ros2_rop/install/rp2_inter/share/rp2_inter/cmake/export_rp2_inter__rosidl_generator_cExport.cmake
-- Up-to-date: /home/kiki/ros2_rop/install/rp2_inter/share/rp2_inter/cmake/export_rp2_inter__rosidl_generator_cExport-noconfig.cmake
-- Up-to-date: /home/kiki/ros2_rop/install/rp2_inter/share/rp2_inter/cmake/export_rp2_inter__rosidl_typesupport_fastrtps_cExport.cmake
-- Up-to-date: /home/kiki/ros2_rop/install/rp2_inter/share/rp2_inter/cmake/export_rp2_inter__rosidl_typesupport_fastrtps_cExport-noconfig.cmake
-- Up-to-date: /home/kiki/ros2_rop/install/rp2_inter/share/rp2_inter/cmake/rp2_inter__rosidl_typesupport_introspection_cExport.cmake
-- Up-to-date: /home/kiki/ros2_rop/install/rp2_inter/share/rp2_inter/cmake/rp2_inter__rosidl_typesupport_introspection_cExport-noconfig.cmake
-- Up-to-date: /home/kiki/ros2_rop/install/rp2_inter/share/rp2_inter/cmake/rp2_inter__rosidl_typesupport_cExport.cmake
-- Up-to-date: /home/kiki/ros2_rop/install/rp2_inter/share/rp2_inter/cmake/rp2_inter__rosidl_typesupport_cExport-noconfig.cmake
-- Up-to-date: /home/kiki/ros2_rop/install/rp2_inter/share/rp2_inter/cmake/export_rp2_inter__rosidl_generator_cppExport.cmake
-- Up-to-date: /home/kiki/ros2_rop/install/rp2_inter/share/rp2_inter/cmake/export_rp2_inter__rosidl_typesupport_fastrtps_cppExport.cmake
-- Up-to-date: /home/kiki/ros2_rop/install/rp2_inter/share/rp2_inter/cmake/export_rp2_inter__rosidl_typesupport_fastrtps_cppExport-noconfig.cmake
-- Up-to-date: /home/kiki/ros2_rop/install/rp2_inter/share/rp2_inter/cmake/rp2_inter__rosidl_typesupport_introspection_cppExport.cmake
-- Up-to-date: /home/kiki/ros2_rop/install/rp2_inter/share/rp2_inter/cmake/rp2_inter__rosidl_typesupport_introspection_cppExport-noconfig.cmake
-- Up-to-date: /home/kiki/ros2_rop/install/rp2_inter/share/rp2_inter/cmake/rp2_inter__rosidl_typesupport_cppExport.cmake
-- Up-to-date: /home/kiki/ros2_rop/install/rp2_inter/share/rp2_inter/cmake/rp2_inter__rosidl_typesupport_cppExport-noconfig.cmake
-- Up-to-date: /home/kiki/ros2_rop/install/rp2_inter/share/rp2_inter/cmake/export_rp2_inter__rosidl_generator_pyExport.cmake
-- Up-to-date: /home/kiki/ros2_rop/install/rp2_inter/share/rp2_inter/cmake/export_rp2_inter__rosidl_generator_pyExport-noconfig.cmake
-- Up-to-date: /home/kiki/ros2_rop/install/rp2_inter/share/rp2_inter/cmake/rosidl_cmake-extras.cmake
-- Up-to-date: /home/kiki/ros2_rop/install/rp2_inter/share/rp2_inter/cmake/ament_cmake_export_dependencies-extras.cmake
-- Up-to-date: /home/kiki/ros2_rop/install/rp2_inter/share/rp2_inter/cmake/ament_cmake_export_include_directories-extras.cmake
-- Up-to-date: /home/kiki/ros2_rop/install/rp2_inter/share/rp2_inter/cmake/ament_cmake_export_libraries-extras.cmake
-- Up-to-date: /home/kiki/ros2_rop/install/rp2_inter/share/rp2_inter/cmake/ament_cmake_export_targets-extras.cmake
-- Up-to-date: /home/kiki/ros2_rop/install/rp2_inter/share/rp2_inter/cmake/rosidl_cmake_export_typesupport_targets-extras.cmake
-- Up-to-date: /home/kiki/ros2_rop/install/rp2_inter/share/rp2_inter/cmake/rosidl_cmake_export_typesupport_libraries-extras.cmake
-- Up-to-date: /home/kiki/ros2_rop/install/rp2_inter/share/rp2_inter/cmake/rp2_interConfig.cmake
-- Up-to-date: /home/kiki/ros2_rop/install/rp2_inter/share/rp2_inter/cmake/rp2_interConfig-version.cmake
-- Up-to-date: /home/kiki/ros2_rop/install/rp2_inter/share/rp2_inter/package.xml
