running egg_info
creating ../../build/rp2/rp2.egg-info
writing ../../build/rp2/rp2.egg-info/PKG-INFO
writing dependency_links to ../../build/rp2/rp2.egg-info/dependency_links.txt
writing entry points to ../../build/rp2/rp2.egg-info/entry_points.txt
writing requirements to ../../build/rp2/rp2.egg-info/requires.txt
writing top-level names to ../../build/rp2/rp2.egg-info/top_level.txt
writing manifest file '../../build/rp2/rp2.egg-info/SOURCES.txt'
reading manifest file '../../build/rp2/rp2.egg-info/SOURCES.txt'
adding license file 'LICENSE'
writing manifest file '../../build/rp2/rp2.egg-info/SOURCES.txt'
running build
running build_py
creating /home/kiki/ros2_rop/build/rp2/build
creating /home/kiki/ros2_rop/build/rp2/build/lib
creating /home/kiki/ros2_rop/build/rp2/build/lib/rp2
copying rp2/node2.py -> /home/kiki/ros2_rop/build/rp2/build/lib/rp2
copying rp2/__init__.py -> /home/kiki/ros2_rop/build/rp2/build/lib/rp2
copying rp2/node1.py -> /home/kiki/ros2_rop/build/rp2/build/lib/rp2
running install
running install_lib
creating /home/kiki/ros2_rop/install/rp2/lib/python3.10/site-packages/rp2
copying /home/kiki/ros2_rop/build/rp2/build/lib/rp2/node2.py -> /home/kiki/ros2_rop/install/rp2/lib/python3.10/site-packages/rp2
copying /home/kiki/ros2_rop/build/rp2/build/lib/rp2/__init__.py -> /home/kiki/ros2_rop/install/rp2/lib/python3.10/site-packages/rp2
copying /home/kiki/ros2_rop/build/rp2/build/lib/rp2/node1.py -> /home/kiki/ros2_rop/install/rp2/lib/python3.10/site-packages/rp2
byte-compiling /home/kiki/ros2_rop/install/rp2/lib/python3.10/site-packages/rp2/node2.py to node2.cpython-310.pyc
byte-compiling /home/kiki/ros2_rop/install/rp2/lib/python3.10/site-packages/rp2/__init__.py to __init__.cpython-310.pyc
byte-compiling /home/kiki/ros2_rop/install/rp2/lib/python3.10/site-packages/rp2/node1.py to node1.cpython-310.pyc
running install_data
creating /home/kiki/ros2_rop/install/rp2/share/ament_index
creating /home/kiki/ros2_rop/install/rp2/share/ament_index/resource_index
creating /home/kiki/ros2_rop/install/rp2/share/ament_index/resource_index/packages
copying resource/rp2 -> /home/kiki/ros2_rop/install/rp2/share/ament_index/resource_index/packages
copying package.xml -> /home/kiki/ros2_rop/install/rp2/share/rp2
running install_egg_info
Copying ../../build/rp2/rp2.egg-info to /home/kiki/ros2_rop/install/rp2/lib/python3.10/site-packages/rp2-0.0.0-py3.10.egg-info
running install_scripts
Installing node1 script to /home/kiki/ros2_rop/install/rp2/lib/rp2
Installing node2 script to /home/kiki/ros2_rop/install/rp2/lib/rp2
writing list of installed files to '/home/kiki/ros2_rop/build/rp2/install.log'
