[0.464s] Invoking command in '/home/kiki/ros2_rop/src/rp2': CMAKE_PREFIX_PATH=/home/kiki/ros2_rop/install/rp2_inter:/home/kiki/ros2_rop/install/turtlesim:/home/kiki/turtlebot3_ws/install/turtlebot3:/home/kiki/turtlebot3_ws/install/turtlebot3_bringup:/home/kiki/turtlebot3_ws/install/turtlebot3_node:/home/kiki/turtlebot3_ws/install/turtlebot3_navigation2:/home/kiki/turtlebot3_ws/install/turtlebot3_msgs:/home/kiki/turtlebot3_ws/install/turtlebot3_description:/home/kiki/turtlebot3_ws/install/turtlebot3_cartographer:/home/kiki/turtlebot3_ws/install/dynamixel_sdk_examples:/home/kiki/turtlebot3_ws/install/dynamixel_sdk_custom_interfaces:/home/kiki/turtlebot3_ws/install/dynamixel_sdk LD_LIBRARY_PATH=/home/kiki/ros2_rop/install/rp2_inter/lib:/home/kiki/ros2_rop/install/turtlesim/lib:/home/kiki/turtlebot3_ws/install/turtlebot3_msgs/lib:/home/kiki/turtlebot3_ws/install/dynamixel_sdk_custom_interfaces/lib:/home/kiki/turtlebot3_ws/install/dynamixel_sdk/lib:/opt/ros/humble/opt/rviz_ogre_vendor/lib:/opt/ros/humble/lib/x86_64-linux-gnu:/opt/ros/humble/lib PYTHONPATH=/home/kiki/ros2_rop/build/rp2/prefix_override:/home/kiki/ros2_rop/install/rp2/lib/python3.10/site-packages:${PYTHONPATH} /usr/bin/python3 -W ignore:setup.py install is deprecated setup.py egg_info --egg-base ../../build/rp2 build --build-base /home/kiki/ros2_rop/build/rp2/build install --record /home/kiki/ros2_rop/build/rp2/install.log --single-version-externally-managed install_data
[0.651s] running egg_info
[0.651s] creating ../../build/rp2/rp2.egg-info
[0.651s] writing ../../build/rp2/rp2.egg-info/PKG-INFO
[0.652s] writing dependency_links to ../../build/rp2/rp2.egg-info/dependency_links.txt
[0.652s] writing entry points to ../../build/rp2/rp2.egg-info/entry_points.txt
[0.652s] writing requirements to ../../build/rp2/rp2.egg-info/requires.txt
[0.652s] writing top-level names to ../../build/rp2/rp2.egg-info/top_level.txt
[0.652s] writing manifest file '../../build/rp2/rp2.egg-info/SOURCES.txt'
[0.653s] reading manifest file '../../build/rp2/rp2.egg-info/SOURCES.txt'
[0.653s] adding license file 'LICENSE'
[0.653s] writing manifest file '../../build/rp2/rp2.egg-info/SOURCES.txt'
[0.653s] running build
[0.654s] running build_py
[0.654s] creating /home/kiki/ros2_rop/build/rp2/build
[0.654s] creating /home/kiki/ros2_rop/build/rp2/build/lib
[0.654s] creating /home/kiki/ros2_rop/build/rp2/build/lib/rp2
[0.654s] copying rp2/node2.py -> /home/kiki/ros2_rop/build/rp2/build/lib/rp2
[0.654s] copying rp2/__init__.py -> /home/kiki/ros2_rop/build/rp2/build/lib/rp2
[0.654s] copying rp2/node1.py -> /home/kiki/ros2_rop/build/rp2/build/lib/rp2
[0.654s] running install
[0.654s] running install_lib
[0.655s] creating /home/kiki/ros2_rop/install/rp2/lib/python3.10/site-packages/rp2
[0.655s] copying /home/kiki/ros2_rop/build/rp2/build/lib/rp2/node2.py -> /home/kiki/ros2_rop/install/rp2/lib/python3.10/site-packages/rp2
[0.655s] copying /home/kiki/ros2_rop/build/rp2/build/lib/rp2/__init__.py -> /home/kiki/ros2_rop/install/rp2/lib/python3.10/site-packages/rp2
[0.655s] copying /home/kiki/ros2_rop/build/rp2/build/lib/rp2/node1.py -> /home/kiki/ros2_rop/install/rp2/lib/python3.10/site-packages/rp2
[0.655s] byte-compiling /home/kiki/ros2_rop/install/rp2/lib/python3.10/site-packages/rp2/node2.py to node2.cpython-310.pyc
[0.656s] byte-compiling /home/kiki/ros2_rop/install/rp2/lib/python3.10/site-packages/rp2/__init__.py to __init__.cpython-310.pyc
[0.656s] byte-compiling /home/kiki/ros2_rop/install/rp2/lib/python3.10/site-packages/rp2/node1.py to node1.cpython-310.pyc
[0.657s] running install_data
[0.657s] creating /home/kiki/ros2_rop/install/rp2/share/ament_index
[0.657s] creating /home/kiki/ros2_rop/install/rp2/share/ament_index/resource_index
[0.657s] creating /home/kiki/ros2_rop/install/rp2/share/ament_index/resource_index/packages
[0.657s] copying resource/rp2 -> /home/kiki/ros2_rop/install/rp2/share/ament_index/resource_index/packages
[0.657s] copying package.xml -> /home/kiki/ros2_rop/install/rp2/share/rp2
[0.657s] running install_egg_info
[0.658s] Copying ../../build/rp2/rp2.egg-info to /home/kiki/ros2_rop/install/rp2/lib/python3.10/site-packages/rp2-0.0.0-py3.10.egg-info
[0.659s] running install_scripts
[0.675s] Installing node1 script to /home/kiki/ros2_rop/install/rp2/lib/rp2
[0.675s] Installing node2 script to /home/kiki/ros2_rop/install/rp2/lib/rp2
[0.675s] writing list of installed files to '/home/kiki/ros2_rop/build/rp2/install.log'
[0.694s] Invoked command in '/home/kiki/ros2_rop/src/rp2' returned '0': CMAKE_PREFIX_PATH=/home/kiki/ros2_rop/install/rp2_inter:/home/kiki/ros2_rop/install/turtlesim:/home/kiki/turtlebot3_ws/install/turtlebot3:/home/kiki/turtlebot3_ws/install/turtlebot3_bringup:/home/kiki/turtlebot3_ws/install/turtlebot3_node:/home/kiki/turtlebot3_ws/install/turtlebot3_navigation2:/home/kiki/turtlebot3_ws/install/turtlebot3_msgs:/home/kiki/turtlebot3_ws/install/turtlebot3_description:/home/kiki/turtlebot3_ws/install/turtlebot3_cartographer:/home/kiki/turtlebot3_ws/install/dynamixel_sdk_examples:/home/kiki/turtlebot3_ws/install/dynamixel_sdk_custom_interfaces:/home/kiki/turtlebot3_ws/install/dynamixel_sdk LD_LIBRARY_PATH=/home/kiki/ros2_rop/install/rp2_inter/lib:/home/kiki/ros2_rop/install/turtlesim/lib:/home/kiki/turtlebot3_ws/install/turtlebot3_msgs/lib:/home/kiki/turtlebot3_ws/install/dynamixel_sdk_custom_interfaces/lib:/home/kiki/turtlebot3_ws/install/dynamixel_sdk/lib:/opt/ros/humble/opt/rviz_ogre_vendor/lib:/opt/ros/humble/lib/x86_64-linux-gnu:/opt/ros/humble/lib PYTHONPATH=/home/kiki/ros2_rop/build/rp2/prefix_override:/home/kiki/ros2_rop/install/rp2/lib/python3.10/site-packages:${PYTHONPATH} /usr/bin/python3 -W ignore:setup.py install is deprecated setup.py egg_info --egg-base ../../build/rp2 build --build-base /home/kiki/ros2_rop/build/rp2/build install --record /home/kiki/ros2_rop/build/rp2/install.log --single-version-externally-managed install_data
