[0.011s] Invoking command in '/home/kiki/ros2_rop/build/rp2_inter': CMAKE_PREFIX_PATH=${CMAKE_PREFIX_PATH}:/home/kiki/turtlebot3_ws/install/turtlebot3_teleop:/home/kiki/turtlebot3_ws/install/turtlebot3_example:/opt/ros/humble /usr/bin/cmake --build /home/kiki/ros2_rop/build/rp2_inter -- -j16 -l16
[0.068s] [  2%] Built target rp2_inter__cpp
[0.070s] [ 12%] Built target rp2_inter__rosidl_generator_c
[0.082s] [ 12%] Built target ament_cmake_python_copy_rp2_inter
[0.097s] [ 31%] Built target rp2_inter__rosidl_typesupport_cpp
[0.097s] [ 38%] Built target rp2_inter__rosidl_typesupport_introspection_cpp
[0.097s] [ 44%] Built target rp2_inter__rosidl_typesupport_fastrtps_cpp
[0.097s] [ 55%] Built target rp2_inter__rosidl_typesupport_introspection_c
[0.097s] [ 65%] Built target rp2_inter__rosidl_typesupport_c
[0.098s] [ 76%] Built target rp2_inter__rosidl_typesupport_fastrtps_c
[0.120s] [ 76%] Built target rp2_inter
[0.143s] [ 78%] Built target rp2_inter__py
[0.166s] [ 87%] Built target rp2_inter__rosidl_generator_py
[0.191s] [100%] Built target rp2_inter__rosidl_typesupport_fastrtps_c__pyext
[0.191s] [100%] Built target rp2_inter__rosidl_typesupport_c__pyext
[0.191s] [100%] Built target rp2_inter__rosidl_typesupport_introspection_c__pyext
[0.300s] running egg_info
[0.301s] writing rp2_inter.egg-info/PKG-INFO
[0.301s] writing dependency_links to rp2_inter.egg-info/dependency_links.txt
[0.301s] writing top-level names to rp2_inter.egg-info/top_level.txt
[0.303s] reading manifest file 'rp2_inter.egg-info/SOURCES.txt'
[0.304s] writing manifest file 'rp2_inter.egg-info/SOURCES.txt'
[0.323s] [100%] Built target ament_cmake_python_build_rp2_inter_egg
[0.336s] Invoked command in '/home/kiki/ros2_rop/build/rp2_inter' returned '0': CMAKE_PREFIX_PATH=${CMAKE_PREFIX_PATH}:/home/kiki/turtlebot3_ws/install/turtlebot3_teleop:/home/kiki/turtlebot3_ws/install/turtlebot3_example:/opt/ros/humble /usr/bin/cmake --build /home/kiki/ros2_rop/build/rp2_inter -- -j16 -l16
[0.452s] Invoking command in '/home/kiki/ros2_rop/build/rp2_inter': CMAKE_PREFIX_PATH=${CMAKE_PREFIX_PATH}:/home/kiki/turtlebot3_ws/install/turtlebot3_teleop:/home/kiki/turtlebot3_ws/install/turtlebot3_example:/opt/ros/humble /usr/bin/cmake --install /home/kiki/ros2_rop/build/rp2_inter
[0.466s] -- Install configuration: ""
[0.466s] -- Up-to-date: /home/kiki/ros2_rop/install/rp2_inter/share/ament_index/resource_index/rosidl_interfaces/rp2_inter
[0.467s] -- Up-to-date: /home/kiki/ros2_rop/install/rp2_inter/include/rp2_inter/rp2_inter
[0.467s] -- Up-to-date: /home/kiki/ros2_rop/install/rp2_inter/include/rp2_inter/rp2_inter/msg
[0.467s] -- Up-to-date: /home/kiki/ros2_rop/install/rp2_inter/include/rp2_inter/rp2_inter/msg/uid.h
[0.467s] -- Up-to-date: /home/kiki/ros2_rop/install/rp2_inter/include/rp2_inter/rp2_inter/msg/detail
[0.467s] -- Up-to-date: /home/kiki/ros2_rop/install/rp2_inter/include/rp2_inter/rp2_inter/msg/detail/uid__functions.h
[0.467s] -- Up-to-date: /home/kiki/ros2_rop/install/rp2_inter/include/rp2_inter/rp2_inter/msg/detail/uid__functions.c
[0.467s] -- Up-to-date: /home/kiki/ros2_rop/install/rp2_inter/include/rp2_inter/rp2_inter/msg/detail/uid__struct.h
[0.467s] -- Up-to-date: /home/kiki/ros2_rop/install/rp2_inter/include/rp2_inter/rp2_inter/msg/detail/uid__type_support.h
[0.467s] -- Up-to-date: /home/kiki/ros2_rop/install/rp2_inter/include/rp2_inter/rp2_inter/msg/rosidl_generator_c__visibility_control.h
[0.467s] -- Up-to-date: /home/kiki/ros2_rop/install/rp2_inter/include/rp2_inter/rp2_inter/action
[0.467s] -- Up-to-date: /home/kiki/ros2_rop/install/rp2_inter/include/rp2_inter/rp2_inter/action/detail
[0.467s] -- Up-to-date: /home/kiki/ros2_rop/install/rp2_inter/include/rp2_inter/rp2_inter/action/detail/add_digit__functions.c
[0.468s] -- Up-to-date: /home/kiki/ros2_rop/install/rp2_inter/include/rp2_inter/rp2_inter/action/detail/add_digit__functions.h
[0.468s] -- Up-to-date: /home/kiki/ros2_rop/install/rp2_inter/include/rp2_inter/rp2_inter/action/detail/add_digit__type_support.h
[0.468s] -- Up-to-date: /home/kiki/ros2_rop/install/rp2_inter/include/rp2_inter/rp2_inter/action/detail/add_digit__struct.h
[0.468s] -- Up-to-date: /home/kiki/ros2_rop/install/rp2_inter/include/rp2_inter/rp2_inter/action/add_digit.h
[0.468s] -- Up-to-date: /home/kiki/ros2_rop/install/rp2_inter/include/rp2_inter/rp2_inter/srv
[0.468s] -- Up-to-date: /home/kiki/ros2_rop/install/rp2_inter/include/rp2_inter/rp2_inter/srv/detail
[0.468s] -- Up-to-date: /home/kiki/ros2_rop/install/rp2_inter/include/rp2_inter/rp2_inter/srv/detail/multy__functions.c
[0.468s] -- Up-to-date: /home/kiki/ros2_rop/install/rp2_inter/include/rp2_inter/rp2_inter/srv/detail/multy__struct.h
[0.468s] -- Up-to-date: /home/kiki/ros2_rop/install/rp2_inter/include/rp2_inter/rp2_inter/srv/detail/multy__functions.h
[0.468s] -- Up-to-date: /home/kiki/ros2_rop/install/rp2_inter/include/rp2_inter/rp2_inter/srv/detail/multy__type_support.h
[0.468s] -- Up-to-date: /home/kiki/ros2_rop/install/rp2_inter/include/rp2_inter/rp2_inter/srv/multy.h
[0.468s] -- Up-to-date: /home/kiki/ros2_rop/install/rp2_inter/share/rp2_inter/environment/library_path.sh
[0.468s] -- Up-to-date: /home/kiki/ros2_rop/install/rp2_inter/share/rp2_inter/environment/library_path.dsv
[0.469s] -- Up-to-date: /home/kiki/ros2_rop/install/rp2_inter/lib/librp2_inter__rosidl_generator_c.so
[0.469s] -- Up-to-date: /home/kiki/ros2_rop/install/rp2_inter/include/rp2_inter/rp2_inter
[0.469s] -- Up-to-date: /home/kiki/ros2_rop/install/rp2_inter/include/rp2_inter/rp2_inter/msg
[0.469s] -- Up-to-date: /home/kiki/ros2_rop/install/rp2_inter/include/rp2_inter/rp2_inter/msg/rosidl_typesupport_fastrtps_c__visibility_control.h
[0.469s] -- Up-to-date: /home/kiki/ros2_rop/install/rp2_inter/include/rp2_inter/rp2_inter/msg/detail
[0.469s] -- Up-to-date: /home/kiki/ros2_rop/install/rp2_inter/include/rp2_inter/rp2_inter/msg/detail/uid__rosidl_typesupport_fastrtps_c.h
[0.469s] -- Up-to-date: /home/kiki/ros2_rop/install/rp2_inter/include/rp2_inter/rp2_inter/action
[0.469s] -- Up-to-date: /home/kiki/ros2_rop/install/rp2_inter/include/rp2_inter/rp2_inter/action/detail
[0.469s] -- Up-to-date: /home/kiki/ros2_rop/install/rp2_inter/include/rp2_inter/rp2_inter/action/detail/add_digit__rosidl_typesupport_fastrtps_c.h
[0.469s] -- Up-to-date: /home/kiki/ros2_rop/install/rp2_inter/include/rp2_inter/rp2_inter/srv
[0.469s] -- Up-to-date: /home/kiki/ros2_rop/install/rp2_inter/include/rp2_inter/rp2_inter/srv/detail
[0.469s] -- Up-to-date: /home/kiki/ros2_rop/install/rp2_inter/include/rp2_inter/rp2_inter/srv/detail/multy__rosidl_typesupport_fastrtps_c.h
[0.469s] -- Up-to-date: /home/kiki/ros2_rop/install/rp2_inter/lib/librp2_inter__rosidl_typesupport_fastrtps_c.so
[0.470s] -- Up-to-date: /home/kiki/ros2_rop/install/rp2_inter/include/rp2_inter/rp2_inter
[0.470s] -- Up-to-date: /home/kiki/ros2_rop/install/rp2_inter/include/rp2_inter/rp2_inter/msg
[0.470s] -- Up-to-date: /home/kiki/ros2_rop/install/rp2_inter/include/rp2_inter/rp2_inter/msg/detail
[0.470s] -- Up-to-date: /home/kiki/ros2_rop/install/rp2_inter/include/rp2_inter/rp2_inter/msg/detail/uid__rosidl_typesupport_introspection_c.h
[0.470s] -- Up-to-date: /home/kiki/ros2_rop/install/rp2_inter/include/rp2_inter/rp2_inter/msg/detail/uid__type_support.c
[0.470s] -- Up-to-date: /home/kiki/ros2_rop/install/rp2_inter/include/rp2_inter/rp2_inter/msg/rosidl_typesupport_introspection_c__visibility_control.h
[0.470s] -- Up-to-date: /home/kiki/ros2_rop/install/rp2_inter/include/rp2_inter/rp2_inter/action
[0.470s] -- Up-to-date: /home/kiki/ros2_rop/install/rp2_inter/include/rp2_inter/rp2_inter/action/detail
[0.470s] -- Up-to-date: /home/kiki/ros2_rop/install/rp2_inter/include/rp2_inter/rp2_inter/action/detail/add_digit__type_support.c
[0.470s] -- Up-to-date: /home/kiki/ros2_rop/install/rp2_inter/include/rp2_inter/rp2_inter/action/detail/add_digit__rosidl_typesupport_introspection_c.h
[0.470s] -- Up-to-date: /home/kiki/ros2_rop/install/rp2_inter/include/rp2_inter/rp2_inter/srv
[0.470s] -- Up-to-date: /home/kiki/ros2_rop/install/rp2_inter/include/rp2_inter/rp2_inter/srv/detail
[0.470s] -- Up-to-date: /home/kiki/ros2_rop/install/rp2_inter/include/rp2_inter/rp2_inter/srv/detail/multy__rosidl_typesupport_introspection_c.h
[0.470s] -- Up-to-date: /home/kiki/ros2_rop/install/rp2_inter/include/rp2_inter/rp2_inter/srv/detail/multy__type_support.c
[0.470s] -- Up-to-date: /home/kiki/ros2_rop/install/rp2_inter/lib/librp2_inter__rosidl_typesupport_introspection_c.so
[0.471s] -- Up-to-date: /home/kiki/ros2_rop/install/rp2_inter/lib/librp2_inter__rosidl_typesupport_c.so
[0.471s] -- Up-to-date: /home/kiki/ros2_rop/install/rp2_inter/include/rp2_inter/rp2_inter
[0.471s] -- Up-to-date: /home/kiki/ros2_rop/install/rp2_inter/include/rp2_inter/rp2_inter/msg
[0.471s] -- Up-to-date: /home/kiki/ros2_rop/install/rp2_inter/include/rp2_inter/rp2_inter/msg/detail
[0.471s] -- Up-to-date: /home/kiki/ros2_rop/install/rp2_inter/include/rp2_inter/rp2_inter/msg/detail/uid__builder.hpp
[0.471s] -- Up-to-date: /home/kiki/ros2_rop/install/rp2_inter/include/rp2_inter/rp2_inter/msg/detail/uid__traits.hpp
[0.471s] -- Up-to-date: /home/kiki/ros2_rop/install/rp2_inter/include/rp2_inter/rp2_inter/msg/detail/uid__struct.hpp
[0.471s] -- Up-to-date: /home/kiki/ros2_rop/install/rp2_inter/include/rp2_inter/rp2_inter/msg/uid.hpp
[0.472s] -- Up-to-date: /home/kiki/ros2_rop/install/rp2_inter/include/rp2_inter/rp2_inter/action
[0.472s] -- Up-to-date: /home/kiki/ros2_rop/install/rp2_inter/include/rp2_inter/rp2_inter/action/add_digit.hpp
[0.472s] -- Up-to-date: /home/kiki/ros2_rop/install/rp2_inter/include/rp2_inter/rp2_inter/action/detail
[0.472s] -- Up-to-date: /home/kiki/ros2_rop/install/rp2_inter/include/rp2_inter/rp2_inter/action/detail/add_digit__builder.hpp
[0.472s] -- Up-to-date: /home/kiki/ros2_rop/install/rp2_inter/include/rp2_inter/rp2_inter/action/detail/add_digit__traits.hpp
[0.472s] -- Up-to-date: /home/kiki/ros2_rop/install/rp2_inter/include/rp2_inter/rp2_inter/action/detail/add_digit__struct.hpp
[0.472s] -- Up-to-date: /home/kiki/ros2_rop/install/rp2_inter/include/rp2_inter/rp2_inter/srv
[0.472s] -- Up-to-date: /home/kiki/ros2_rop/install/rp2_inter/include/rp2_inter/rp2_inter/srv/detail
[0.472s] -- Up-to-date: /home/kiki/ros2_rop/install/rp2_inter/include/rp2_inter/rp2_inter/srv/detail/multy__traits.hpp
[0.472s] -- Up-to-date: /home/kiki/ros2_rop/install/rp2_inter/include/rp2_inter/rp2_inter/srv/detail/multy__struct.hpp
[0.472s] -- Up-to-date: /home/kiki/ros2_rop/install/rp2_inter/include/rp2_inter/rp2_inter/srv/detail/multy__builder.hpp
[0.472s] -- Up-to-date: /home/kiki/ros2_rop/install/rp2_inter/include/rp2_inter/rp2_inter/srv/multy.hpp
[0.472s] -- Up-to-date: /home/kiki/ros2_rop/install/rp2_inter/include/rp2_inter/rp2_inter
[0.473s] -- Up-to-date: /home/kiki/ros2_rop/install/rp2_inter/include/rp2_inter/rp2_inter/msg
[0.473s] -- Up-to-date: /home/kiki/ros2_rop/install/rp2_inter/include/rp2_inter/rp2_inter/msg/detail
[0.473s] -- Up-to-date: /home/kiki/ros2_rop/install/rp2_inter/include/rp2_inter/rp2_inter/msg/detail/dds_fastrtps
[0.473s] -- Up-to-date: /home/kiki/ros2_rop/install/rp2_inter/include/rp2_inter/rp2_inter/msg/detail/uid__rosidl_typesupport_fastrtps_cpp.hpp
[0.473s] -- Up-to-date: /home/kiki/ros2_rop/install/rp2_inter/include/rp2_inter/rp2_inter/msg/rosidl_typesupport_fastrtps_cpp__visibility_control.h
[0.473s] -- Up-to-date: /home/kiki/ros2_rop/install/rp2_inter/include/rp2_inter/rp2_inter/action
[0.473s] -- Up-to-date: /home/kiki/ros2_rop/install/rp2_inter/include/rp2_inter/rp2_inter/action/detail
[0.473s] -- Up-to-date: /home/kiki/ros2_rop/install/rp2_inter/include/rp2_inter/rp2_inter/action/detail/dds_fastrtps
[0.473s] -- Up-to-date: /home/kiki/ros2_rop/install/rp2_inter/include/rp2_inter/rp2_inter/action/detail/add_digit__rosidl_typesupport_fastrtps_cpp.hpp
[0.473s] -- Up-to-date: /home/kiki/ros2_rop/install/rp2_inter/include/rp2_inter/rp2_inter/srv
[0.473s] -- Up-to-date: /home/kiki/ros2_rop/install/rp2_inter/include/rp2_inter/rp2_inter/srv/detail
[0.473s] -- Up-to-date: /home/kiki/ros2_rop/install/rp2_inter/include/rp2_inter/rp2_inter/srv/detail/dds_fastrtps
[0.473s] -- Up-to-date: /home/kiki/ros2_rop/install/rp2_inter/include/rp2_inter/rp2_inter/srv/detail/multy__rosidl_typesupport_fastrtps_cpp.hpp
[0.473s] -- Up-to-date: /home/kiki/ros2_rop/install/rp2_inter/lib/librp2_inter__rosidl_typesupport_fastrtps_cpp.so
[0.474s] -- Up-to-date: /home/kiki/ros2_rop/install/rp2_inter/include/rp2_inter/rp2_inter
[0.474s] -- Up-to-date: /home/kiki/ros2_rop/install/rp2_inter/include/rp2_inter/rp2_inter/msg
[0.474s] -- Up-to-date: /home/kiki/ros2_rop/install/rp2_inter/include/rp2_inter/rp2_inter/msg/detail
[0.474s] -- Up-to-date: /home/kiki/ros2_rop/install/rp2_inter/include/rp2_inter/rp2_inter/msg/detail/uid__type_support.cpp
[0.474s] -- Up-to-date: /home/kiki/ros2_rop/install/rp2_inter/include/rp2_inter/rp2_inter/msg/detail/uid__rosidl_typesupport_introspection_cpp.hpp
[0.474s] -- Up-to-date: /home/kiki/ros2_rop/install/rp2_inter/include/rp2_inter/rp2_inter/action
[0.474s] -- Up-to-date: /home/kiki/ros2_rop/install/rp2_inter/include/rp2_inter/rp2_inter/action/detail
[0.474s] -- Up-to-date: /home/kiki/ros2_rop/install/rp2_inter/include/rp2_inter/rp2_inter/action/detail/add_digit__rosidl_typesupport_introspection_cpp.hpp
[0.474s] -- Up-to-date: /home/kiki/ros2_rop/install/rp2_inter/include/rp2_inter/rp2_inter/action/detail/add_digit__type_support.cpp
[0.474s] -- Up-to-date: /home/kiki/ros2_rop/install/rp2_inter/include/rp2_inter/rp2_inter/srv
[0.474s] -- Up-to-date: /home/kiki/ros2_rop/install/rp2_inter/include/rp2_inter/rp2_inter/srv/detail
[0.474s] -- Up-to-date: /home/kiki/ros2_rop/install/rp2_inter/include/rp2_inter/rp2_inter/srv/detail/multy__rosidl_typesupport_introspection_cpp.hpp
[0.474s] -- Up-to-date: /home/kiki/ros2_rop/install/rp2_inter/include/rp2_inter/rp2_inter/srv/detail/multy__type_support.cpp
[0.474s] -- Up-to-date: /home/kiki/ros2_rop/install/rp2_inter/lib/librp2_inter__rosidl_typesupport_introspection_cpp.so
[0.474s] -- Up-to-date: /home/kiki/ros2_rop/install/rp2_inter/lib/librp2_inter__rosidl_typesupport_cpp.so
[0.475s] -- Up-to-date: /home/kiki/ros2_rop/install/rp2_inter/share/rp2_inter/environment/pythonpath.sh
[0.475s] -- Up-to-date: /home/kiki/ros2_rop/install/rp2_inter/share/rp2_inter/environment/pythonpath.dsv
[0.475s] -- Up-to-date: /home/kiki/ros2_rop/install/rp2_inter/local/lib/python3.10/dist-packages/rp2_inter-0.0.0-py3.10.egg-info
[0.475s] -- Installing: /home/kiki/ros2_rop/install/rp2_inter/local/lib/python3.10/dist-packages/rp2_inter-0.0.0-py3.10.egg-info/SOURCES.txt
[0.475s] -- Installing: /home/kiki/ros2_rop/install/rp2_inter/local/lib/python3.10/dist-packages/rp2_inter-0.0.0-py3.10.egg-info/dependency_links.txt
[0.475s] -- Installing: /home/kiki/ros2_rop/install/rp2_inter/local/lib/python3.10/dist-packages/rp2_inter-0.0.0-py3.10.egg-info/top_level.txt
[0.475s] -- Installing: /home/kiki/ros2_rop/install/rp2_inter/local/lib/python3.10/dist-packages/rp2_inter-0.0.0-py3.10.egg-info/PKG-INFO
[0.475s] -- Up-to-date: /home/kiki/ros2_rop/install/rp2_inter/local/lib/python3.10/dist-packages/rp2_inter
[0.475s] -- Up-to-date: /home/kiki/ros2_rop/install/rp2_inter/local/lib/python3.10/dist-packages/rp2_inter/_rp2_inter_s.ep.rosidl_typesupport_introspection_c.c
[0.476s] -- Up-to-date: /home/kiki/ros2_rop/install/rp2_inter/local/lib/python3.10/dist-packages/rp2_inter/rp2_inter_s__rosidl_typesupport_introspection_c.cpython-310-x86_64-linux-gnu.so
[0.476s] -- Up-to-date: /home/kiki/ros2_rop/install/rp2_inter/local/lib/python3.10/dist-packages/rp2_inter/msg
[0.476s] -- Up-to-date: /home/kiki/ros2_rop/install/rp2_inter/local/lib/python3.10/dist-packages/rp2_inter/msg/_uid_s.c
[0.476s] -- Up-to-date: /home/kiki/ros2_rop/install/rp2_inter/local/lib/python3.10/dist-packages/rp2_inter/msg/_uid.py
[0.476s] -- Up-to-date: /home/kiki/ros2_rop/install/rp2_inter/local/lib/python3.10/dist-packages/rp2_inter/msg/__init__.py
[0.476s] -- Up-to-date: /home/kiki/ros2_rop/install/rp2_inter/local/lib/python3.10/dist-packages/rp2_inter/rp2_inter_s__rosidl_typesupport_fastrtps_c.cpython-310-x86_64-linux-gnu.so
[0.476s] -- Up-to-date: /home/kiki/ros2_rop/install/rp2_inter/local/lib/python3.10/dist-packages/rp2_inter/rp2_inter_s__rosidl_typesupport_c.cpython-310-x86_64-linux-gnu.so
[0.476s] -- Up-to-date: /home/kiki/ros2_rop/install/rp2_inter/local/lib/python3.10/dist-packages/rp2_inter/librp2_inter__rosidl_generator_py.so
[0.476s] -- Up-to-date: /home/kiki/ros2_rop/install/rp2_inter/local/lib/python3.10/dist-packages/rp2_inter/_rp2_inter_s.ep.rosidl_typesupport_fastrtps_c.c
[0.476s] -- Up-to-date: /home/kiki/ros2_rop/install/rp2_inter/local/lib/python3.10/dist-packages/rp2_inter/_rp2_inter_s.ep.rosidl_typesupport_c.c
[0.476s] -- Up-to-date: /home/kiki/ros2_rop/install/rp2_inter/local/lib/python3.10/dist-packages/rp2_inter/__init__.py
[0.476s] -- Up-to-date: /home/kiki/ros2_rop/install/rp2_inter/local/lib/python3.10/dist-packages/rp2_inter/action
[0.476s] -- Up-to-date: /home/kiki/ros2_rop/install/rp2_inter/local/lib/python3.10/dist-packages/rp2_inter/action/_add_digit_s.c
[0.477s] -- Up-to-date: /home/kiki/ros2_rop/install/rp2_inter/local/lib/python3.10/dist-packages/rp2_inter/action/_add_digit.py
[0.477s] -- Up-to-date: /home/kiki/ros2_rop/install/rp2_inter/local/lib/python3.10/dist-packages/rp2_inter/action/__init__.py
[0.477s] -- Up-to-date: /home/kiki/ros2_rop/install/rp2_inter/local/lib/python3.10/dist-packages/rp2_inter/srv
[0.477s] -- Up-to-date: /home/kiki/ros2_rop/install/rp2_inter/local/lib/python3.10/dist-packages/rp2_inter/srv/_multy_s.c
[0.477s] -- Up-to-date: /home/kiki/ros2_rop/install/rp2_inter/local/lib/python3.10/dist-packages/rp2_inter/srv/__init__.py
[0.477s] -- Up-to-date: /home/kiki/ros2_rop/install/rp2_inter/local/lib/python3.10/dist-packages/rp2_inter/srv/_multy.py
[0.506s] Listing '/home/kiki/ros2_rop/install/rp2_inter/local/lib/python3.10/dist-packages/rp2_inter'...
[0.507s] Listing '/home/kiki/ros2_rop/install/rp2_inter/local/lib/python3.10/dist-packages/rp2_inter/action'...
[0.507s] Listing '/home/kiki/ros2_rop/install/rp2_inter/local/lib/python3.10/dist-packages/rp2_inter/msg'...
[0.507s] Listing '/home/kiki/ros2_rop/install/rp2_inter/local/lib/python3.10/dist-packages/rp2_inter/srv'...
[0.510s] -- Up-to-date: /home/kiki/ros2_rop/install/rp2_inter/local/lib/python3.10/dist-packages/rp2_inter/rp2_inter_s__rosidl_typesupport_fastrtps_c.cpython-310-x86_64-linux-gnu.so
[0.511s] -- Up-to-date: /home/kiki/ros2_rop/install/rp2_inter/local/lib/python3.10/dist-packages/rp2_inter/rp2_inter_s__rosidl_typesupport_introspection_c.cpython-310-x86_64-linux-gnu.so
[0.511s] -- Up-to-date: /home/kiki/ros2_rop/install/rp2_inter/local/lib/python3.10/dist-packages/rp2_inter/rp2_inter_s__rosidl_typesupport_c.cpython-310-x86_64-linux-gnu.so
[0.511s] -- Up-to-date: /home/kiki/ros2_rop/install/rp2_inter/lib/librp2_inter__rosidl_generator_py.so
[0.512s] -- Up-to-date: /home/kiki/ros2_rop/install/rp2_inter/share/rp2_inter/msg/Uid.idl
[0.512s] -- Up-to-date: /home/kiki/ros2_rop/install/rp2_inter/share/rp2_inter/srv/Multy.idl
[0.512s] -- Up-to-date: /home/kiki/ros2_rop/install/rp2_inter/share/rp2_inter/action/AddDigit.idl
[0.512s] -- Up-to-date: /home/kiki/ros2_rop/install/rp2_inter/share/rp2_inter/msg/Uid.msg
[0.512s] -- Up-to-date: /home/kiki/ros2_rop/install/rp2_inter/share/rp2_inter/srv/Multy.srv
[0.512s] -- Up-to-date: /home/kiki/ros2_rop/install/rp2_inter/share/rp2_inter/srv/Multy_Request.msg
[0.512s] -- Up-to-date: /home/kiki/ros2_rop/install/rp2_inter/share/rp2_inter/srv/Multy_Response.msg
[0.512s] -- Up-to-date: /home/kiki/ros2_rop/install/rp2_inter/share/rp2_inter/action/AddDigit.action
[0.512s] -- Up-to-date: /home/kiki/ros2_rop/install/rp2_inter/share/ament_index/resource_index/package_run_dependencies/rp2_inter
[0.513s] -- Up-to-date: /home/kiki/ros2_rop/install/rp2_inter/share/ament_index/resource_index/parent_prefix_path/rp2_inter
[0.513s] -- Up-to-date: /home/kiki/ros2_rop/install/rp2_inter/share/rp2_inter/environment/ament_prefix_path.sh
[0.513s] -- Up-to-date: /home/kiki/ros2_rop/install/rp2_inter/share/rp2_inter/environment/ament_prefix_path.dsv
[0.513s] -- Up-to-date: /home/kiki/ros2_rop/install/rp2_inter/share/rp2_inter/environment/path.sh
[0.513s] -- Up-to-date: /home/kiki/ros2_rop/install/rp2_inter/share/rp2_inter/environment/path.dsv
[0.513s] -- Up-to-date: /home/kiki/ros2_rop/install/rp2_inter/share/rp2_inter/local_setup.bash
[0.513s] -- Up-to-date: /home/kiki/ros2_rop/install/rp2_inter/share/rp2_inter/local_setup.sh
[0.513s] -- Up-to-date: /home/kiki/ros2_rop/install/rp2_inter/share/rp2_inter/local_setup.zsh
[0.513s] -- Up-to-date: /home/kiki/ros2_rop/install/rp2_inter/share/rp2_inter/local_setup.dsv
[0.513s] -- Installing: /home/kiki/ros2_rop/install/rp2_inter/share/rp2_inter/package.dsv
[0.513s] -- Up-to-date: /home/kiki/ros2_rop/install/rp2_inter/share/ament_index/resource_index/packages/rp2_inter
[0.513s] -- Up-to-date: /home/kiki/ros2_rop/install/rp2_inter/share/rp2_inter/cmake/export_rp2_inter__rosidl_generator_cExport.cmake
[0.513s] -- Up-to-date: /home/kiki/ros2_rop/install/rp2_inter/share/rp2_inter/cmake/export_rp2_inter__rosidl_generator_cExport-noconfig.cmake
[0.513s] -- Up-to-date: /home/kiki/ros2_rop/install/rp2_inter/share/rp2_inter/cmake/export_rp2_inter__rosidl_typesupport_fastrtps_cExport.cmake
[0.513s] -- Up-to-date: /home/kiki/ros2_rop/install/rp2_inter/share/rp2_inter/cmake/export_rp2_inter__rosidl_typesupport_fastrtps_cExport-noconfig.cmake
[0.514s] -- Up-to-date: /home/kiki/ros2_rop/install/rp2_inter/share/rp2_inter/cmake/rp2_inter__rosidl_typesupport_introspection_cExport.cmake
[0.514s] -- Up-to-date: /home/kiki/ros2_rop/install/rp2_inter/share/rp2_inter/cmake/rp2_inter__rosidl_typesupport_introspection_cExport-noconfig.cmake
[0.514s] -- Up-to-date: /home/kiki/ros2_rop/install/rp2_inter/share/rp2_inter/cmake/rp2_inter__rosidl_typesupport_cExport.cmake
[0.514s] -- Up-to-date: /home/kiki/ros2_rop/install/rp2_inter/share/rp2_inter/cmake/rp2_inter__rosidl_typesupport_cExport-noconfig.cmake
[0.514s] -- Up-to-date: /home/kiki/ros2_rop/install/rp2_inter/share/rp2_inter/cmake/export_rp2_inter__rosidl_generator_cppExport.cmake
[0.515s] -- Up-to-date: /home/kiki/ros2_rop/install/rp2_inter/share/rp2_inter/cmake/export_rp2_inter__rosidl_typesupport_fastrtps_cppExport.cmake
[0.515s] -- Up-to-date: /home/kiki/ros2_rop/install/rp2_inter/share/rp2_inter/cmake/export_rp2_inter__rosidl_typesupport_fastrtps_cppExport-noconfig.cmake
[0.515s] -- Up-to-date: /home/kiki/ros2_rop/install/rp2_inter/share/rp2_inter/cmake/rp2_inter__rosidl_typesupport_introspection_cppExport.cmake
[0.515s] -- Up-to-date: /home/kiki/ros2_rop/install/rp2_inter/share/rp2_inter/cmake/rp2_inter__rosidl_typesupport_introspection_cppExport-noconfig.cmake
[0.515s] -- Up-to-date: /home/kiki/ros2_rop/install/rp2_inter/share/rp2_inter/cmake/rp2_inter__rosidl_typesupport_cppExport.cmake
[0.515s] -- Up-to-date: /home/kiki/ros2_rop/install/rp2_inter/share/rp2_inter/cmake/rp2_inter__rosidl_typesupport_cppExport-noconfig.cmake
[0.515s] -- Up-to-date: /home/kiki/ros2_rop/install/rp2_inter/share/rp2_inter/cmake/export_rp2_inter__rosidl_generator_pyExport.cmake
[0.515s] -- Up-to-date: /home/kiki/ros2_rop/install/rp2_inter/share/rp2_inter/cmake/export_rp2_inter__rosidl_generator_pyExport-noconfig.cmake
[0.516s] -- Up-to-date: /home/kiki/ros2_rop/install/rp2_inter/share/rp2_inter/cmake/rosidl_cmake-extras.cmake
[0.516s] -- Up-to-date: /home/kiki/ros2_rop/install/rp2_inter/share/rp2_inter/cmake/ament_cmake_export_dependencies-extras.cmake
[0.516s] -- Up-to-date: /home/kiki/ros2_rop/install/rp2_inter/share/rp2_inter/cmake/ament_cmake_export_include_directories-extras.cmake
[0.516s] -- Up-to-date: /home/kiki/ros2_rop/install/rp2_inter/share/rp2_inter/cmake/ament_cmake_export_libraries-extras.cmake
[0.516s] -- Up-to-date: /home/kiki/ros2_rop/install/rp2_inter/share/rp2_inter/cmake/ament_cmake_export_targets-extras.cmake
[0.516s] -- Up-to-date: /home/kiki/ros2_rop/install/rp2_inter/share/rp2_inter/cmake/rosidl_cmake_export_typesupport_targets-extras.cmake
[0.516s] -- Up-to-date: /home/kiki/ros2_rop/install/rp2_inter/share/rp2_inter/cmake/rosidl_cmake_export_typesupport_libraries-extras.cmake
[0.516s] -- Up-to-date: /home/kiki/ros2_rop/install/rp2_inter/share/rp2_inter/cmake/rp2_interConfig.cmake
[0.516s] -- Up-to-date: /home/kiki/ros2_rop/install/rp2_inter/share/rp2_inter/cmake/rp2_interConfig-version.cmake
[0.516s] -- Up-to-date: /home/kiki/ros2_rop/install/rp2_inter/share/rp2_inter/package.xml
[0.518s] Invoked command in '/home/kiki/ros2_rop/build/rp2_inter' returned '0': CMAKE_PREFIX_PATH=${CMAKE_PREFIX_PATH}:/home/kiki/turtlebot3_ws/install/turtlebot3_teleop:/home/kiki/turtlebot3_ws/install/turtlebot3_example:/opt/ros/humble /usr/bin/cmake --install /home/kiki/ros2_rop/build/rp2_inter
