[0.077s] DEBUG:colcon:Command line arguments: ['/usr/bin/colcon', 'build']
[0.077s] DEBUG:colcon:Parsed command line arguments: Namespace(log_base=None, log_level=None, verb_name='build', build_base='build', install_base='install', merge_install=False, symlink_install=False, test_result_base=None, continue_on_error=False, executor='parallel', parallel_workers=16, event_handlers=None, ignore_user_meta=False, metas=['./colcon.meta'], base_paths=['.'], packages_ignore=None, packages_ignore_regex=None, paths=None, packages_up_to=None, packages_up_to_regex=None, packages_above=None, packages_above_and_dependencies=None, packages_above_depth=None, packages_select_by_dep=None, packages_skip_by_dep=None, packages_skip_up_to=None, packages_select_build_failed=False, packages_skip_build_finished=False, packages_select_test_failures=False, packages_skip_test_passed=False, packages_select=None, packages_skip=None, packages_select_regex=None, packages_skip_regex=None, packages_start=None, packages_end=None, allow_overriding=[], cmake_args=None, cmake_target=None, cmake_target_skip_unavailable=False, cmake_clean_cache=False, cmake_clean_first=False, cmake_force_configure=False, ament_cmake_args=None, catkin_cmake_args=None, catkin_skip_building_tests=False, verb_parser=<colcon_defaults.argument_parser.defaults.DefaultArgumentsDecorator object at 0x778dc2e35c30>, verb_extension=<colcon_core.verb.build.BuildVerb object at 0x778dc2f367d0>, main=<bound method BuildVerb.main of <colcon_core.verb.build.BuildVerb object at 0x778dc2f367d0>>)
[0.211s] Level 1:colcon.colcon_core.package_discovery:discover_packages(colcon_meta) check parameters
[0.211s] Level 1:colcon.colcon_core.package_discovery:discover_packages(recursive) check parameters
[0.211s] Level 1:colcon.colcon_core.package_discovery:discover_packages(ignore) check parameters
[0.211s] Level 1:colcon.colcon_core.package_discovery:discover_packages(path) check parameters
[0.211s] Level 1:colcon.colcon_core.package_discovery:discover_packages(colcon_meta) discover
[0.211s] Level 1:colcon.colcon_core.package_discovery:discover_packages(recursive) discover
[0.211s] INFO:colcon.colcon_core.package_discovery:Crawling recursively for packages in '/home/kiki/ros2_rop'
[0.211s] Level 1:colcon.colcon_core.package_identification:_identify(.) by extensions ['ignore', 'ignore_ament_install']
[0.211s] Level 1:colcon.colcon_core.package_identification:_identify(.) by extension 'ignore'
[0.211s] Level 1:colcon.colcon_core.package_identification:_identify(.) by extension 'ignore_ament_install'
[0.211s] Level 1:colcon.colcon_core.package_identification:_identify(.) by extensions ['colcon_pkg']
[0.211s] Level 1:colcon.colcon_core.package_identification:_identify(.) by extension 'colcon_pkg'
[0.211s] Level 1:colcon.colcon_core.package_identification:_identify(.) by extensions ['colcon_meta']
[0.211s] Level 1:colcon.colcon_core.package_identification:_identify(.) by extension 'colcon_meta'
[0.211s] Level 1:colcon.colcon_core.package_identification:_identify(.) by extensions ['ros']
[0.211s] Level 1:colcon.colcon_core.package_identification:_identify(.) by extension 'ros'
[0.219s] Level 1:colcon.colcon_core.package_identification:_identify(.) by extensions ['cmake', 'python']
[0.219s] Level 1:colcon.colcon_core.package_identification:_identify(.) by extension 'cmake'
[0.219s] Level 1:colcon.colcon_core.package_identification:_identify(.) by extension 'python'
[0.219s] Level 1:colcon.colcon_core.package_identification:_identify(.) by extensions ['python_setup_py']
[0.219s] Level 1:colcon.colcon_core.package_identification:_identify(.) by extension 'python_setup_py'
[0.219s] Level 1:colcon.colcon_core.package_identification:_identify(build) by extensions ['ignore', 'ignore_ament_install']
[0.219s] Level 1:colcon.colcon_core.package_identification:_identify(build) by extension 'ignore'
[0.219s] Level 1:colcon.colcon_core.package_identification:_identify(build) ignored
[0.219s] Level 1:colcon.colcon_core.package_identification:_identify(install) by extensions ['ignore', 'ignore_ament_install']
[0.219s] Level 1:colcon.colcon_core.package_identification:_identify(install) by extension 'ignore'
[0.220s] Level 1:colcon.colcon_core.package_identification:_identify(install) ignored
[0.220s] Level 1:colcon.colcon_core.package_identification:_identify(log) by extensions ['ignore', 'ignore_ament_install']
[0.220s] Level 1:colcon.colcon_core.package_identification:_identify(log) by extension 'ignore'
[0.220s] Level 1:colcon.colcon_core.package_identification:_identify(log) ignored
[0.220s] Level 1:colcon.colcon_core.package_identification:_identify(src) by extensions ['ignore', 'ignore_ament_install']
[0.220s] Level 1:colcon.colcon_core.package_identification:_identify(src) by extension 'ignore'
[0.220s] Level 1:colcon.colcon_core.package_identification:_identify(src) by extension 'ignore_ament_install'
[0.220s] Level 1:colcon.colcon_core.package_identification:_identify(src) by extensions ['colcon_pkg']
[0.220s] Level 1:colcon.colcon_core.package_identification:_identify(src) by extension 'colcon_pkg'
[0.220s] Level 1:colcon.colcon_core.package_identification:_identify(src) by extensions ['colcon_meta']
[0.220s] Level 1:colcon.colcon_core.package_identification:_identify(src) by extension 'colcon_meta'
[0.220s] Level 1:colcon.colcon_core.package_identification:_identify(src) by extensions ['ros']
[0.220s] Level 1:colcon.colcon_core.package_identification:_identify(src) by extension 'ros'
[0.220s] Level 1:colcon.colcon_core.package_identification:_identify(src) by extensions ['cmake', 'python']
[0.220s] Level 1:colcon.colcon_core.package_identification:_identify(src) by extension 'cmake'
[0.220s] Level 1:colcon.colcon_core.package_identification:_identify(src) by extension 'python'
[0.220s] Level 1:colcon.colcon_core.package_identification:_identify(src) by extensions ['python_setup_py']
[0.220s] Level 1:colcon.colcon_core.package_identification:_identify(src) by extension 'python_setup_py'
[0.220s] Level 1:colcon.colcon_core.package_identification:_identify(src/rp2) by extensions ['ignore', 'ignore_ament_install']
[0.220s] Level 1:colcon.colcon_core.package_identification:_identify(src/rp2) by extension 'ignore'
[0.220s] Level 1:colcon.colcon_core.package_identification:_identify(src/rp2) by extension 'ignore_ament_install'
[0.220s] Level 1:colcon.colcon_core.package_identification:_identify(src/rp2) by extensions ['colcon_pkg']
[0.221s] Level 1:colcon.colcon_core.package_identification:_identify(src/rp2) by extension 'colcon_pkg'
[0.221s] Level 1:colcon.colcon_core.package_identification:_identify(src/rp2) by extensions ['colcon_meta']
[0.221s] Level 1:colcon.colcon_core.package_identification:_identify(src/rp2) by extension 'colcon_meta'
[0.221s] Level 1:colcon.colcon_core.package_identification:_identify(src/rp2) by extensions ['ros']
[0.221s] Level 1:colcon.colcon_core.package_identification:_identify(src/rp2) by extension 'ros'
[0.222s] DEBUG:colcon.colcon_core.package_identification:Package 'src/rp2' with type 'ros.ament_python' and name 'rp2'
[0.222s] Level 1:colcon.colcon_core.package_identification:_identify(src/rp2_inter) by extensions ['ignore', 'ignore_ament_install']
[0.222s] Level 1:colcon.colcon_core.package_identification:_identify(src/rp2_inter) by extension 'ignore'
[0.223s] Level 1:colcon.colcon_core.package_identification:_identify(src/rp2_inter) by extension 'ignore_ament_install'
[0.223s] Level 1:colcon.colcon_core.package_identification:_identify(src/rp2_inter) by extensions ['colcon_pkg']
[0.223s] Level 1:colcon.colcon_core.package_identification:_identify(src/rp2_inter) by extension 'colcon_pkg'
[0.223s] Level 1:colcon.colcon_core.package_identification:_identify(src/rp2_inter) by extensions ['colcon_meta']
[0.223s] Level 1:colcon.colcon_core.package_identification:_identify(src/rp2_inter) by extension 'colcon_meta'
[0.223s] Level 1:colcon.colcon_core.package_identification:_identify(src/rp2_inter) by extensions ['ros']
[0.223s] Level 1:colcon.colcon_core.package_identification:_identify(src/rp2_inter) by extension 'ros'
[0.223s] DEBUG:colcon.colcon_core.package_identification:Package 'src/rp2_inter' with type 'ros.ament_cmake' and name 'rp2_inter'
[0.223s] Level 1:colcon.colcon_core.package_discovery:discover_packages(recursive) using defaults
[0.223s] Level 1:colcon.colcon_core.package_discovery:discover_packages(ignore) discover
[0.223s] Level 1:colcon.colcon_core.package_discovery:discover_packages(ignore) using defaults
[0.223s] Level 1:colcon.colcon_core.package_discovery:discover_packages(path) discover
[0.223s] Level 1:colcon.colcon_core.package_discovery:discover_packages(path) using defaults
[0.244s] Level 1:colcon.colcon_core.package_discovery:discover_packages(prefix_path) check parameters
[0.244s] Level 1:colcon.colcon_core.package_discovery:discover_packages(prefix_path) discover
[0.245s] WARNING:colcon.colcon_ros.prefix_path.ament:The path '/home/kiki/ros2_rop/install/turtlesim' in the environment variable AMENT_PREFIX_PATH doesn't exist
[0.246s] WARNING:colcon.colcon_ros.prefix_path.catkin:The path '/home/kiki/ros2_rop/install/turtlesim' in the environment variable CMAKE_PREFIX_PATH doesn't exist
[0.246s] DEBUG:colcon.colcon_installed_package_information.package_discovery:Found 2 installed packages in /home/kiki/ros2_rop/install
[0.247s] DEBUG:colcon.colcon_installed_package_information.package_discovery:Found 12 installed packages in /home/kiki/turtlebot3_ws/install
[0.248s] DEBUG:colcon.colcon_installed_package_information.package_discovery:Found 376 installed packages in /opt/ros/humble
[0.249s] Level 1:colcon.colcon_core.package_discovery:discover_packages(prefix_path) using defaults
[0.286s] Level 5:colcon.colcon_core.verb:set package 'rp2_inter' build argument 'cmake_args' from command line to 'None'
[0.286s] Level 5:colcon.colcon_core.verb:set package 'rp2_inter' build argument 'cmake_target' from command line to 'None'
[0.286s] Level 5:colcon.colcon_core.verb:set package 'rp2_inter' build argument 'cmake_target_skip_unavailable' from command line to 'False'
[0.286s] Level 5:colcon.colcon_core.verb:set package 'rp2_inter' build argument 'cmake_clean_cache' from command line to 'False'
[0.286s] Level 5:colcon.colcon_core.verb:set package 'rp2_inter' build argument 'cmake_clean_first' from command line to 'False'
[0.286s] Level 5:colcon.colcon_core.verb:set package 'rp2_inter' build argument 'cmake_force_configure' from command line to 'False'
[0.286s] Level 5:colcon.colcon_core.verb:set package 'rp2_inter' build argument 'ament_cmake_args' from command line to 'None'
[0.286s] Level 5:colcon.colcon_core.verb:set package 'rp2_inter' build argument 'catkin_cmake_args' from command line to 'None'
[0.286s] Level 5:colcon.colcon_core.verb:set package 'rp2_inter' build argument 'catkin_skip_building_tests' from command line to 'False'
[0.286s] DEBUG:colcon.colcon_core.verb:Building package 'rp2_inter' with the following arguments: {'ament_cmake_args': None, 'build_base': '/home/kiki/ros2_rop/build/rp2_inter', 'catkin_cmake_args': None, 'catkin_skip_building_tests': False, 'cmake_args': None, 'cmake_clean_cache': False, 'cmake_clean_first': False, 'cmake_force_configure': False, 'cmake_target': None, 'cmake_target_skip_unavailable': False, 'install_base': '/home/kiki/ros2_rop/install/rp2_inter', 'merge_install': False, 'path': '/home/kiki/ros2_rop/src/rp2_inter', 'symlink_install': False, 'test_result_base': None}
[0.286s] Level 5:colcon.colcon_core.verb:set package 'rp2' build argument 'cmake_args' from command line to 'None'
[0.286s] Level 5:colcon.colcon_core.verb:set package 'rp2' build argument 'cmake_target' from command line to 'None'
[0.286s] Level 5:colcon.colcon_core.verb:set package 'rp2' build argument 'cmake_target_skip_unavailable' from command line to 'False'
[0.286s] Level 5:colcon.colcon_core.verb:set package 'rp2' build argument 'cmake_clean_cache' from command line to 'False'
[0.286s] Level 5:colcon.colcon_core.verb:set package 'rp2' build argument 'cmake_clean_first' from command line to 'False'
[0.286s] Level 5:colcon.colcon_core.verb:set package 'rp2' build argument 'cmake_force_configure' from command line to 'False'
[0.286s] Level 5:colcon.colcon_core.verb:set package 'rp2' build argument 'ament_cmake_args' from command line to 'None'
[0.286s] Level 5:colcon.colcon_core.verb:set package 'rp2' build argument 'catkin_cmake_args' from command line to 'None'
[0.286s] Level 5:colcon.colcon_core.verb:set package 'rp2' build argument 'catkin_skip_building_tests' from command line to 'False'
[0.286s] DEBUG:colcon.colcon_core.verb:Building package 'rp2' with the following arguments: {'ament_cmake_args': None, 'build_base': '/home/kiki/ros2_rop/build/rp2', 'catkin_cmake_args': None, 'catkin_skip_building_tests': False, 'cmake_args': None, 'cmake_clean_cache': False, 'cmake_clean_first': False, 'cmake_force_configure': False, 'cmake_target': None, 'cmake_target_skip_unavailable': False, 'install_base': '/home/kiki/ros2_rop/install/rp2', 'merge_install': False, 'path': '/home/kiki/ros2_rop/src/rp2', 'symlink_install': False, 'test_result_base': None}
[0.286s] INFO:colcon.colcon_core.executor:Executing jobs using 'parallel' executor
[0.287s] DEBUG:colcon.colcon_parallel_executor.executor.parallel:run_until_complete
[0.287s] INFO:colcon.colcon_ros.task.ament_cmake.build:Building ROS package in '/home/kiki/ros2_rop/src/rp2_inter' with build type 'ament_cmake'
[0.288s] INFO:colcon.colcon_cmake.task.cmake.build:Building CMake package in '/home/kiki/ros2_rop/src/rp2_inter'
[0.289s] INFO:colcon.colcon_core.plugin_system:Skipping extension 'colcon_core.shell.bat': Not used on non-Windows systems
[0.289s] INFO:colcon.colcon_core.shell:Skip shell extension 'powershell' for command environment: Not usable outside of PowerShell
[0.289s] DEBUG:colcon.colcon_core.shell:Skip shell extension 'dsv' for command environment
[0.298s] DEBUG:colcon.colcon_core.event_handler.log_command:Invoking command in '/home/kiki/ros2_rop/build/rp2_inter': CMAKE_PREFIX_PATH=${CMAKE_PREFIX_PATH}:/home/kiki/ros2_rop/install/rp2:/home/kiki/turtlebot3_ws/install/turtlebot3_teleop:/home/kiki/turtlebot3_ws/install/turtlebot3_example:/opt/ros/humble /usr/bin/cmake --build /home/kiki/ros2_rop/build/rp2_inter -- -j16 -l16
[0.591s] DEBUG:colcon.colcon_core.event_handler.log_command:Invoked command in '/home/kiki/ros2_rop/build/rp2_inter' returned '0': CMAKE_PREFIX_PATH=${CMAKE_PREFIX_PATH}:/home/kiki/ros2_rop/install/rp2:/home/kiki/turtlebot3_ws/install/turtlebot3_teleop:/home/kiki/turtlebot3_ws/install/turtlebot3_example:/opt/ros/humble /usr/bin/cmake --build /home/kiki/ros2_rop/build/rp2_inter -- -j16 -l16
[0.708s] DEBUG:colcon.colcon_core.event_handler.log_command:Invoking command in '/home/kiki/ros2_rop/build/rp2_inter': CMAKE_PREFIX_PATH=${CMAKE_PREFIX_PATH}:/home/kiki/ros2_rop/install/rp2:/home/kiki/turtlebot3_ws/install/turtlebot3_teleop:/home/kiki/turtlebot3_ws/install/turtlebot3_example:/opt/ros/humble /usr/bin/cmake --install /home/kiki/ros2_rop/build/rp2_inter
[0.755s] Level 1:colcon.colcon_core.environment:create_environment_scripts_only(rp2_inter)
[0.755s] DEBUG:colcon.colcon_core.event_handler.log_command:Invoked command in '/home/kiki/ros2_rop/build/rp2_inter' returned '0': CMAKE_PREFIX_PATH=${CMAKE_PREFIX_PATH}:/home/kiki/ros2_rop/install/rp2:/home/kiki/turtlebot3_ws/install/turtlebot3_teleop:/home/kiki/turtlebot3_ws/install/turtlebot3_example:/opt/ros/humble /usr/bin/cmake --install /home/kiki/ros2_rop/build/rp2_inter
[0.757s] Level 1:colcon.colcon_core.environment:checking '/home/kiki/ros2_rop/install/rp2_inter' for CMake module files
[0.757s] Level 1:colcon.colcon_core.environment:checking '/home/kiki/ros2_rop/install/rp2_inter' for CMake config files
[0.758s] Level 1:colcon.colcon_core.shell:create_environment_hook('rp2_inter', 'cmake_prefix_path')
[0.758s] INFO:colcon.colcon_core.shell:Creating environment hook '/home/kiki/ros2_rop/install/rp2_inter/share/rp2_inter/hook/cmake_prefix_path.ps1'
[0.759s] INFO:colcon.colcon_core.shell:Creating environment descriptor '/home/kiki/ros2_rop/install/rp2_inter/share/rp2_inter/hook/cmake_prefix_path.dsv'
[0.759s] INFO:colcon.colcon_core.shell:Creating environment hook '/home/kiki/ros2_rop/install/rp2_inter/share/rp2_inter/hook/cmake_prefix_path.sh'
[0.759s] Level 1:colcon.colcon_core.environment:checking '/home/kiki/ros2_rop/install/rp2_inter/lib'
[0.760s] Level 1:colcon.colcon_core.shell:create_environment_hook('rp2_inter', 'ld_library_path_lib')
[0.760s] INFO:colcon.colcon_core.shell:Creating environment hook '/home/kiki/ros2_rop/install/rp2_inter/share/rp2_inter/hook/ld_library_path_lib.ps1'
[0.760s] INFO:colcon.colcon_core.shell:Creating environment descriptor '/home/kiki/ros2_rop/install/rp2_inter/share/rp2_inter/hook/ld_library_path_lib.dsv'
[0.760s] INFO:colcon.colcon_core.shell:Creating environment hook '/home/kiki/ros2_rop/install/rp2_inter/share/rp2_inter/hook/ld_library_path_lib.sh'
[0.760s] Level 1:colcon.colcon_core.environment:checking '/home/kiki/ros2_rop/install/rp2_inter/bin'
[0.760s] Level 1:colcon.colcon_core.environment:checking '/home/kiki/ros2_rop/install/rp2_inter/lib/pkgconfig/rp2_inter.pc'
[0.761s] Level 1:colcon.colcon_core.environment:checking '/home/kiki/ros2_rop/install/rp2_inter/lib/python3.10/site-packages'
[0.761s] Level 1:colcon.colcon_core.environment:checking '/home/kiki/ros2_rop/install/rp2_inter/bin'
[0.761s] INFO:colcon.colcon_core.shell:Creating package script '/home/kiki/ros2_rop/install/rp2_inter/share/rp2_inter/package.ps1'
[0.761s] INFO:colcon.colcon_core.shell:Creating package descriptor '/home/kiki/ros2_rop/install/rp2_inter/share/rp2_inter/package.dsv'
[0.762s] INFO:colcon.colcon_core.shell:Creating package script '/home/kiki/ros2_rop/install/rp2_inter/share/rp2_inter/package.sh'
[0.762s] INFO:colcon.colcon_core.shell:Creating package script '/home/kiki/ros2_rop/install/rp2_inter/share/rp2_inter/package.bash'
[0.763s] INFO:colcon.colcon_core.shell:Creating package script '/home/kiki/ros2_rop/install/rp2_inter/share/rp2_inter/package.zsh'
[0.763s] Level 1:colcon.colcon_core.environment:create_file_with_runtime_dependencies(/home/kiki/ros2_rop/install/rp2_inter/share/colcon-core/packages/rp2_inter)
[0.867s] Level 1:colcon.colcon_core.environment:create_environment_scripts_only(rp2_inter)
[0.867s] Level 1:colcon.colcon_core.environment:checking '/home/kiki/ros2_rop/install/rp2_inter' for CMake module files
[0.867s] Level 1:colcon.colcon_core.environment:checking '/home/kiki/ros2_rop/install/rp2_inter' for CMake config files
[0.868s] Level 1:colcon.colcon_core.shell:create_environment_hook('rp2_inter', 'cmake_prefix_path')
[0.868s] INFO:colcon.colcon_core.shell:Creating environment hook '/home/kiki/ros2_rop/install/rp2_inter/share/rp2_inter/hook/cmake_prefix_path.ps1'
[0.868s] INFO:colcon.colcon_core.shell:Creating environment descriptor '/home/kiki/ros2_rop/install/rp2_inter/share/rp2_inter/hook/cmake_prefix_path.dsv'
[0.869s] INFO:colcon.colcon_core.shell:Creating environment hook '/home/kiki/ros2_rop/install/rp2_inter/share/rp2_inter/hook/cmake_prefix_path.sh'
[0.869s] Level 1:colcon.colcon_core.environment:checking '/home/kiki/ros2_rop/install/rp2_inter/lib'
[0.869s] Level 1:colcon.colcon_core.shell:create_environment_hook('rp2_inter', 'ld_library_path_lib')
[0.869s] INFO:colcon.colcon_core.shell:Creating environment hook '/home/kiki/ros2_rop/install/rp2_inter/share/rp2_inter/hook/ld_library_path_lib.ps1'
[0.869s] INFO:colcon.colcon_core.shell:Creating environment descriptor '/home/kiki/ros2_rop/install/rp2_inter/share/rp2_inter/hook/ld_library_path_lib.dsv'
[0.870s] INFO:colcon.colcon_core.shell:Creating environment hook '/home/kiki/ros2_rop/install/rp2_inter/share/rp2_inter/hook/ld_library_path_lib.sh'
[0.870s] Level 1:colcon.colcon_core.environment:checking '/home/kiki/ros2_rop/install/rp2_inter/bin'
[0.870s] Level 1:colcon.colcon_core.environment:checking '/home/kiki/ros2_rop/install/rp2_inter/lib/pkgconfig/rp2_inter.pc'
[0.870s] Level 1:colcon.colcon_core.environment:checking '/home/kiki/ros2_rop/install/rp2_inter/lib/python3.10/site-packages'
[0.870s] Level 1:colcon.colcon_core.environment:checking '/home/kiki/ros2_rop/install/rp2_inter/bin'
[0.870s] INFO:colcon.colcon_core.shell:Creating package script '/home/kiki/ros2_rop/install/rp2_inter/share/rp2_inter/package.ps1'
[0.871s] INFO:colcon.colcon_core.shell:Creating package descriptor '/home/kiki/ros2_rop/install/rp2_inter/share/rp2_inter/package.dsv'
[0.871s] INFO:colcon.colcon_core.shell:Creating package script '/home/kiki/ros2_rop/install/rp2_inter/share/rp2_inter/package.sh'
[0.872s] INFO:colcon.colcon_core.shell:Creating package script '/home/kiki/ros2_rop/install/rp2_inter/share/rp2_inter/package.bash'
[0.872s] INFO:colcon.colcon_core.shell:Creating package script '/home/kiki/ros2_rop/install/rp2_inter/share/rp2_inter/package.zsh'
[0.872s] Level 1:colcon.colcon_core.environment:create_file_with_runtime_dependencies(/home/kiki/ros2_rop/install/rp2_inter/share/colcon-core/packages/rp2_inter)
[0.872s] INFO:colcon.colcon_ros.task.ament_python.build:Building ROS package in '/home/kiki/ros2_rop/src/rp2' with build type 'ament_python'
[0.872s] Level 1:colcon.colcon_core.shell:create_environment_hook('rp2', 'ament_prefix_path')
[0.872s] INFO:colcon.colcon_core.shell:Creating environment hook '/home/kiki/ros2_rop/install/rp2/share/rp2/hook/ament_prefix_path.ps1'
[0.873s] INFO:colcon.colcon_core.shell:Creating environment descriptor '/home/kiki/ros2_rop/install/rp2/share/rp2/hook/ament_prefix_path.dsv'
[0.873s] INFO:colcon.colcon_core.shell:Creating environment hook '/home/kiki/ros2_rop/install/rp2/share/rp2/hook/ament_prefix_path.sh'
[0.874s] INFO:colcon.colcon_core.shell:Skip shell extension 'powershell' for command environment: Not usable outside of PowerShell
[0.874s] DEBUG:colcon.colcon_core.shell:Skip shell extension 'dsv' for command environment
[1.083s] INFO:colcon.colcon_core.task.python.build:Building Python package in '/home/kiki/ros2_rop/src/rp2'
[1.083s] INFO:colcon.colcon_core.shell:Skip shell extension 'powershell' for command environment: Not usable outside of PowerShell
[1.083s] DEBUG:colcon.colcon_core.shell:Skip shell extension 'dsv' for command environment
[1.342s] DEBUG:colcon.colcon_core.event_handler.log_command:Invoking command in '/home/kiki/ros2_rop/src/rp2': CMAKE_PREFIX_PATH=/home/kiki/ros2_rop/install/rp2_inter:/home/kiki/ros2_rop/install/turtlesim:/home/kiki/turtlebot3_ws/install/turtlebot3:/home/kiki/turtlebot3_ws/install/turtlebot3_bringup:/home/kiki/turtlebot3_ws/install/turtlebot3_node:/home/kiki/turtlebot3_ws/install/turtlebot3_navigation2:/home/kiki/turtlebot3_ws/install/turtlebot3_msgs:/home/kiki/turtlebot3_ws/install/turtlebot3_description:/home/kiki/turtlebot3_ws/install/turtlebot3_cartographer:/home/kiki/turtlebot3_ws/install/dynamixel_sdk_examples:/home/kiki/turtlebot3_ws/install/dynamixel_sdk_custom_interfaces:/home/kiki/turtlebot3_ws/install/dynamixel_sdk LD_LIBRARY_PATH=/home/kiki/ros2_rop/install/rp2_inter/lib:/home/kiki/ros2_rop/install/turtlesim/lib:/home/kiki/turtlebot3_ws/install/turtlebot3_msgs/lib:/home/kiki/turtlebot3_ws/install/dynamixel_sdk_custom_interfaces/lib:/home/kiki/turtlebot3_ws/install/dynamixel_sdk/lib:/opt/ros/humble/opt/rviz_ogre_vendor/lib:/opt/ros/humble/lib/x86_64-linux-gnu:/opt/ros/humble/lib PYTHONPATH=/home/kiki/ros2_rop/build/rp2/prefix_override:/home/kiki/ros2_rop/install/rp2/lib/python3.10/site-packages:${PYTHONPATH} /usr/bin/python3 -W ignore:setup.py install is deprecated setup.py egg_info --egg-base ../../build/rp2 build --build-base /home/kiki/ros2_rop/build/rp2/build install --record /home/kiki/ros2_rop/build/rp2/install.log --single-version-externally-managed install_data
[1.567s] Level 1:colcon.colcon_core.environment:checking '/home/kiki/ros2_rop/install/rp2' for CMake module files
[1.567s] DEBUG:colcon.colcon_core.event_handler.log_command:Invoked command in '/home/kiki/ros2_rop/src/rp2' returned '0': CMAKE_PREFIX_PATH=/home/kiki/ros2_rop/install/rp2_inter:/home/kiki/ros2_rop/install/turtlesim:/home/kiki/turtlebot3_ws/install/turtlebot3:/home/kiki/turtlebot3_ws/install/turtlebot3_bringup:/home/kiki/turtlebot3_ws/install/turtlebot3_node:/home/kiki/turtlebot3_ws/install/turtlebot3_navigation2:/home/kiki/turtlebot3_ws/install/turtlebot3_msgs:/home/kiki/turtlebot3_ws/install/turtlebot3_description:/home/kiki/turtlebot3_ws/install/turtlebot3_cartographer:/home/kiki/turtlebot3_ws/install/dynamixel_sdk_examples:/home/kiki/turtlebot3_ws/install/dynamixel_sdk_custom_interfaces:/home/kiki/turtlebot3_ws/install/dynamixel_sdk LD_LIBRARY_PATH=/home/kiki/ros2_rop/install/rp2_inter/lib:/home/kiki/ros2_rop/install/turtlesim/lib:/home/kiki/turtlebot3_ws/install/turtlebot3_msgs/lib:/home/kiki/turtlebot3_ws/install/dynamixel_sdk_custom_interfaces/lib:/home/kiki/turtlebot3_ws/install/dynamixel_sdk/lib:/opt/ros/humble/opt/rviz_ogre_vendor/lib:/opt/ros/humble/lib/x86_64-linux-gnu:/opt/ros/humble/lib PYTHONPATH=/home/kiki/ros2_rop/build/rp2/prefix_override:/home/kiki/ros2_rop/install/rp2/lib/python3.10/site-packages:${PYTHONPATH} /usr/bin/python3 -W ignore:setup.py install is deprecated setup.py egg_info --egg-base ../../build/rp2 build --build-base /home/kiki/ros2_rop/build/rp2/build install --record /home/kiki/ros2_rop/build/rp2/install.log --single-version-externally-managed install_data
[1.568s] Level 1:colcon.colcon_core.environment:checking '/home/kiki/ros2_rop/install/rp2' for CMake config files
[1.568s] Level 1:colcon.colcon_core.environment:checking '/home/kiki/ros2_rop/install/rp2/lib'
[1.568s] Level 1:colcon.colcon_core.environment:checking '/home/kiki/ros2_rop/install/rp2/bin'
[1.568s] Level 1:colcon.colcon_core.environment:checking '/home/kiki/ros2_rop/install/rp2/lib/pkgconfig/rp2.pc'
[1.568s] Level 1:colcon.colcon_core.environment:checking '/home/kiki/ros2_rop/install/rp2/lib/python3.10/site-packages'
[1.568s] Level 1:colcon.colcon_core.shell:create_environment_hook('rp2', 'pythonpath')
[1.568s] INFO:colcon.colcon_core.shell:Creating environment hook '/home/kiki/ros2_rop/install/rp2/share/rp2/hook/pythonpath.ps1'
[1.569s] INFO:colcon.colcon_core.shell:Creating environment descriptor '/home/kiki/ros2_rop/install/rp2/share/rp2/hook/pythonpath.dsv'
[1.569s] INFO:colcon.colcon_core.shell:Creating environment hook '/home/kiki/ros2_rop/install/rp2/share/rp2/hook/pythonpath.sh'
[1.569s] Level 1:colcon.colcon_core.environment:checking '/home/kiki/ros2_rop/install/rp2/bin'
[1.569s] Level 1:colcon.colcon_core.environment:create_environment_scripts_only(rp2)
[1.570s] INFO:colcon.colcon_core.shell:Creating package script '/home/kiki/ros2_rop/install/rp2/share/rp2/package.ps1'
[1.570s] INFO:colcon.colcon_core.shell:Creating package descriptor '/home/kiki/ros2_rop/install/rp2/share/rp2/package.dsv'
[1.570s] INFO:colcon.colcon_core.shell:Creating package script '/home/kiki/ros2_rop/install/rp2/share/rp2/package.sh'
[1.570s] INFO:colcon.colcon_core.shell:Creating package script '/home/kiki/ros2_rop/install/rp2/share/rp2/package.bash'
[1.571s] INFO:colcon.colcon_core.shell:Creating package script '/home/kiki/ros2_rop/install/rp2/share/rp2/package.zsh'
[1.571s] Level 1:colcon.colcon_core.environment:create_file_with_runtime_dependencies(/home/kiki/ros2_rop/install/rp2/share/colcon-core/packages/rp2)
[1.571s] DEBUG:colcon.colcon_parallel_executor.executor.parallel:closing loop
[1.571s] DEBUG:colcon.colcon_parallel_executor.executor.parallel:loop closed
[1.571s] DEBUG:colcon.colcon_parallel_executor.executor.parallel:run_until_complete finished with '0'
[1.572s] DEBUG:colcon.colcon_core.event_reactor:joining thread
[1.576s] INFO:colcon.colcon_core.plugin_system:Skipping extension 'colcon_notification.desktop_notification.terminal_notifier': Not used on non-Darwin systems
[1.576s] INFO:colcon.colcon_core.plugin_system:Skipping extension 'colcon_notification.desktop_notification.win32': Not used on non-Windows systems
[1.576s] INFO:colcon.colcon_notification.desktop_notification:Sending desktop notification using 'notify2'
[1.586s] DEBUG:colcon.colcon_core.event_reactor:joined thread
[1.586s] INFO:colcon.colcon_core.shell:Creating prefix script '/home/kiki/ros2_rop/install/local_setup.ps1'
[1.587s] INFO:colcon.colcon_core.shell:Creating prefix util module '/home/kiki/ros2_rop/install/_local_setup_util_ps1.py'
[1.588s] INFO:colcon.colcon_core.shell:Creating prefix chain script '/home/kiki/ros2_rop/install/setup.ps1'
[1.589s] INFO:colcon.colcon_core.shell:Creating prefix script '/home/kiki/ros2_rop/install/local_setup.sh'
[1.589s] INFO:colcon.colcon_core.shell:Creating prefix util module '/home/kiki/ros2_rop/install/_local_setup_util_sh.py'
[1.590s] INFO:colcon.colcon_core.shell:Creating prefix chain script '/home/kiki/ros2_rop/install/setup.sh'
[1.591s] INFO:colcon.colcon_core.shell:Creating prefix script '/home/kiki/ros2_rop/install/local_setup.bash'
[1.591s] INFO:colcon.colcon_core.shell:Creating prefix chain script '/home/kiki/ros2_rop/install/setup.bash'
[1.592s] INFO:colcon.colcon_core.shell:Creating prefix script '/home/kiki/ros2_rop/install/local_setup.zsh'
[1.592s] INFO:colcon.colcon_core.shell:Creating prefix chain script '/home/kiki/ros2_rop/install/setup.zsh'
